Replace Part C1 Cap in C:\Users\Public\Documents\Altium\pnuematic board rev1.SchDoc with Cap from Miscellaneous Devices.IntLib
Replace Part D1 LED2 in C:\Users\Public\Documents\Altium\pnuematic board rev1.SchDoc with LED2 from Miscellaneous Devices.IntLib
Replace Part D2 LED2 in C:\Users\Public\Documents\Altium\pnuematic board rev1.SchDoc with LED2 from Miscellaneous Devices.IntLib
Replace Part D3 LED2 in C:\Users\Public\Documents\Altium\pnuematic board rev1.SchDoc with LED2 from Miscellaneous Devices.IntLib
Replace Part D4 LED2 in C:\Users\Public\Documents\Altium\pnuematic board rev1.SchDoc with LED2 from Miscellaneous Devices.IntLib
Replace Part D5 LED2 in C:\Users\Public\Documents\Altium\pnuematic board rev1.SchDoc with LED2 from Miscellaneous Devices.IntLib
Replace Part D7 LED2 in C:\Users\Public\Documents\Altium\pnuematic board rev1.SchDoc with LED2 from Miscellaneous Devices.IntLib
Replace Part D7D6 LED2 in C:\Users\Public\Documents\Altium\pnuematic board rev1.SchDoc with LED2 from Miscellaneous Devices.IntLib
Replace Part D8 LED2 in C:\Users\Public\Documents\Altium\pnuematic board rev1.SchDoc with LED2 from Miscellaneous Devices.IntLib
Replace Part D9 LED2 in C:\Users\Public\Documents\Altium\pnuematic board rev1.SchDoc with LED2 from Miscellaneous Devices.IntLib
Replace Part D10 LED2 in C:\Users\Public\Documents\Altium\pnuematic board rev1.SchDoc with LED2 from Miscellaneous Devices.IntLib
Replace Part D11 LED2 in C:\Users\Public\Documents\Altium\pnuematic board rev1.SchDoc with LED2 from Miscellaneous Devices.IntLib
Replace Part D12 LED2 in C:\Users\Public\Documents\Altium\pnuematic board rev1.SchDoc with LED2 from Miscellaneous Devices.IntLib
Replace Part P1 Header 2 in C:\Users\Public\Documents\Altium\pnuematic board rev1.SchDoc with Header 2 from Miscellaneous Connectors.IntLib
Replace Part P2 Header 2 in C:\Users\Public\Documents\Altium\pnuematic board rev1.SchDoc with Header 2 from Miscellaneous Connectors.IntLib
Replace Part P3 Header 2 in C:\Users\Public\Documents\Altium\pnuematic board rev1.SchDoc with Header 2 from Miscellaneous Connectors.IntLib
Replace Part P4 Header 2 in C:\Users\Public\Documents\Altium\pnuematic board rev1.SchDoc with Header 2 from Miscellaneous Connectors.IntLib
Replace Part P5 Header 2 in C:\Users\Public\Documents\Altium\pnuematic board rev1.SchDoc with Header 2 from Miscellaneous Connectors.IntLib
Replace Part P6 Header 2 in C:\Users\Public\Documents\Altium\pnuematic board rev1.SchDoc with Header 2 from Miscellaneous Connectors.IntLib
Replace Part P7 Header 2 in C:\Users\Public\Documents\Altium\pnuematic board rev1.SchDoc with Header 2 from Miscellaneous Connectors.IntLib
Replace Part P8 Header 2 in C:\Users\Public\Documents\Altium\pnuematic board rev1.SchDoc with Header 2 from Miscellaneous Connectors.IntLib
Replace Part P9 Header 2 in C:\Users\Public\Documents\Altium\pnuematic board rev1.SchDoc with Header 2 from Miscellaneous Connectors.IntLib
Replace Part P10 Header 2 in C:\Users\Public\Documents\Altium\pnuematic board rev1.SchDoc with Header 2 from Miscellaneous Connectors.IntLib
Replace Part P11 Header 2 in C:\Users\Public\Documents\Altium\pnuematic board rev1.SchDoc with Header 2 from Miscellaneous Connectors.IntLib
Replace Part P12 Header 2 in C:\Users\Public\Documents\Altium\pnuematic board rev1.SchDoc with Header 2 from Miscellaneous Connectors.IntLib
Replace Part P13 Header 15 in C:\Users\Public\Documents\Altium\pnuematic board rev1.SchDoc with Header 15 from Miscellaneous Connectors.IntLib
Replace Part P14 Header 15 in C:\Users\Public\Documents\Altium\pnuematic board rev1.SchDoc with Header 15 from Miscellaneous Connectors.IntLib
Replace Part Q1 2N7002 in C:\Users\Public\Documents\Altium\pnuematic board rev1.SchDoc with 2N7002 from Infineon_Power_MOSFET.IntLib
Replace Part Q2 2N7002 in C:\Users\Public\Documents\Altium\pnuematic board rev1.SchDoc with 2N7002 from Infineon_Power_MOSFET.IntLib
Replace Part Q3 2N7002 in C:\Users\Public\Documents\Altium\pnuematic board rev1.SchDoc with 2N7002 from Infineon_Power_MOSFET.IntLib
Replace Part Q4 2N7002 in C:\Users\Public\Documents\Altium\pnuematic board rev1.SchDoc with 2N7002 from Infineon_Power_MOSFET.IntLib
Replace Part Q5 2N7002 in C:\Users\Public\Documents\Altium\pnuematic board rev1.SchDoc with 2N7002 from Infineon_Power_MOSFET.IntLib
Replace Part Q6 2N7002 in C:\Users\Public\Documents\Altium\pnuematic board rev1.SchDoc with 2N7002 from Infineon_Power_MOSFET.IntLib
Replace Part Q7 2N7002 in C:\Users\Public\Documents\Altium\pnuematic board rev1.SchDoc with 2N7002 from Infineon_Power_MOSFET.IntLib
Replace Part Q8 2N7002 in C:\Users\Public\Documents\Altium\pnuematic board rev1.SchDoc with 2N7002 from Infineon_Power_MOSFET.IntLib
Replace Part Q9 2N7002 in C:\Users\Public\Documents\Altium\pnuematic board rev1.SchDoc with 2N7002 from Infineon_Power_MOSFET.IntLib
Replace Part Q10 2N7002 in C:\Users\Public\Documents\Altium\pnuematic board rev1.SchDoc with 2N7002 from Infineon_Power_MOSFET.IntLib
Replace Part Q11 2N7002 in C:\Users\Public\Documents\Altium\pnuematic board rev1.SchDoc with 2N7002 from Infineon_Power_MOSFET.IntLib
Replace Part Q12 2N7002 in C:\Users\Public\Documents\Altium\pnuematic board rev1.SchDoc with 2N7002 from Infineon_Power_MOSFET.IntLib
Replace Part R1 Res3 in C:\Users\Public\Documents\Altium\pnuematic board rev1.SchDoc with Res3 from Miscellaneous Devices.IntLib
Replace Part R2 Res3 in C:\Users\Public\Documents\Altium\pnuematic board rev1.SchDoc with Res3 from Miscellaneous Devices.IntLib
Replace Part R3 Res3 in C:\Users\Public\Documents\Altium\pnuematic board rev1.SchDoc with Res3 from Miscellaneous Devices.IntLib
Replace Part R4 Res3 in C:\Users\Public\Documents\Altium\pnuematic board rev1.SchDoc with Res3 from Miscellaneous Devices.IntLib
Replace Part R5 Res3 in C:\Users\Public\Documents\Altium\pnuematic board rev1.SchDoc with Res3 from Miscellaneous Devices.IntLib
Replace Part R6 Res3 in C:\Users\Public\Documents\Altium\pnuematic board rev1.SchDoc with Res3 from Miscellaneous Devices.IntLib
Replace Part R7 Res3 in C:\Users\Public\Documents\Altium\pnuematic board rev1.SchDoc with Res3 from Miscellaneous Devices.IntLib
Replace Part R8 Res3 in C:\Users\Public\Documents\Altium\pnuematic board rev1.SchDoc with Res3 from Miscellaneous Devices.IntLib
Replace Part R9 Res3 in C:\Users\Public\Documents\Altium\pnuematic board rev1.SchDoc with Res3 from Miscellaneous Devices.IntLib
Replace Part R10 Res3 in C:\Users\Public\Documents\Altium\pnuematic board rev1.SchDoc with Res3 from Miscellaneous Devices.IntLib
Replace Part R11 Res3 in C:\Users\Public\Documents\Altium\pnuematic board rev1.SchDoc with Res3 from Miscellaneous Devices.IntLib
Replace Part R12 Res3 in C:\Users\Public\Documents\Altium\pnuematic board rev1.SchDoc with Res3 from Miscellaneous Devices.IntLib
