Added Component: Designator=C1(C0603)
Added Component: Designator=C2(C0603)
Added Component: Designator=C3(C0603)
Added Component: Designator=C4(C0402)
Added Component: Designator=C5(C0402)
Added Component: Designator=C6(C0402)
Added Component: Designator=C7(C0402)
Added Component: Designator=C8(C0402)
Added Component: Designator=R1(R0603)
Added Component: Designator=R2(R0603)
Added Component: Designator=R3(R0603)
Added Component: Designator=R4(R0603)
Added Component: Designator=R5(R0603)
Added Component: Designator=U1(TC1185-SOT23-5)
Added Component: Designator=U2(PCA9306-SO8)
Added Component: Designator=U3(MCP3221-SOT23-5)
Added Component: Designator=U4(SP3232E-SSOP16)
Added Component: Designator=X1(70555-0037)
Added Component: Designator=X2(70555-0003)
Added Pin To Net: NetName=3V3 Pin=C4-1
Added Pin To Net: NetName=3V3 Pin=R4-2
Added Pin To Net: NetName=3V3 Pin=R5-2
Added Pin To Net: NetName=3V3 Pin=U2-VREF1
Added Pin To Net: NetName=3V3 Pin=U4-16
Added Net: Name=3V3
Added Pin To Net: NetName=5V Pin=C3-1
Added Pin To Net: NetName=5V Pin=R1-2
Added Pin To Net: NetName=5V Pin=R2-2
Added Pin To Net: NetName=5V Pin=R3-2
Added Pin To Net: NetName=5V Pin=U1-VOUT
Added Pin To Net: NetName=5V Pin=U3-VDD
Added Pin To Net: NetName=5V Pin=X1-1
Added Net: Name=5V
Added Pin To Net: NetName=6V Pin=C1-1
Added Pin To Net: NetName=6V Pin=U1-SHDN
Added Pin To Net: NetName=6V Pin=U1-VIN
Added Net: Name=6V
Added Pin To Net: NetName=9V Pin=X2-1
Added Net: Name=9V
Added Pin To Net: NetName=GND Pin=C1-2
Added Pin To Net: NetName=GND Pin=C2-2
Added Pin To Net: NetName=GND Pin=C3-2
Added Pin To Net: NetName=GND Pin=C4-2
Added Pin To Net: NetName=GND Pin=C5-2
Added Pin To Net: NetName=GND Pin=C7-2
Added Pin To Net: NetName=GND Pin=U1-GND
Added Pin To Net: NetName=GND Pin=U2-GND
Added Pin To Net: NetName=GND Pin=U3-VSS
Added Pin To Net: NetName=GND Pin=U4-15
Added Pin To Net: NetName=GND Pin=X1-3
Added Pin To Net: NetName=GND Pin=X2-4
Added Net: Name=GND
Added Pin To Net: NetName=NetC2_1 Pin=C2-1
Added Pin To Net: NetName=NetC2_1 Pin=U1-BYPASS
Added Net: Name=NetC2_1
Added Pin To Net: NetName=NetC5_1 Pin=C5-1
Added Pin To Net: NetName=NetC5_1 Pin=U4-2
Added Net: Name=NetC5_1
Added Pin To Net: NetName=NetC6_1 Pin=C6-1
Added Pin To Net: NetName=NetC6_1 Pin=U4-1
Added Net: Name=NetC6_1
Added Pin To Net: NetName=NetC6_2 Pin=C6-2
Added Pin To Net: NetName=NetC6_2 Pin=U4-3
Added Net: Name=NetC6_2
Added Pin To Net: NetName=NetC7_1 Pin=C7-1
Added Pin To Net: NetName=NetC7_1 Pin=U4-6
Added Net: Name=NetC7_1
Added Pin To Net: NetName=NetC8_1 Pin=C8-1
Added Pin To Net: NetName=NetC8_1 Pin=U4-4
Added Net: Name=NetC8_1
Added Pin To Net: NetName=NetC8_2 Pin=C8-2
Added Pin To Net: NetName=NetC8_2 Pin=U4-5
Added Net: Name=NetC8_2
Added Pin To Net: NetName=NetR1_1 Pin=R1-1
Added Pin To Net: NetName=NetR1_1 Pin=U2-EN
Added Pin To Net: NetName=NetR1_1 Pin=U2-VREF2
Added Net: Name=NetR1_1
Added Pin To Net: NetName=NetR2_1 Pin=R2-1
Added Pin To Net: NetName=NetR2_1 Pin=U2-SDA2
Added Pin To Net: NetName=NetR2_1 Pin=U3-SDA
Added Net: Name=NetR2_1
Added Pin To Net: NetName=NetR3_1 Pin=R3-1
Added Pin To Net: NetName=NetR3_1 Pin=U2-SCL2
Added Pin To Net: NetName=NetR3_1 Pin=U3-SCL
Added Net: Name=NetR3_1
Added Pin To Net: NetName=NetU3_AIN Pin=U3-AIN
Added Pin To Net: NetName=NetU3_AIN Pin=X1-2
Added Net: Name=NetU3_AIN
Added Pin To Net: NetName=NetU4_13 Pin=U4-13
Added Pin To Net: NetName=NetU4_13 Pin=X2-3
Added Net: Name=NetU4_13
Added Pin To Net: NetName=NetU4_14 Pin=U4-14
Added Pin To Net: NetName=NetU4_14 Pin=X2-2
Added Net: Name=NetU4_14
Added Pin To Net: NetName=SCL Pin=R5-1
Added Pin To Net: NetName=SCL Pin=U2-SCL1
Added Net: Name=SCL
Added Pin To Net: NetName=SDA Pin=R4-1
Added Pin To Net: NetName=SDA Pin=U2-SDA1
Added Net: Name=SDA
Added Class: Name=Sensor Board
