Added Component: Designator=U3(PCA9306-SO8)
Added Component: Designator=U14(SP3232E-SSOP16)
Added Pin To Net: NetName=3V3 Pin=U3-VREF1
Added Pin To Net: NetName=3V3 Pin=U14-16
Added Net: Name=3V3
Added Net: Name=5V_DEPTH
Added Net: Name=5V
Added Net: Name=6V
Added Net: Name=9V
Added Pin To Net: NetName=GND Pin=U3-GND
Added Pin To Net: NetName=GND Pin=U14-15
Added Net: Name=GND
Added Net: Name=NetC1_2
Added Pin To Net: NetName=NetC40_1 Pin=U14-1
Added Net: Name=NetC40_1
Added Pin To Net: NetName=NetC40_2 Pin=U14-3
Added Net: Name=NetC40_2
Added Pin To Net: NetName=NetC41_1 Pin=U14-2
Added Net: Name=NetC41_1
Added Pin To Net: NetName=NetC43_1 Pin=U14-4
Added Net: Name=NetC43_1
Added Pin To Net: NetName=NetC43_2 Pin=U14-5
Added Net: Name=NetC43_2
Added Pin To Net: NetName=NetC44_1 Pin=U14-6
Added Net: Name=NetC44_1
Added Pin To Net: NetName=NetR26_1 Pin=U3-EN
Added Pin To Net: NetName=NetR26_1 Pin=U3-VREF2
Added Net: Name=NetR26_1
Added Pin To Net: NetName=NetR29_1 Pin=U3-SCL2
Added Net: Name=NetR29_1
Added Pin To Net: NetName=NetR30_1 Pin=U3-SDA2
Added Net: Name=NetR30_1
Added Net: Name=NetU6_AIN
Added Pin To Net: NetName=NetU14_13 Pin=U14-13
Added Net: Name=NetU14_13
Added Pin To Net: NetName=NetU14_14 Pin=U14-14
Added Net: Name=NetU14_14
Added Pin To Net: NetName=SCL Pin=U3-SCL1
Added Net: Name=SCL
Added Pin To Net: NetName=SDA Pin=U3-SDA1
Added Net: Name=SDA
Added Class: Name=Sensor Board
Added Room: Name=Sensor Board
