Removed Pin From Net: NetName=GND Pin=C4-2
Removed Pin From Net: NetName=GND Pin=C5-2
Removed Pin From Net: NetName=GND Pin=C6-2
Removed Pin From Net: NetName=GND Pin=C7-2
Removed Pin From Net: NetName=GND Pin=C9-2
Removed Pin From Net: NetName=GND Pin=C10-2
Removed Pin From Net: NetName=GND Pin=C11-2
Removed Pin From Net: NetName=GND Pin=C12-2
Removed Pin From Net: NetName=GND Pin=C14-2
Removed Pin From Net: NetName=GND Pin=C15-2
Removed Pin From Net: NetName=GND Pin=D3-2
Removed Pin From Net: NetName=GND Pin=PSU1-1
Removed Pin From Net: NetName=SCK Pin=PSU1-3
Removed Pin From Net: NetName=GND Pin=PSU1-7
Removed Pin From Net: NetName=GND Pin=R10-1
Removed Pin From Net: NetName=GND Pin=R12-1
Removed Pin From Net: NetName=GND Pin=R13-1
Removed Pin From Net: NetName=GND Pin=U6-GND
Removed Pin From Net: NetName=GND Pin=U7-GND
Removed Member From Class: ClassName=U_Power Conditioning Member=F1
Added Component: Designator=F2(00300210N)
Added Component: Designator=F3(00300210N)
Added Component: Designator=F4(00300210N)
Added Pin To Net: NetName=NetD4D_1 Pin=F1-1
Added Pin To Net: NetName=NetD4D_1 Pin=F1-1
Added Pin To Net: NetName=NetD4B_1 Pin=F2-1
Added Pin To Net: NetName=NetD4B_1 Pin=F2-1
Added Pin To Net: NetName=NetD4C_1 Pin=F3-1
Added Pin To Net: NetName=NetD4C_1 Pin=F3-1
Added Pin To Net: NetName=NetD4A_1 Pin=F4-1
Added Pin To Net: NetName=NetD4A_1 Pin=F4-1
Added Pin To Net: NetName=NetR1_2 Pin=R1-2
Added Pin To Net: NetName=NetR1_2 Pin=U1-2
Added Net: Name=NetR1_2
Added Member To Class: ClassName=Overview Member=Component F1 Fuse
Added Member To Class: ClassName=Overview Member=Component F2 Fuse
Added Member To Class: ClassName=Overview Member=Component F3 Fuse
Added Member To Class: ClassName=Overview Member=Component F4 Fuse
Change Room Name: Old Name=U_Power Distribution New Name=Overview
Change Room Scope: Old Scope=InComponentClass('U_Power Distribution') New Scope=InComponentClass('Overview')
