Added Component: Designator=C1(RADIAL-5MM)
Added Component: Designator=C2(C1210)
Added Component: Designator=C3(C0805)
Added Component: Designator=C4(C0805)
Added Component: Designator=C5(C0805)
Added Component: Designator=C6(C1206)
Added Component: Designator=C7(C0805)
Added Component: Designator=C8(C0805)
Added Component: Designator=C9(C0805)
Added Component: Designator=C10(C0805)
Added Component: Designator=C11(C0805)
Added Component: Designator=C12(C0805)
Added Component: Designator=C13(C0805)
Added Component: Designator=C14(C0805)
Added Component: Designator=C15_D1(C0603)
Added Component: Designator=C15_D2(C0603)
Added Component: Designator=C15_D3(C0603)
Added Component: Designator=C15_D4(C0603)
Added Component: Designator=C16(C0402)
Added Component: Designator=D1(DO-35-0.3)
Added Component: Designator=D2(DO-35-0.3)
Added Component: Designator=D3_D1(ONSC-SOD-523-2-502-01_C_V)
Added Component: Designator=D3_D2(ONSC-SOD-523-2-502-01_C_V)
Added Component: Designator=D3_D3(ONSC-SOD-523-2-502-01_C_V)
Added Component: Designator=D3_D4(ONSC-SOD-523-2-502-01_C_V)
Added Component: Designator=D4_D1(ONSC-SMA-2-403D-02_C_V)
Added Component: Designator=D4_D2(ONSC-SMA-2-403D-02_C_V)
Added Component: Designator=D4_D3(ONSC-SMA-2-403D-02_C_V)
Added Component: Designator=D4_D4(ONSC-SMA-2-403D-02_C_V)
Added Component: Designator=D5_D1(ONSC-SMA-2-403D-02_C_V)
Added Component: Designator=D5_D2(ONSC-SMA-2-403D-02_C_V)
Added Component: Designator=D5_D3(ONSC-SMA-2-403D-02_C_V)
Added Component: Designator=D5_D4(ONSC-SMA-2-403D-02_C_V)
Added Component: Designator=D10(SCHOTTKY-B220/A)
Added Component: Designator=L1(INDUCTOR-WE-PD)
Added Component: Designator=P1(HDR2X2)
Added Component: Designator=P2(HDR1X2)
Added Component: Designator=P3(HDR1X2)
Added Component: Designator=PSU1(PTN78020)
Added Component: Designator=Q2(2N7002-SOT23)
Added Component: Designator=Q3_D1(INF-PG-DSO-8-3_N)
Added Component: Designator=Q3_D2(INF-PG-DSO-8-3_N)
Added Component: Designator=Q3_D3(INF-PG-DSO-8-3_N)
Added Component: Designator=Q3_D4(INF-PG-DSO-8-3_N)
Added Component: Designator=R1(R0603)
Added Component: Designator=R1(R0603)
Added Component: Designator=R1(R0603)
Added Component: Designator=R2(R0603)
Added Component: Designator=R2(R0603)
Added Component: Designator=R2(R0603)
Added Component: Designator=R3(R0603)
Added Component: Designator=R4(R0805)
Added Component: Designator=R5(R0805)
Added Component: Designator=R6(R0805)
Added Component: Designator=R7(R0805)
Added Component: Designator=R8(R0603)
Added Component: Designator=R9_D1(J1-0603)
Added Component: Designator=R9_D2(J1-0603)
Added Component: Designator=R9_D3(J1-0603)
Added Component: Designator=R9_D4(J1-0603)
Added Component: Designator=Rel1(JW2SN-DC24V)
Added Component: Designator=Rel2(JW2SN-DC24V)
Added Component: Designator=S1(FSM2JSMA)
Added Component: Designator=S2(FSM2JSMA)
Added Component: Designator=S3(FSM2JSMA)
Added Component: Designator=U1(XC6701B332MR)
Added Component: Designator=U2(AC712 Current Sensor)
Added Component: Designator=U3(AC712 Current Sensor)
Added Component: Designator=U4(AC712 Current Sensor)
Added Component: Designator=U5(L7809CD2T-D2PAK)
Added Component: Designator=U6(TPS54231-SOIC8)
Added Component: Designator=U7(44A_N)
Added Component: Designator=U8_D1(LT-MS8-8_N)
Added Component: Designator=U8_D2(LT-MS8-8_N)
Added Component: Designator=U8_D3(LT-MS8-8_N)
Added Component: Designator=U8_D4(LT-MS8-8_N)
Added Net: Name=3V3
Added Pin To Net: NetName=5V Pin=C6-1
Added Pin To Net: NetName=5V Pin=L1-1
Added Pin To Net: NetName=5V Pin=R5-2
Added Pin To Net: NetName=5V Pin=U2-3
Added Pin To Net: NetName=5V Pin=U3-3
Added Pin To Net: NetName=5V Pin=U4-3
Added Net: Name=5V
Added Pin To Net: NetName=9V Pin=C4-1
Added Pin To Net: NetName=9V Pin=U5-OUTPUT
Added Net: Name=9V
Added Pin To Net: NetName=12V Pin=C1-1
Added Pin To Net: NetName=12V Pin=C3-1
Added Pin To Net: NetName=12V Pin=C7-1
Added Pin To Net: NetName=12V Pin=C8-1
Added Pin To Net: NetName=12V Pin=C9-1
Added Pin To Net: NetName=12V Pin=PSU1-5
Added Pin To Net: NetName=12V Pin=PSU1-6
Added Pin To Net: NetName=12V Pin=U5-INPUT
Added Pin To Net: NetName=12V Pin=U6-VIN
Added Net: Name=12V
Added Pin To Net: NetName=GND Pin=C1-2
Added Pin To Net: NetName=GND Pin=C2-2
Added Pin To Net: NetName=GND Pin=C3-2
Added Pin To Net: NetName=GND Pin=C4-2
Added Pin To Net: NetName=GND Pin=C6-2
Added Pin To Net: NetName=GND Pin=C7-2
Added Pin To Net: NetName=GND Pin=C8-2
Added Pin To Net: NetName=GND Pin=C9-2
Added Pin To Net: NetName=GND Pin=C11-2
Added Pin To Net: NetName=GND Pin=C12-2
Added Pin To Net: NetName=GND Pin=C13-2
Added Pin To Net: NetName=GND Pin=C14-2
Added Pin To Net: NetName=GND Pin=C15_D1-2
Added Pin To Net: NetName=GND Pin=C15_D2-2
Added Pin To Net: NetName=GND Pin=C15_D3-2
Added Pin To Net: NetName=GND Pin=C15_D4-2
Added Pin To Net: NetName=GND Pin=C16-2
Added Pin To Net: NetName=GND Pin=D5_D1-2
Added Pin To Net: NetName=GND Pin=D5_D2-2
Added Pin To Net: NetName=GND Pin=D5_D3-2
Added Pin To Net: NetName=GND Pin=D5_D4-2
Added Pin To Net: NetName=GND Pin=D10-2
Added Pin To Net: NetName=GND Pin=P1-1
Added Pin To Net: NetName=GND Pin=P1-3
Added Pin To Net: NetName=GND Pin=PSU1-1
Added Pin To Net: NetName=GND Pin=PSU1-7
Added Pin To Net: NetName=GND Pin=Q2-S
Added Pin To Net: NetName=GND Pin=R2-1
Added Pin To Net: NetName=GND Pin=R2-1
Added Pin To Net: NetName=GND Pin=R2-1
Added Pin To Net: NetName=GND Pin=R4-1
Added Pin To Net: NetName=GND Pin=R6-1
Added Pin To Net: NetName=GND Pin=R7-1
Added Pin To Net: NetName=GND Pin=R9_D1-1
Added Pin To Net: NetName=GND Pin=R9_D2-1
Added Pin To Net: NetName=GND Pin=R9_D3-1
Added Pin To Net: NetName=GND Pin=R9_D4-1
Added Pin To Net: NetName=GND Pin=S1-1
Added Pin To Net: NetName=GND Pin=S1-2
Added Pin To Net: NetName=GND Pin=S2-3
Added Pin To Net: NetName=GND Pin=S2-4
Added Pin To Net: NetName=GND Pin=S3-1
Added Pin To Net: NetName=GND Pin=S3-2
Added Pin To Net: NetName=GND Pin=U1-Vss
Added Pin To Net: NetName=GND Pin=U2-5
Added Pin To Net: NetName=GND Pin=U3-5
Added Pin To Net: NetName=GND Pin=U4-5
Added Pin To Net: NetName=GND Pin=U5-GND
Added Pin To Net: NetName=GND Pin=U6-GND
Added Pin To Net: NetName=GND Pin=U7-8
Added Pin To Net: NetName=GND Pin=U7-18
Added Pin To Net: NetName=GND Pin=U7-30
Added Pin To Net: NetName=GND Pin=U7-38
Added Net: Name=GND
Added Pin To Net: NetName=MISO Pin=U7-26
Added Net: Name=MISO
Added Pin To Net: NetName=MOSI Pin=U7-25
Added Net: Name=MOSI
Added Pin To Net: NetName=NetC2_1 Pin=C2-1
Added Pin To Net: NetName=NetC2_1 Pin=PSU1-2
Added Net: Name=NetC2_1
Added Pin To Net: NetName=NetC5_1 Pin=C5-1
Added Pin To Net: NetName=NetC5_1 Pin=D10-1
Added Pin To Net: NetName=NetC5_1 Pin=L1-2
Added Pin To Net: NetName=NetC5_1 Pin=U6-PH
Added Net: Name=NetC5_1
Added Pin To Net: NetName=NetC5_2 Pin=C5-2
Added Pin To Net: NetName=NetC5_2 Pin=U6-BOOT
Added Net: Name=NetC5_2
Added Pin To Net: NetName=NetC10_1 Pin=C10-1
Added Pin To Net: NetName=NetC10_1 Pin=C11-1
Added Pin To Net: NetName=NetC10_1 Pin=U6-COMP
Added Net: Name=NetC10_1
Added Pin To Net: NetName=NetC10_2 Pin=C10-2
Added Pin To Net: NetName=NetC10_2 Pin=R7-2
Added Net: Name=NetC10_2
Added Pin To Net: NetName=NetC12_1 Pin=C12-1
Added Pin To Net: NetName=NetC12_1 Pin=U6-SS
Added Net: Name=NetC12_1
Added Pin To Net: NetName=NetC14_1 Pin=C14-1
Added Pin To Net: NetName=NetC14_1 Pin=U1-CE
Added Pin To Net: NetName=NetC14_1 Pin=U1-Vin
Added Net: Name=NetC14_1
Added Pin To Net: NetName=NetC15_D1_1 Pin=C15_D1-1
Added Pin To Net: NetName=NetC15_D1_1 Pin=C15_D2-1
Added Pin To Net: NetName=NetC15_D1_1 Pin=Q3_D1-5
Added Pin To Net: NetName=NetC15_D1_1 Pin=Q3_D1-6
Added Pin To Net: NetName=NetC15_D1_1 Pin=Q3_D1-7
Added Pin To Net: NetName=NetC15_D1_1 Pin=Q3_D1-8
Added Pin To Net: NetName=NetC15_D1_1 Pin=Q3_D2-5
Added Pin To Net: NetName=NetC15_D1_1 Pin=Q3_D2-6
Added Pin To Net: NetName=NetC15_D1_1 Pin=Q3_D2-7
Added Pin To Net: NetName=NetC15_D1_1 Pin=Q3_D2-8
Added Pin To Net: NetName=NetC15_D1_1 Pin=Rel1-6
Added Pin To Net: NetName=NetC15_D1_1 Pin=U8_D1-8
Added Pin To Net: NetName=NetC15_D1_1 Pin=U8_D2-8
Added Net: Name=NetC15_D1_1
Added Pin To Net: NetName=NetC15_D3_1 Pin=C15_D3-1
Added Pin To Net: NetName=NetC15_D3_1 Pin=C15_D4-1
Added Pin To Net: NetName=NetC15_D3_1 Pin=Q3_D3-5
Added Pin To Net: NetName=NetC15_D3_1 Pin=Q3_D3-6
Added Pin To Net: NetName=NetC15_D3_1 Pin=Q3_D3-7
Added Pin To Net: NetName=NetC15_D3_1 Pin=Q3_D3-8
Added Pin To Net: NetName=NetC15_D3_1 Pin=Q3_D4-5
Added Pin To Net: NetName=NetC15_D3_1 Pin=Q3_D4-6
Added Pin To Net: NetName=NetC15_D3_1 Pin=Q3_D4-7
Added Pin To Net: NetName=NetC15_D3_1 Pin=Q3_D4-8
Added Pin To Net: NetName=NetC15_D3_1 Pin=Rel1-3
Added Pin To Net: NetName=NetC15_D3_1 Pin=U8_D3-8
Added Pin To Net: NetName=NetC15_D3_1 Pin=U8_D4-8
Added Net: Name=NetC15_D3_1
Added Pin To Net: NetName=NetD1_1 Pin=D1-1
Added Pin To Net: NetName=NetD1_1 Pin=Rel2-1
Added Net: Name=NetD1_1
Added Pin To Net: NetName=NetD1_2 Pin=D1-2
Added Pin To Net: NetName=NetD1_2 Pin=R3-2
Added Pin To Net: NetName=NetD1_2 Pin=Rel2-8
Added Net: Name=NetD1_2
Added Pin To Net: NetName=NetD2_1 Pin=D2-1
Added Pin To Net: NetName=NetD2_1 Pin=Rel1-1
Added Net: Name=NetD2_1
Added Pin To Net: NetName=NetD2_2 Pin=D2-2
Added Pin To Net: NetName=NetD2_2 Pin=R8-2
Added Pin To Net: NetName=NetD2_2 Pin=Rel1-8
Added Net: Name=NetD2_2
Added Pin To Net: NetName=NetD3_D1_2 Pin=D3_D1-2
Added Pin To Net: NetName=NetD3_D1_2 Pin=Q3_D1-4
Added Pin To Net: NetName=NetD3_D1_2 Pin=U8_D1-1
Added Net: Name=NetD3_D1_2
Added Pin To Net: NetName=NetD3_D2_2 Pin=D3_D2-2
Added Pin To Net: NetName=NetD3_D2_2 Pin=Q3_D2-4
Added Pin To Net: NetName=NetD3_D2_2 Pin=U8_D2-1
Added Net: Name=NetD3_D2_2
Added Pin To Net: NetName=NetD3_D3_2 Pin=D3_D3-2
Added Pin To Net: NetName=NetD3_D3_2 Pin=Q3_D3-4
Added Pin To Net: NetName=NetD3_D3_2 Pin=U8_D3-1
Added Net: Name=NetD3_D3_2
Added Pin To Net: NetName=NetD3_D4_2 Pin=D3_D4-2
Added Pin To Net: NetName=NetD3_D4_2 Pin=Q3_D4-4
Added Pin To Net: NetName=NetD3_D4_2 Pin=U8_D4-1
Added Net: Name=NetD3_D4_2
Added Pin To Net: NetName=NetD4_D1_1 Pin=D4_D1-1
Added Pin To Net: NetName=NetD4_D1_1 Pin=D5_D1-1
Added Net: Name=NetD4_D1_1
Added Pin To Net: NetName=NetD4_D2_1 Pin=D4_D2-1
Added Pin To Net: NetName=NetD4_D2_1 Pin=D5_D2-1
Added Net: Name=NetD4_D2_1
Added Pin To Net: NetName=NetD4_D3_1 Pin=D4_D3-1
Added Pin To Net: NetName=NetD4_D3_1 Pin=D5_D3-1
Added Net: Name=NetD4_D3_1
Added Pin To Net: NetName=NetD4_D4_1 Pin=D4_D4-1
Added Pin To Net: NetName=NetD4_D4_1 Pin=D5_D4-1
Added Net: Name=NetD4_D4_1
Added Pin To Net: NetName=NetP1_2 Pin=P1-2
Added Pin To Net: NetName=NetP1_2 Pin=P1-4
Added Pin To Net: NetName=NetP1_2 Pin=R3-1
Added Net: Name=NetP1_2
Added Pin To Net: NetName=NetP2_1 Pin=P2-1
Added Pin To Net: NetName=NetP2_1 Pin=U7-11
Added Net: Name=NetP2_1
Added Pin To Net: NetName=NetP2_2 Pin=P2-2
Added Pin To Net: NetName=NetP2_2 Pin=U7-10
Added Net: Name=NetP2_2
Added Pin To Net: NetName=NetP3_1 Pin=P3-1
Added Pin To Net: NetName=NetP3_1 Pin=U7-12
Added Net: Name=NetP3_1
Added Pin To Net: NetName=NetP3_2 Pin=P3-2
Added Pin To Net: NetName=NetP3_2 Pin=U7-13
Added Net: Name=NetP3_2
Added Pin To Net: NetName=NetPSU1_3 Pin=PSU1-3
Added Pin To Net: NetName=NetPSU1_3 Pin=S3-3
Added Pin To Net: NetName=NetPSU1_3 Pin=S3-4
Added Net: Name=NetPSU1_3
Added Pin To Net: NetName=NetPSU1_4 Pin=PSU1-4
Added Pin To Net: NetName=NetPSU1_4 Pin=R4-2
Added Net: Name=NetPSU1_4
Added Pin To Net: NetName=NetQ2_D Pin=Q2-D
Added Pin To Net: NetName=NetQ2_D Pin=R8-1
Added Pin To Net: NetName=NetQ2_D Pin=S2-1
Added Pin To Net: NetName=NetQ2_D Pin=S2-2
Added Net: Name=NetQ2_D
Added Pin To Net: NetName=NetQ2_G Pin=Q2-G
Added Net: Name=NetQ2_G
Added Pin To Net: NetName=NetR1_1 Pin=R1-1
Added Pin To Net: NetName=NetR1_1 Pin=R2-2
Added Net: Name=NetR1_1
Added Pin To Net: NetName=NetR1_2 Pin=R1-2
Added Pin To Net: NetName=NetR1_2 Pin=U3-2
Added Net: Name=NetR1_2
Added Pin To Net: NetName=NetR5_1 Pin=R5-1
Added Pin To Net: NetName=NetR5_1 Pin=R6-2
Added Pin To Net: NetName=NetR5_1 Pin=U6-VSENSE
Added Net: Name=NetR5_1
Added Pin To Net: NetName=NetR9_D1_2 Pin=R9_D1-2
Added Pin To Net: NetName=NetR9_D1_2 Pin=U8_D1-6
Added Net: Name=NetR9_D1_2
Added Pin To Net: NetName=NetR9_D2_2 Pin=R9_D2-2
Added Pin To Net: NetName=NetR9_D2_2 Pin=U8_D2-6
Added Net: Name=NetR9_D2_2
Added Pin To Net: NetName=NetR9_D3_2 Pin=R9_D3-2
Added Pin To Net: NetName=NetR9_D3_2 Pin=U8_D3-6
Added Net: Name=NetR9_D3_2
Added Pin To Net: NetName=NetR9_D4_2 Pin=R9_D4-2
Added Pin To Net: NetName=NetR9_D4_2 Pin=U8_D4-6
Added Net: Name=NetR9_D4_2
Added Pin To Net: NetName=NetRel1_4 Pin=Rel1-4
Added Pin To Net: NetName=NetRel1_4 Pin=Rel2-3
Added Pin To Net: NetName=NetRel1_4 Pin=U2-1
Added Net: Name=NetRel1_4
Added Pin To Net: NetName=NetRel1_5 Pin=Rel1-5
Added Pin To Net: NetName=NetRel1_5 Pin=Rel2-6
Added Net: Name=NetRel1_5
Added Pin To Net: NetName=NetRel2_4 Pin=Rel2-4
Added Pin To Net: NetName=NetRel2_4 Pin=U3-1
Added Net: Name=NetRel2_4
Added Pin To Net: NetName=NetRel2_5 Pin=Rel2-5
Added Pin To Net: NetName=NetRel2_5 Pin=U4-1
Added Net: Name=NetRel2_5
Added Pin To Net: NetName=NetU2_4 Pin=U2-4
Added Net: Name=NetU2_4
Added Pin To Net: NetName=NetU3_4 Pin=U3-4
Added Net: Name=NetU3_4
Added Pin To Net: NetName=NetU4_4 Pin=U4-4
Added Net: Name=NetU4_4
Added Pin To Net: NetName=NetU7_1 Pin=U7-1
Added Net: Name=NetU7_1
Added Pin To Net: NetName=NetU7_34 Pin=U7-34
Added Net: Name=NetU7_34
Added Pin To Net: NetName=NetU7_40 Pin=U7-40
Added Net: Name=NetU7_40
Added Pin To Net: NetName=NetU7_41 Pin=U7-41
Added Net: Name=NetU7_41
Added Pin To Net: NetName=NetU7_42 Pin=U7-42
Added Net: Name=NetU7_42
Added Pin To Net: NetName=NetU7_43 Pin=U7-43
Added Net: Name=NetU7_43
Added Pin To Net: NetName=NetU7_44 Pin=U7-44
Added Net: Name=NetU7_44
Added Pin To Net: NetName=PRE_3V3 Pin=C13-1
Added Pin To Net: NetName=PRE_3V3 Pin=C16-1
Added Pin To Net: NetName=PRE_3V3 Pin=U1-Vout
Added Pin To Net: NetName=PRE_3V3 Pin=U7-9
Added Pin To Net: NetName=PRE_3V3 Pin=U7-19
Added Pin To Net: NetName=PRE_3V3 Pin=U7-31
Added Pin To Net: NetName=PRE_3V3 Pin=U7-39
Added Net: Name=PRE_3V3
Added Pin To Net: NetName=RESET Pin=U7-35
Added Net: Name=RESET
Added Pin To Net: NetName=SCK Pin=U7-27
Added Net: Name=SCK
Added Pin To Net: NetName=SHDN Pin=S1-3
Added Pin To Net: NetName=SHDN Pin=S1-4
Added Net: Name=SHDN
Added Pin To Net: NetName=V12 BATT1 Pin=D3_D2-1
Added Pin To Net: NetName=V12 BATT1 Pin=D4_D2-2
Added Pin To Net: NetName=V12 BATT1 Pin=Q3_D2-1
Added Pin To Net: NetName=V12 BATT1 Pin=Q3_D2-2
Added Pin To Net: NetName=V12 BATT1 Pin=Q3_D2-3
Added Pin To Net: NetName=V12 BATT1 Pin=U8_D2-2
Added Pin To Net: NetName=V12 BATT1 Pin=U8_D2-4
Added Pin To Net: NetName=V12 BATT1 Pin=U8_D2-5
Added Net: Name=V12 BATT1
Added Pin To Net: NetName=V12 BATT 2 Pin=D3_D1-1
Added Pin To Net: NetName=V12 BATT 2 Pin=D4_D1-2
Added Pin To Net: NetName=V12 BATT 2 Pin=Q3_D1-1
Added Pin To Net: NetName=V12 BATT 2 Pin=Q3_D1-2
Added Pin To Net: NetName=V12 BATT 2 Pin=Q3_D1-3
Added Pin To Net: NetName=V12 BATT 2 Pin=U8_D1-2
Added Pin To Net: NetName=V12 BATT 2 Pin=U8_D1-4
Added Pin To Net: NetName=V12 BATT 2 Pin=U8_D1-5
Added Net: Name=V12 BATT 2
Added Pin To Net: NetName=V24 BATT1 Pin=D3_D4-1
Added Pin To Net: NetName=V24 BATT1 Pin=D4_D4-2
Added Pin To Net: NetName=V24 BATT1 Pin=Q3_D4-1
Added Pin To Net: NetName=V24 BATT1 Pin=Q3_D4-2
Added Pin To Net: NetName=V24 BATT1 Pin=Q3_D4-3
Added Pin To Net: NetName=V24 BATT1 Pin=U8_D4-2
Added Pin To Net: NetName=V24 BATT1 Pin=U8_D4-4
Added Pin To Net: NetName=V24 BATT1 Pin=U8_D4-5
Added Net: Name=V24 BATT1
Added Pin To Net: NetName=V24 BATT 2 Pin=D3_D3-1
Added Pin To Net: NetName=V24 BATT 2 Pin=D4_D3-2
Added Pin To Net: NetName=V24 BATT 2 Pin=Q3_D3-1
Added Pin To Net: NetName=V24 BATT 2 Pin=Q3_D3-2
Added Pin To Net: NetName=V24 BATT 2 Pin=Q3_D3-3
Added Pin To Net: NetName=V24 BATT 2 Pin=U8_D3-2
Added Pin To Net: NetName=V24 BATT 2 Pin=U8_D3-4
Added Pin To Net: NetName=V24 BATT 2 Pin=U8_D3-5
Added Net: Name=V24 BATT 2
Added Class: Name=D1
Added Class: Name=D2
Added Class: Name=D3
Added Class: Name=D4
Added Class: Name=U_Microcontroller
Added Class: Name=U_Power Conditioning
Added Class: Name=U_Power Distribution
Added Class: Name=Diode Controllers
Added Room: Name=D1
Added Room: Name=D2
Added Room: Name=D3
Added Room: Name=D4
Added Room: Name=U_Microcontroller
Added Room: Name=U_Power Conditioning
Added Room: Name=U_Power Distribution
