Removed Pin From Net: NetName=RAW_24V Pin=Rel1-1
Removed Pin From Net: NetName=RAW_24V Pin=Rel1-3
Removed Pin From Net: NetName=NetRel1_4 Pin=Rel1-4
Removed Pin From Net: NetName=NetRel1_5 Pin=Rel1-5
Removed Pin From Net: NetName=NetC16A_1 Pin=Rel1-6
Removed Pin From Net: NetName=NetD1_1 Pin=Rel1-8
Removed Pin From Net: NetName=RAW_24V Pin=Rel2-1
Removed Pin From Net: NetName=NetRel1_4 Pin=Rel2-3
Removed Pin From Net: NetName=NetRel2_4 Pin=Rel2-4
Removed Pin From Net: NetName=NetRel2_5 Pin=Rel2-5
Removed Pin From Net: NetName=NetD2_1 Pin=Rel2-8
Change Component Footprint: Designator=Rel1 Old Footprint=JW2SN-DC24V New Footprint=T92 Series Relay
Change Component Footprint: Designator=Rel2 Old Footprint=JW2SN-DC24V New Footprint=T92 Series Relay
Change Component Comment : Designator=Rel1 Old Comment=DPDT Relay, 24V, 5A New Comment=DPST Relay, 12V, 30A
Change Component Comment : Designator=Rel2 Old Comment=DPDT Relay, 24V, 5A New Comment=DPST Relay, 12V, 30A
Added Component: Designator=Rel3(T92 Series Relay)
Added Pin To Net: NetName=RAW_24V Pin=Rel1-0
Added Pin To Net: NetName=RAW_24V Pin=Rel1-0
Added Pin To Net: NetName=NetD1_1 Pin=Rel1-1
Added Pin To Net: NetName=NetD1_1 Pin=Rel1-1
Added Pin To Net: NetName=RAW_24V Pin=Rel2-0
Added Pin To Net: NetName=RAW_24V Pin=Rel2-0
Added Pin To Net: NetName=NetD2_1 Pin=Rel2-1
Added Pin To Net: NetName=NetD2_1 Pin=Rel2-1
Added Pin To Net: NetName=NetRel1_4 Pin=Rel2-2
Added Pin To Net: NetName=NetRel1_4 Pin=Rel2-2
Added Pin To Net: NetName=RAW_24V Pin=Rel2-4
Added Pin To Net: NetName=RAW_24V Pin=Rel2-4
Added Pin To Net: NetName=NetC16A_1 Pin=Rel2-8
Added Pin To Net: NetName=NetC16A_1 Pin=Rel2-8
Added Pin To Net: NetName=NetRel2_4 Pin=Rel3-2
Added Pin To Net: NetName=NetRel2_4 Pin=Rel3-2
Added Pin To Net: NetName=NetRel1_4 Pin=Rel3-4
Added Pin To Net: NetName=NetRel1_4 Pin=Rel3-4
Added Pin To Net: NetName=NetRel2_5 Pin=Rel3-6
Added Pin To Net: NetName=NetRel2_5 Pin=Rel3-6
Added Pin To Net: NetName=NetRel1_5 Pin=Rel3-8
Added Pin To Net: NetName=NetRel1_5 Pin=Rel3-8
Change Net Name : Old Net Name=NetRel1_4 New Net Name=NetRel2_2
Change Net Name : Old Net Name=NetRel1_5 New Net Name=NetRel2_6
Change Net Name : Old Net Name=NetRel2_4 New Net Name=NetRel3_2
Change Net Name : Old Net Name=NetRel2_5 New Net Name=NetRel3_6
Added Member To Class: ClassName=U_Power Conditioning Member=Component Rel3 DPST Relay, 12V, 30A
