Removed Pin From Net: NetName=GND Pin=P1B-1
Removed Pin From Net: NetName=NetP1B_2 Pin=P1B-2
Removed Pin From Net: NetName=NetP1B_3 Pin=P1B-3
Removed Pin From Net: NetName=BATTA Pin=P1B-7
Removed Pin From Net: NetName=BATTA Pin=P1B-8
Removed Pin From Net: NetName=BATTB Pin=P1B-9
Removed Pin From Net: NetName=BATTB Pin=P1B-10
Removed Pin From Net: NetName=NetP1B_6 Pin=R2B-2
Removed Pin From Net: NetName=NetP1B_6 Pin=U3B-2
Added Pin To Net: NetName=BATTB Pin=P1B-1
Added Pin To Net: NetName=BATTB Pin=P1B-2
Added Pin To Net: NetName=BATTA Pin=P1B-3
Added Pin To Net: NetName=BATTA Pin=P1B-4
Added Pin To Net: NetName=NetP1B_6 Pin=P1B-7
Added Pin To Net: NetName=NetP1B_3 Pin=P1B-8
Added Pin To Net: NetName=NetP1B_2 Pin=P1B-9
Added Pin To Net: NetName=GND Pin=P1B-10
Added Pin To Net: NetName=NetP1B_6 Pin=R3B-2
Added Pin To Net: NetName=NetP1B_6 Pin=U4B-2
Change Net Name : Old Net Name=NetP1B_2 New Net Name=NetP1B_9
Change Net Name : Old Net Name=NetP1B_3 New Net Name=NetP1B_8
Added Pin To Net: NetName=NetP1B_5 Pin=P1B-5
Added Pin To Net: NetName=NetP1B_5 Pin=R2B-2
Added Pin To Net: NetName=NetP1B_5 Pin=U3B-2
Added Net: Name=NetP1B_5
