Added Component: Designator=D1(80SQ045N)
Added Component: Designator=D2(80SQ045N)
Added Component: Designator=D3(80SQ045N)
Added Component: Designator=D4(80SQ045N)
Added Component: Designator=D5(DO-35-0.3)
Added Component: Designator=D6(DO-35-0.3)
Added Component: Designator=D7(DO-35-0.3)
Added Component: Designator=D8(DO-35-0.3)
Added Component: Designator=Q1(INF-PG-DSO-8-3_N)
Added Component: Designator=R1(R0603)
Added Component: Designator=R2(R0603)
Added Component: Designator=R3(R0603)
Added Component: Designator=Rel1(JW2SN-DC24V)
Added Component: Designator=Rel2(JW2SN-DC24V)
Added Component: Designator=S1(FSM2JSMA)
Added Component: Designator=S2(FSM2JSMA)
Added Component: Designator=U1(44A_N)
Added Pin To Net: NetName=GND Pin=R2-1
Added Pin To Net: NetName=GND Pin=S1-1
Added Pin To Net: NetName=GND Pin=S1-2
Added Pin To Net: NetName=GND Pin=S2-3
Added Pin To Net: NetName=GND Pin=S2-4
Added Net: Name=GND
Added Pin To Net: NetName=NetD1_2 Pin=D1-2
Added Pin To Net: NetName=NetD1_2 Pin=D2-2
Added Pin To Net: NetName=NetD1_2 Pin=D5-1
Added Pin To Net: NetName=NetD1_2 Pin=D8-2
Added Pin To Net: NetName=NetD1_2 Pin=Rel1-3
Added Net: Name=NetD1_2
Added Pin To Net: NetName=NetD3_2 Pin=D3-2
Added Pin To Net: NetName=NetD3_2 Pin=D4-2
Added Pin To Net: NetName=NetD3_2 Pin=Rel1-6
Added Net: Name=NetD3_2
Added Pin To Net: NetName=NetD5_2 Pin=D5-2
Added Pin To Net: NetName=NetD5_2 Pin=D6-1
Added Net: Name=NetD5_2
Added Pin To Net: NetName=NetD6_2 Pin=D6-2
Added Pin To Net: NetName=NetD6_2 Pin=D7-1
Added Pin To Net: NetName=NetD6_2 Pin=Q1-4
Added Net: Name=NetD6_2
Added Pin To Net: NetName=NetD7_2 Pin=D7-2
Added Pin To Net: NetName=NetD7_2 Pin=D8-1
Added Net: Name=NetD7_2
Added Pin To Net: NetName=NetD9_1 Pin=Rel1-1
Added Net: Name=NetD9_1
Added Pin To Net: NetName=NetD9_2 Pin=R3-2
Added Pin To Net: NetName=NetD9_2 Pin=Rel1-8
Added Net: Name=NetD9_2
Added Pin To Net: NetName=NetQ1_1 Pin=Q1-1
Added Pin To Net: NetName=NetQ1_1 Pin=Q1-2
Added Pin To Net: NetName=NetQ1_1 Pin=Q1-3
Added Net: Name=NetQ1_1
Added Pin To Net: NetName=NetQ1_5 Pin=Q1-5
Added Pin To Net: NetName=NetQ1_5 Pin=Q1-6
Added Pin To Net: NetName=NetQ1_5 Pin=Q1-7
Added Pin To Net: NetName=NetQ1_5 Pin=Q1-8
Added Net: Name=NetQ1_5
Added Pin To Net: NetName=NetQ2_D Pin=R3-1
Added Pin To Net: NetName=NetQ2_D Pin=S2-1
Added Pin To Net: NetName=NetQ2_D Pin=S2-2
Added Net: Name=NetQ2_D
Added Pin To Net: NetName=NetR1_1 Pin=R1-1
Added Pin To Net: NetName=NetR1_1 Pin=R2-2
Added Net: Name=NetR1_1
Added Pin To Net: NetName=NetR1_2 Pin=R1-2
Added Net: Name=NetR1_2
Added Pin To Net: NetName=NetRel1_4 Pin=Rel1-4
Added Pin To Net: NetName=NetRel1_4 Pin=Rel2-3
Added Net: Name=NetRel1_4
Added Pin To Net: NetName=NetRel1_5 Pin=Rel1-5
Added Pin To Net: NetName=NetRel1_5 Pin=Rel2-6
Added Net: Name=NetRel1_5
Added Pin To Net: NetName=NetRel2_4 Pin=Rel2-4
Added Net: Name=NetRel2_4
Added Pin To Net: NetName=NetRel2_5 Pin=Rel2-5
Added Net: Name=NetRel2_5
Added Net: Name=NetU3_2
Added Net: Name=NetU4_2
Added Net: Name=PWR_CTRL
Added Pin To Net: NetName=SHDN Pin=S1-3
Added Pin To Net: NetName=SHDN Pin=S1-4
Added Net: Name=SHDN
Added Pin To Net: NetName=V12 BATT1 Pin=D4-1
Added Net: Name=V12 BATT1
Added Pin To Net: NetName=V12 BATT 2 Pin=D3-1
Added Net: Name=V12 BATT 2
Added Pin To Net: NetName=V24 BATT1 Pin=D2-1
Added Net: Name=V24 BATT1
Added Pin To Net: NetName=V24 BATT 2 Pin=D1-1
Added Net: Name=V24 BATT 2
Added Class: Name=U_Microcontroller
Added Class: Name=U_Power Conditioning
Added Room: Name=U_Microcontroller
Added Room: Name=U_Power Conditioning
