Removed Pin From Net: NetName=NetBP1_1 Pin=BP1-1
Removed Pin From Net: NetName=NetBP1_1 Pin=BP1-2
Removed Pin From Net: NetName=NetBP1_3 Pin=BP1-3
Removed Pin From Net: NetName=NetBP1_3 Pin=BP1-4
Removed Pin From Net: NetName=GND Pin=BP1-10
Removed Member From Class: ClassName=Power Board Member=BP1
Change Net Name : Old Net Name=NetBP1_1 New Net Name=NetC4B_1
Change Net Name : Old Net Name=NetBP1_3 New Net Name=NetC4A_1
Added Pin To Net: NetName=NetP2_1 Pin=P2-1
Added Pin To Net: NetName=NetP2_1 Pin=U5-11
Added Net: Name=NetP2_1
Added Pin To Net: NetName=NetP2_2 Pin=P2-2
Added Pin To Net: NetName=NetP2_2 Pin=U5-10
Added Net: Name=NetP2_2
Added Pin To Net: NetName=NetR1_2 Pin=R1-2
Added Pin To Net: NetName=NetR1_2 Pin=U1-2
Added Net: Name=NetR1_2
Added Pin To Net: NetName=NetR2_2 Pin=R2-2
Added Pin To Net: NetName=NetR2_2 Pin=U2-2
Added Net: Name=NetR2_2
