Removed Pin From Net: NetName=NetD1_1 Pin=Rel1-1
Removed Pin From Net: NetName=NetD2_1 Pin=Rel2-1
Removed Member From Class: ClassName=U_Microcontroller Member=R10
Added Pin To Net: NetName=NetC16C_1 Pin=C2-1
Added Pin To Net: NetName=NetC16C_1 Pin=D1-2
Added Pin To Net: NetName=NetC16C_1 Pin=D2-2
Added Pin To Net: NetName=NetC5_1 Pin=R1-2
Added Pin To Net: NetName=NetD1_1 Pin=R6-2
Added Pin To Net: NetName=NetD2_1 Pin=R8-2
Added Pin To Net: NetName=NetC16C_1 Pin=Rel1-1
Added Pin To Net: NetName=NetD1_1 Pin=Rel1-8
Added Pin To Net: NetName=NetC16C_1 Pin=Rel2-1
Added Pin To Net: NetName=NetD2_1 Pin=Rel2-8
Added Pin To Net: NetName=NetC5_1 Pin=U1-2
Added Pin To Net: NetName=NetC16C_1 Pin=U4-CE
Added Pin To Net: NetName=NetC16C_1 Pin=U4-Vin
Added Pin To Net: NetName=NetQ1_G Pin=U5-20
Change Net Name : Old Net Name=NetC16C_1 New Net Name=RAW_24V
Change Net Name : Old Net Name=V12 BATT1 New Net Name=NetD4B_1
Change Net Name : Old Net Name=V12 BATT 2 New Net Name=NetD4A_1
Change Net Name : Old Net Name=V24 BATT1 New Net Name=NetD4D_1
Change Net Name : Old Net Name=V24 BATT 2 New Net Name=NetD4C_1
Added Pin To Net: NetName=NetU5_21 Pin=U5-21
Added Net: Name=NetU5_21
