Change Component Designator: OldDesignator=BP1 NewDesignator=P1B
Change Component Designator: OldDesignator=C1 NewDesignator=C1B
Change Component Designator: OldDesignator=C2 NewDesignator=C2B
Change Component Designator: OldDesignator=C3 NewDesignator=C3B
Change Component Designator: OldDesignator=C4A NewDesignator=C4BA
Change Component Designator: OldDesignator=C4B NewDesignator=C4BB
Change Component Designator: OldDesignator=C16A NewDesignator=C5BA
Change Component Designator: OldDesignator=C16B NewDesignator=C5BB
Change Component Designator: OldDesignator=D1 NewDesignator=D1B
Change Component Designator: OldDesignator=D2 NewDesignator=D2B
Change Component Designator: OldDesignator=D4A NewDesignator=D3BA
Change Component Designator: OldDesignator=D4B NewDesignator=D3BB
Change Component Designator: OldDesignator=D5A NewDesignator=D4BA
Change Component Designator: OldDesignator=D5B NewDesignator=D4BB
Change Component Designator: OldDesignator=F1 NewDesignator=F1B
Change Component Designator: OldDesignator=F2 NewDesignator=F2B
Change Component Designator: OldDesignator=H1 NewDesignator=H1B
Change Component Designator: OldDesignator=P1 NewDesignator=P4B
Change Component Designator: OldDesignator=P2 NewDesignator=P2B
Change Component Designator: OldDesignator=P3 NewDesignator=P3B
Change Component Designator: OldDesignator=Q1 NewDesignator=Q1B
Change Component Designator: OldDesignator=Q2A NewDesignator=Q2BA
Change Component Designator: OldDesignator=Q2B NewDesignator=Q2BB
Change Component Designator: OldDesignator=R1 NewDesignator=R2B
Change Component Designator: OldDesignator=R2 NewDesignator=R3B
Change Component Designator: OldDesignator=R3 NewDesignator=R4B
Change Component Designator: OldDesignator=R5 NewDesignator=R5B
Change Component Designator: OldDesignator=R9 NewDesignator=R1B
Change Component Designator: OldDesignator=R14A NewDesignator=R6BA
Change Component Designator: OldDesignator=R14B NewDesignator=R6BB
Change Component Designator: OldDesignator=REL1 NewDesignator=REL1B
Change Component Designator: OldDesignator=REL2 NewDesignator=REL2B
Change Component Designator: OldDesignator=S1 NewDesignator=S2B
Change Component Designator: OldDesignator=S2 NewDesignator=S1B
Change Component Designator: OldDesignator=U1 NewDesignator=U3B
Change Component Designator: OldDesignator=U2 NewDesignator=U4B
Change Component Designator: OldDesignator=U4 NewDesignator=U1B
Change Component Designator: OldDesignator=U5 NewDesignator=U2B
Change Component Designator: OldDesignator=U8A NewDesignator=U5BA
Change Component Designator: OldDesignator=U8B NewDesignator=U5BB
Change Component Designator: OldDesignator=X1 NewDesignator=X1B
Change Component Designator: OldDesignator=X2 NewDesignator=X2B
Change Net Name : Old Net Name=NetBP1_1 New Net Name=NetC4BB_1
Change Net Name : Old Net Name=NetBP1_3 New Net Name=NetC4BA_1
Change Net Name : Old Net Name=NetBP1_5 New Net Name=NetP1B_5
Change Net Name : Old Net Name=NetBP1_7 New Net Name=NetP1B_7
Change Net Name : Old Net Name=NetBP1_8 New Net Name=NetP1B_8
Change Net Name : Old Net Name=NetBP1_9 New Net Name=NetP1B_9
Change Net Name : Old Net Name=NetD1_1 New Net Name=NetD1B_1
Change Net Name : Old Net Name=NetD2_1 New Net Name=NetD2B_1
Change Net Name : Old Net Name=NetD4A_2 New Net Name=NetD3BA_2
Change Net Name : Old Net Name=NetD4B_2 New Net Name=NetD3BB_2
Change Net Name : Old Net Name=NetF1_2 New Net Name=NetF1B_2
Change Net Name : Old Net Name=NetF2_2 New Net Name=NetF2B_2
Change Net Name : Old Net Name=NetP3_1 New Net Name=NetP3B_1
Change Net Name : Old Net Name=NetP3_2 New Net Name=NetP3B_2
Change Net Name : Old Net Name=NetR1_1 New Net Name=NetR2B_1
Change Net Name : Old Net Name=NetR2_1 New Net Name=NetR3B_1
Change Net Name : Old Net Name=NetR14A_2 New Net Name=NetR6BA_2
Change Net Name : Old Net Name=NetR14B_2 New Net Name=NetR6BB_2
Change Net Name : Old Net Name=NetREL1_3 New Net Name=NetREL1B_3
Change Net Name : Old Net Name=NetREL2_3 New Net Name=NetREL2B_3
Change Net Name : Old Net Name=NetS1_3 New Net Name=NetS2B_3
Change Net Name : Old Net Name=NetU1_4 New Net Name=NetU2B_40
Change Net Name : Old Net Name=NetU2_4 New Net Name=NetU2B_41
Change Net Name : Old Net Name=NetU5_1 New Net Name=NetU2B_1
Change Net Name : Old Net Name=NetU5_34 New Net Name=NetU2B_34
Change Net Name : Old Net Name=NetU5_42 New Net Name=NetU2B_42
