Added Component: Designator=C1(C0805)
Added Component: Designator=C2(C0805)
Added Component: Designator=C3(C0402)
Added Component: Designator=C4(RADIAL-5MM)
Added Component: Designator=C5(C1210)
Added Component: Designator=C6(C0805)
Added Component: Designator=C7(C0805)
Added Component: Designator=C8(C0805)
Added Component: Designator=C9(C1206)
Added Component: Designator=C10(C0805)
Added Component: Designator=C11(C0805)
Added Component: Designator=C12(C0805)
Added Component: Designator=C13(C0805)
Added Component: Designator=C14(C0805)
Added Component: Designator=C15(C0805)
Added Component: Designator=C16A(C0603)
Added Component: Designator=C16B(C0603)
Added Component: Designator=C16C(C0603)
Added Component: Designator=C16D(C0603)
Added Component: Designator=D1(DO-35-0.3)
Added Component: Designator=D2(DO-35-0.3)
Added Component: Designator=D3(SCHOTTKY-B220/A)
Added Component: Designator=D4A(ONSC-SOD-523-2-502-01_C_V)
Added Component: Designator=D4B(ONSC-SOD-523-2-502-01_C_V)
Added Component: Designator=D4C(ONSC-SOD-523-2-502-01_C_V)
Added Component: Designator=D4D(ONSC-SOD-523-2-502-01_C_V)
Added Component: Designator=D5A(ONSC-SMA-2-403D-02_C_V)
Added Component: Designator=D5B(ONSC-SMA-2-403D-02_C_V)
Added Component: Designator=D5C(ONSC-SMA-2-403D-02_C_V)
Added Component: Designator=D5D(ONSC-SMA-2-403D-02_C_V)
Added Component: Designator=D6A(ONSC-SMA-2-403D-02_C_V)
Added Component: Designator=D6B(ONSC-SMA-2-403D-02_C_V)
Added Component: Designator=D6C(ONSC-SMA-2-403D-02_C_V)
Added Component: Designator=D6D(ONSC-SMA-2-403D-02_C_V)
Added Component: Designator=L1(INDUCTOR-WE-PD)
Added Component: Designator=P1(HDR2X2)
Added Component: Designator=P2(HDR1X2)
Added Component: Designator=P3(HDR1X2)
Added Component: Designator=PSU1(PTN78020)
Added Component: Designator=Q1(2N7002-SOT23)
Added Component: Designator=Q2A(INF-PG-DSO-8-3_N)
Added Component: Designator=Q2B(INF-PG-DSO-8-3_N)
Added Component: Designator=Q2C(INF-PG-DSO-8-3_N)
Added Component: Designator=Q2D(INF-PG-DSO-8-3_N)
Added Component: Designator=R1(R0603)
Added Component: Designator=R2(R0603)
Added Component: Designator=R3(R0603)
Added Component: Designator=R4(R0603)
Added Component: Designator=R5(R0603)
Added Component: Designator=R6(R0603)
Added Component: Designator=R7(R0603)
Added Component: Designator=R8(R0603)
Added Component: Designator=R9(R0805)
Added Component: Designator=R10(R0805)
Added Component: Designator=R11(R0805)
Added Component: Designator=R12(R0805)
Added Component: Designator=R13(R0805)
Added Component: Designator=R14A(J1-0603)
Added Component: Designator=R14B(J1-0603)
Added Component: Designator=R14C(J1-0603)
Added Component: Designator=R14D(J1-0603)
Added Component: Designator=Rel1(JW2SN-DC24V)
Added Component: Designator=Rel2(JW2SN-DC24V)
Added Component: Designator=S1(FSM2JSMA)
Added Component: Designator=S2(FSM2JSMA)
Added Component: Designator=S3(FSM2JSMA)
Added Component: Designator=U1(AC712 Current Sensor)
Added Component: Designator=U2(AC712 Current Sensor)
Added Component: Designator=U3(AC712 Current Sensor)
Added Component: Designator=U4(XC6701B332MR)
Added Component: Designator=U5(44A_N)
Added Component: Designator=U6(L7809CD2T-D2PAK)
Added Component: Designator=U7(TPS54231-SOIC8)
Added Component: Designator=U8A(LT-MS8-8_N)
Added Component: Designator=U8B(LT-MS8-8_N)
Added Component: Designator=U8C(LT-MS8-8_N)
Added Component: Designator=U8D(LT-MS8-8_N)
Added Component: Designator=X1(2x3 Header)
Added Component: Designator=X2(2x3 Header)
Added Pin To Net: NetName=PRE_3V3 Pin=C1-1
Added Pin To Net: NetName=GND Pin=C1-2
Added Pin To Net: NetName=NetC2_1 Pin=C2-1
Added Pin To Net: NetName=GND Pin=C2-2
Added Pin To Net: NetName=PRE_3V3 Pin=C3-1
Added Pin To Net: NetName=GND Pin=C3-2
Added Pin To Net: NetName=12V Pin=C4-1
Added Pin To Net: NetName=GND Pin=C4-2
Added Pin To Net: NetName=NetC5_1 Pin=C5-1
Added Pin To Net: NetName=GND Pin=C5-2
Added Pin To Net: NetName=12V Pin=C6-1
Added Pin To Net: NetName=GND Pin=C6-2
Added Pin To Net: NetName=9V Pin=C7-1
Added Pin To Net: NetName=GND Pin=C7-2
Added Pin To Net: NetName=5V Pin=C9-1
Added Pin To Net: NetName=GND Pin=C9-2
Added Pin To Net: NetName=12V Pin=C10-1
Added Pin To Net: NetName=GND Pin=C10-2
Added Pin To Net: NetName=12V Pin=C11-1
Added Pin To Net: NetName=GND Pin=C11-2
Added Pin To Net: NetName=12V Pin=C12-1
Added Pin To Net: NetName=GND Pin=C12-2
Added Pin To Net: NetName=GND Pin=C14-2
Added Pin To Net: NetName=GND Pin=C15-2
Added Pin To Net: NetName=GND Pin=C16A-2
Added Pin To Net: NetName=GND Pin=C16B-2
Added Pin To Net: NetName=GND Pin=C16C-2
Added Pin To Net: NetName=GND Pin=C16D-2
Added Pin To Net: NetName=NetD1_1 Pin=D1-1
Added Pin To Net: NetName=NetD1_2 Pin=D1-2
Added Pin To Net: NetName=NetD2_1 Pin=D2-1
Added Pin To Net: NetName=NetD2_2 Pin=D2-2
Added Pin To Net: NetName=GND Pin=D3-2
Added Pin To Net: NetName=V12 BATT 2 Pin=D4A-1
Added Pin To Net: NetName=V12 BATT1 Pin=D4B-1
Added Pin To Net: NetName=V24 BATT 2 Pin=D4C-1
Added Pin To Net: NetName=V24 BATT1 Pin=D4D-1
Added Pin To Net: NetName=V12 BATT 2 Pin=D5A-2
Added Pin To Net: NetName=V12 BATT1 Pin=D5B-2
Added Pin To Net: NetName=V24 BATT 2 Pin=D5C-2
Added Pin To Net: NetName=V24 BATT1 Pin=D5D-2
Added Pin To Net: NetName=GND Pin=D6A-2
Added Pin To Net: NetName=GND Pin=D6B-2
Added Pin To Net: NetName=GND Pin=D6C-2
Added Pin To Net: NetName=GND Pin=D6D-2
Added Pin To Net: NetName=5V Pin=L1-1
Added Pin To Net: NetName=GND Pin=P1-1
Added Pin To Net: NetName=NetP1_2 Pin=P1-2
Added Pin To Net: NetName=GND Pin=P1-3
Added Pin To Net: NetName=NetP1_2 Pin=P1-4
Added Pin To Net: NetName=NetP2_1 Pin=P2-1
Added Pin To Net: NetName=NetP2_2 Pin=P2-2
Added Pin To Net: NetName=NetP3_1 Pin=P3-1
Added Pin To Net: NetName=NetP3_2 Pin=P3-2
Added Pin To Net: NetName=GND Pin=PSU1-1
Added Pin To Net: NetName=NetC5_1 Pin=PSU1-2
Added Pin To Net: NetName=NetPSU1_3 Pin=PSU1-3
Added Pin To Net: NetName=NetPSU1_4 Pin=PSU1-4
Added Pin To Net: NetName=12V Pin=PSU1-5
Added Pin To Net: NetName=12V Pin=PSU1-6
Added Pin To Net: NetName=GND Pin=PSU1-7
Added Pin To Net: NetName=GND Pin=Q1-S
Added Pin To Net: NetName=V12 BATT 2 Pin=Q2A-1
Added Pin To Net: NetName=V12 BATT 2 Pin=Q2A-2
Added Pin To Net: NetName=V12 BATT 2 Pin=Q2A-3
Added Pin To Net: NetName=V12 BATT1 Pin=Q2B-1
Added Pin To Net: NetName=V12 BATT1 Pin=Q2B-2
Added Pin To Net: NetName=V12 BATT1 Pin=Q2B-3
Added Pin To Net: NetName=V24 BATT 2 Pin=Q2C-1
Added Pin To Net: NetName=V24 BATT 2 Pin=Q2C-2
Added Pin To Net: NetName=V24 BATT 2 Pin=Q2C-3
Added Pin To Net: NetName=V24 BATT1 Pin=Q2D-1
Added Pin To Net: NetName=V24 BATT1 Pin=Q2D-2
Added Pin To Net: NetName=V24 BATT1 Pin=Q2D-3
Added Pin To Net: NetName=NetR1_1 Pin=R1-1
Added Pin To Net: NetName=NetR1_2 Pin=R1-2
Added Pin To Net: NetName=GND Pin=R3-1
Added Pin To Net: NetName=NetR1_1 Pin=R3-2
Added Pin To Net: NetName=GND Pin=R5-1
Added Pin To Net: NetName=NetD1_2 Pin=R6-2
Added Pin To Net: NetName=GND Pin=R7-1
Added Pin To Net: NetName=NetP1_2 Pin=R8-1
Added Pin To Net: NetName=NetD2_2 Pin=R8-2
Added Pin To Net: NetName=RESET Pin=R9-1
Added Pin To Net: NetName=3V3 Pin=R9-2
Added Pin To Net: NetName=GND Pin=R10-1
Added Pin To Net: NetName=NetPSU1_4 Pin=R10-2
Added Pin To Net: NetName=5V Pin=R11-2
Added Pin To Net: NetName=GND Pin=R12-1
Added Pin To Net: NetName=GND Pin=R13-1
Added Pin To Net: NetName=GND Pin=R14A-1
Added Pin To Net: NetName=GND Pin=R14B-1
Added Pin To Net: NetName=GND Pin=R14C-1
Added Pin To Net: NetName=GND Pin=R14D-1
Added Pin To Net: NetName=NetD1_1 Pin=Rel1-1
Added Pin To Net: NetName=NetRel1_4 Pin=Rel1-4
Added Pin To Net: NetName=NetRel1_5 Pin=Rel1-5
Added Pin To Net: NetName=NetD1_2 Pin=Rel1-8
Added Pin To Net: NetName=NetD2_1 Pin=Rel2-1
Added Pin To Net: NetName=NetRel1_4 Pin=Rel2-3
Added Pin To Net: NetName=NetRel2_4 Pin=Rel2-4
Added Pin To Net: NetName=NetRel2_5 Pin=Rel2-5
Added Pin To Net: NetName=NetRel1_5 Pin=Rel2-6
Added Pin To Net: NetName=NetD2_2 Pin=Rel2-8
Added Pin To Net: NetName=GND Pin=S1-1
Added Pin To Net: NetName=GND Pin=S1-2
Added Pin To Net: NetName=SHDN Pin=S1-3
Added Pin To Net: NetName=SHDN Pin=S1-4
Added Pin To Net: NetName=GND Pin=S2-3
Added Pin To Net: NetName=GND Pin=S2-4
Added Pin To Net: NetName=GND Pin=S3-1
Added Pin To Net: NetName=GND Pin=S3-2
Added Pin To Net: NetName=NetPSU1_3 Pin=S3-3
Added Pin To Net: NetName=NetPSU1_3 Pin=S3-4
Added Pin To Net: NetName=NetRel1_4 Pin=U1-1
Added Pin To Net: NetName=NetR1_2 Pin=U1-2
Added Pin To Net: NetName=5V Pin=U1-3
Added Pin To Net: NetName=GND Pin=U1-5
Added Pin To Net: NetName=NetRel2_4 Pin=U2-1
Added Pin To Net: NetName=5V Pin=U2-3
Added Pin To Net: NetName=NetU2_4 Pin=U2-4
Added Pin To Net: NetName=GND Pin=U2-5
Added Pin To Net: NetName=NetRel2_5 Pin=U3-1
Added Pin To Net: NetName=5V Pin=U3-3
Added Pin To Net: NetName=NetU3_4 Pin=U3-4
Added Pin To Net: NetName=GND Pin=U3-5
Added Pin To Net: NetName=NetC2_1 Pin=U4-CE
Added Pin To Net: NetName=NetC2_1 Pin=U4-Vin
Added Pin To Net: NetName=PRE_3V3 Pin=U4-Vout
Added Pin To Net: NetName=GND Pin=U4-Vss
Added Pin To Net: NetName=GND Pin=U5-8
Added Pin To Net: NetName=PRE_3V3 Pin=U5-9
Added Pin To Net: NetName=NetP2_2 Pin=U5-10
Added Pin To Net: NetName=NetP2_1 Pin=U5-11
Added Pin To Net: NetName=NetP3_1 Pin=U5-12
Added Pin To Net: NetName=NetP3_2 Pin=U5-13
Added Pin To Net: NetName=GND Pin=U5-18
Added Pin To Net: NetName=PRE_3V3 Pin=U5-19
Added Pin To Net: NetName=MOSI Pin=U5-25
Added Pin To Net: NetName=MISO Pin=U5-26
Added Pin To Net: NetName=SCK Pin=U5-27
Added Pin To Net: NetName=GND Pin=U5-30
Added Pin To Net: NetName=PRE_3V3 Pin=U5-31
Added Pin To Net: NetName=RESET Pin=U5-35
Added Pin To Net: NetName=GND Pin=U5-38
Added Pin To Net: NetName=PRE_3V3 Pin=U5-39
Added Pin To Net: NetName=NetU2_4 Pin=U5-41
Added Pin To Net: NetName=NetU3_4 Pin=U5-42
Added Pin To Net: NetName=NetR1_1 Pin=U5-43
Added Pin To Net: NetName=GND Pin=U6-GND
Added Pin To Net: NetName=12V Pin=U6-INPUT
Added Pin To Net: NetName=9V Pin=U6-OUTPUT
Added Pin To Net: NetName=GND Pin=U7-GND
Added Pin To Net: NetName=12V Pin=U7-VIN
Added Pin To Net: NetName=V12 BATT 2 Pin=U8A-2
Added Pin To Net: NetName=V12 BATT 2 Pin=U8A-4
Added Pin To Net: NetName=V12 BATT 2 Pin=U8A-5
Added Pin To Net: NetName=V12 BATT1 Pin=U8B-2
Added Pin To Net: NetName=V12 BATT1 Pin=U8B-4
Added Pin To Net: NetName=V12 BATT1 Pin=U8B-5
Added Pin To Net: NetName=V24 BATT 2 Pin=U8C-2
Added Pin To Net: NetName=V24 BATT 2 Pin=U8C-4
Added Pin To Net: NetName=V24 BATT 2 Pin=U8C-5
Added Pin To Net: NetName=V24 BATT1 Pin=U8D-2
Added Pin To Net: NetName=V24 BATT1 Pin=U8D-4
Added Pin To Net: NetName=V24 BATT1 Pin=U8D-5
Added Pin To Net: NetName=MISO Pin=X1-1
Added Pin To Net: NetName=PRE_3V3 Pin=X1-2
Added Pin To Net: NetName=SCK Pin=X1-3
Added Pin To Net: NetName=MOSI Pin=X1-4
Added Pin To Net: NetName=RESET Pin=X1-5
Added Pin To Net: NetName=GND Pin=X1-6
Added Pin To Net: NetName=3V3 Pin=X2-2
Added Pin To Net: NetName=RESET Pin=X2-5
Added Pin To Net: NetName=GND Pin=X2-6
Added Pin To Net: NetName=NetC8_1 Pin=C8-1
Added Pin To Net: NetName=NetC8_1 Pin=D3-1
Added Pin To Net: NetName=NetC8_1 Pin=L1-2
Added Pin To Net: NetName=NetC8_1 Pin=U7-PH
Added Net: Name=NetC8_1
Added Pin To Net: NetName=NetC8_2 Pin=C8-2
Added Pin To Net: NetName=NetC8_2 Pin=U7-BOOT
Added Net: Name=NetC8_2
Added Pin To Net: NetName=NetC13_1 Pin=C13-1
Added Pin To Net: NetName=NetC13_1 Pin=C14-1
Added Pin To Net: NetName=NetC13_1 Pin=U7-COMP
Added Net: Name=NetC13_1
Added Pin To Net: NetName=NetC13_2 Pin=C13-2
Added Pin To Net: NetName=NetC13_2 Pin=R13-2
Added Net: Name=NetC13_2
Added Pin To Net: NetName=NetC15_1 Pin=C15-1
Added Pin To Net: NetName=NetC15_1 Pin=U7-SS
Added Net: Name=NetC15_1
Added Pin To Net: NetName=NetC16A_1 Pin=C16A-1
Added Pin To Net: NetName=NetC16A_1 Pin=C16B-1
Added Pin To Net: NetName=NetC16A_1 Pin=Q2A-5
Added Pin To Net: NetName=NetC16A_1 Pin=Q2A-6
Added Pin To Net: NetName=NetC16A_1 Pin=Q2A-7
Added Pin To Net: NetName=NetC16A_1 Pin=Q2A-8
Added Pin To Net: NetName=NetC16A_1 Pin=Q2B-5
Added Pin To Net: NetName=NetC16A_1 Pin=Q2B-6
Added Pin To Net: NetName=NetC16A_1 Pin=Q2B-7
Added Pin To Net: NetName=NetC16A_1 Pin=Q2B-8
Added Pin To Net: NetName=NetC16A_1 Pin=Rel1-6
Added Pin To Net: NetName=NetC16A_1 Pin=U8A-8
Added Pin To Net: NetName=NetC16A_1 Pin=U8B-8
Added Net: Name=NetC16A_1
Added Pin To Net: NetName=NetC16C_1 Pin=C16C-1
Added Pin To Net: NetName=NetC16C_1 Pin=C16D-1
Added Pin To Net: NetName=NetC16C_1 Pin=Q2C-5
Added Pin To Net: NetName=NetC16C_1 Pin=Q2C-6
Added Pin To Net: NetName=NetC16C_1 Pin=Q2C-7
Added Pin To Net: NetName=NetC16C_1 Pin=Q2C-8
Added Pin To Net: NetName=NetC16C_1 Pin=Q2D-5
Added Pin To Net: NetName=NetC16C_1 Pin=Q2D-6
Added Pin To Net: NetName=NetC16C_1 Pin=Q2D-7
Added Pin To Net: NetName=NetC16C_1 Pin=Q2D-8
Added Pin To Net: NetName=NetC16C_1 Pin=Rel1-3
Added Pin To Net: NetName=NetC16C_1 Pin=U8C-8
Added Pin To Net: NetName=NetC16C_1 Pin=U8D-8
Added Net: Name=NetC16C_1
Added Pin To Net: NetName=NetD4A_2 Pin=D4A-2
Added Pin To Net: NetName=NetD4A_2 Pin=Q2A-4
Added Pin To Net: NetName=NetD4A_2 Pin=U8A-1
Added Net: Name=NetD4A_2
Added Pin To Net: NetName=NetD4B_2 Pin=D4B-2
Added Pin To Net: NetName=NetD4B_2 Pin=Q2B-4
Added Pin To Net: NetName=NetD4B_2 Pin=U8B-1
Added Net: Name=NetD4B_2
Added Pin To Net: NetName=NetD4C_2 Pin=D4C-2
Added Pin To Net: NetName=NetD4C_2 Pin=Q2C-4
Added Pin To Net: NetName=NetD4C_2 Pin=U8C-1
Added Net: Name=NetD4C_2
Added Pin To Net: NetName=NetD4D_2 Pin=D4D-2
Added Pin To Net: NetName=NetD4D_2 Pin=Q2D-4
Added Pin To Net: NetName=NetD4D_2 Pin=U8D-1
Added Net: Name=NetD4D_2
Added Pin To Net: NetName=NetD5A_1 Pin=D5A-1
Added Pin To Net: NetName=NetD5A_1 Pin=D6A-1
Added Net: Name=NetD5A_1
Added Pin To Net: NetName=NetD5B_1 Pin=D5B-1
Added Pin To Net: NetName=NetD5B_1 Pin=D6B-1
Added Net: Name=NetD5B_1
Added Pin To Net: NetName=NetD5C_1 Pin=D5C-1
Added Pin To Net: NetName=NetD5C_1 Pin=D6C-1
Added Net: Name=NetD5C_1
Added Pin To Net: NetName=NetD5D_1 Pin=D5D-1
Added Pin To Net: NetName=NetD5D_1 Pin=D6D-1
Added Net: Name=NetD5D_1
Added Pin To Net: NetName=NetQ1_D Pin=Q1-D
Added Pin To Net: NetName=NetQ1_D Pin=R6-1
Added Pin To Net: NetName=NetQ1_D Pin=S2-1
Added Pin To Net: NetName=NetQ1_D Pin=S2-2
Added Net: Name=NetQ1_D
Added Pin To Net: NetName=NetQ1_G Pin=Q1-G
Added Net: Name=NetQ1_G
Added Pin To Net: NetName=NetR2_1 Pin=R2-1
Added Pin To Net: NetName=NetR2_1 Pin=R5-2
Added Pin To Net: NetName=NetR2_1 Pin=U5-44
Added Net: Name=NetR2_1
Added Pin To Net: NetName=NetR2_2 Pin=R2-2
Added Pin To Net: NetName=NetR2_2 Pin=U2-2
Added Net: Name=NetR2_2
Added Pin To Net: NetName=NetR4_1 Pin=R4-1
Added Pin To Net: NetName=NetR4_1 Pin=R7-2
Added Pin To Net: NetName=NetR4_1 Pin=U5-1
Added Net: Name=NetR4_1
Added Pin To Net: NetName=NetR4_2 Pin=R4-2
Added Pin To Net: NetName=NetR4_2 Pin=U3-2
Added Net: Name=NetR4_2
Added Pin To Net: NetName=NetR11_1 Pin=R11-1
Added Pin To Net: NetName=NetR11_1 Pin=R12-2
Added Pin To Net: NetName=NetR11_1 Pin=U7-VSENSE
Added Net: Name=NetR11_1
Added Pin To Net: NetName=NetR14A_2 Pin=R14A-2
Added Pin To Net: NetName=NetR14A_2 Pin=U8A-6
Added Net: Name=NetR14A_2
Added Pin To Net: NetName=NetR14B_2 Pin=R14B-2
Added Pin To Net: NetName=NetR14B_2 Pin=U8B-6
Added Net: Name=NetR14B_2
Added Pin To Net: NetName=NetR14C_2 Pin=R14C-2
Added Pin To Net: NetName=NetR14C_2 Pin=U8C-6
Added Net: Name=NetR14C_2
Added Pin To Net: NetName=NetR14D_2 Pin=R14D-2
Added Pin To Net: NetName=NetR14D_2 Pin=U8D-6
Added Net: Name=NetR14D_2
Added Pin To Net: NetName=NetU1_4 Pin=U1-4
Added Pin To Net: NetName=NetU1_4 Pin=U5-40
Added Net: Name=NetU1_4
Added Pin To Net: NetName=NetU5_34 Pin=U5-34
Added Pin To Net: NetName=NetU5_34 Pin=X2-1
Added Net: Name=NetU5_34
Added Member To Class: ClassName=U_Microcontroller Member=Component C1 Cap
Added Member To Class: ClassName=U_Microcontroller Member=Component C2 Cap
Added Member To Class: ClassName=U_Microcontroller Member=Component C3 Cap
Added Member To Class: ClassName=U_Power Distribution Member=Component C4 CapPol
Added Member To Class: ClassName=U_Power Distribution Member=Component C5 Cap
Added Member To Class: ClassName=U_Power Distribution Member=Component C6 Cap
Added Member To Class: ClassName=U_Power Distribution Member=Component C7 Cap
Added Member To Class: ClassName=U_Power Distribution Member=Component C8 Cap
Added Member To Class: ClassName=U_Power Distribution Member=Component C9 Cap
Added Member To Class: ClassName=U_Power Distribution Member=Component C10 Cap
Added Member To Class: ClassName=U_Power Distribution Member=Component C11 Cap
Added Member To Class: ClassName=U_Power Distribution Member=Component C12 Cap
Added Member To Class: ClassName=U_Power Distribution Member=Component C13 Cap
Added Member To Class: ClassName=U_Power Distribution Member=Component C14 Cap
Added Member To Class: ClassName=U_Power Distribution Member=Component C15 Cap
Added Member To Class: ClassName=D1 Member=Component C16A (C16) Cap
Added Member To Class: ClassName=D2 Member=Component C16B (C16) Cap
Added Member To Class: ClassName=D3 Member=Component C16C (C16) Cap
Added Member To Class: ClassName=D4 Member=Component C16D (C16) Cap
Added Member To Class: ClassName=U_Power Conditioning Member=Component D1 Diode
Added Member To Class: ClassName=U_Power Conditioning Member=Component D2 Diode
Added Member To Class: ClassName=U_Power Distribution Member=Component D3 Shottky
Added Member To Class: ClassName=D1 Member=Component D4A (D4) DDZ9699T-7 Zener
Added Member To Class: ClassName=D2 Member=Component D4B (D4) DDZ9699T-7 Zener
Added Member To Class: ClassName=D3 Member=Component D4C (D4) DDZ9699T-7 Zener
Added Member To Class: ClassName=D4 Member=Component D4D (D4) DDZ9699T-7 Zener
Added Member To Class: ClassName=D1 Member=Component D5A (D5) SMAT70A-13-F Zener
Added Member To Class: ClassName=D2 Member=Component D5B (D5) SMAT70A-13-F Zener
Added Member To Class: ClassName=D3 Member=Component D5C (D5) SMAT70A-13-F Zener
Added Member To Class: ClassName=D4 Member=Component D5D (D5) SMAT70A-13-F Zener
Added Member To Class: ClassName=D1 Member=Component D6A (D6) SMAJ24A Zener
Added Member To Class: ClassName=D2 Member=Component D6B (D6) SMAJ24A Zener
Added Member To Class: ClassName=D3 Member=Component D6C (D6) SMAJ24A Zener
Added Member To Class: ClassName=D4 Member=Component D6D (D6) SMAJ24A Zener
Added Member To Class: ClassName=U_Power Distribution Member=Component L1 Inductor
Added Member To Class: ClassName=U_Power Conditioning Member=Component P1 Header 2X2
Added Member To Class: ClassName=U_Microcontroller Member=Component P2 Header 2
Added Member To Class: ClassName=U_Microcontroller Member=Component P3 Header 2
Added Member To Class: ClassName=U_Power Distribution Member=Component PSU1 PTN78020W
Added Member To Class: ClassName=U_Power Conditioning Member=Component Q1 N-MOSFET
Added Member To Class: ClassName=D1 Member=Component Q2A (Q2) BSO033N03MS G
Added Member To Class: ClassName=D2 Member=Component Q2B (Q2) BSO033N03MS G
Added Member To Class: ClassName=D3 Member=Component Q2C (Q2) BSO033N03MS G
Added Member To Class: ClassName=D4 Member=Component Q2D (Q2) BSO033N03MS G
Added Member To Class: ClassName=U_Power Conditioning Member=Component R1 Resistor
Added Member To Class: ClassName=U_Power Conditioning Member=Component R2 Resistor
Added Member To Class: ClassName=U_Power Conditioning Member=Component R3 Resistor
Added Member To Class: ClassName=U_Power Conditioning Member=Component R4 Resistor
Added Member To Class: ClassName=U_Power Conditioning Member=Component R5 Resistor
Added Member To Class: ClassName=U_Power Conditioning Member=Component R6 Resistor
Added Member To Class: ClassName=U_Power Conditioning Member=Component R7 Resistor
Added Member To Class: ClassName=U_Power Conditioning Member=Component R8 Resistor
Added Member To Class: ClassName=U_Microcontroller Member=Component R9 Resistor
Added Member To Class: ClassName=U_Power Distribution Member=Component R10 Resistor
Added Member To Class: ClassName=U_Power Distribution Member=Component R11 Resistor
Added Member To Class: ClassName=U_Power Distribution Member=Component R12 Resistor
Added Member To Class: ClassName=U_Power Distribution Member=Component R13 Resistor
Added Member To Class: ClassName=D1 Member=Component R14A (R14) Res3
Added Member To Class: ClassName=D2 Member=Component R14B (R14) Res3
Added Member To Class: ClassName=D3 Member=Component R14C (R14) Res3
Added Member To Class: ClassName=D4 Member=Component R14D (R14) Res3
Added Member To Class: ClassName=U_Power Conditioning Member=Component Rel1 DPDT Relay, 24V, 5A
Added Member To Class: ClassName=U_Power Conditioning Member=Component Rel2 DPDT Relay, 24V, 5A
Added Member To Class: ClassName=U_Power Conditioning Member=Component S1 FSM2JSMA
Added Member To Class: ClassName=U_Power Conditioning Member=Component S2 FSM2JSMA
Added Member To Class: ClassName=U_Power Distribution Member=Component S3 FSM2JSMA
Added Member To Class: ClassName=U_Power Conditioning Member=Component U1 AC712 Current Sensor
Added Member To Class: ClassName=U_Power Conditioning Member=Component U2 AC712 Current Sensor
Added Member To Class: ClassName=U_Power Conditioning Member=Component U3 AC712 Current Sensor
Added Member To Class: ClassName=U_Microcontroller Member=Component U4 XC6701B332
Added Member To Class: ClassName=U_Microcontroller Member=Component U5 ATxmega16D4-AU
Added Member To Class: ClassName=U_Power Distribution Member=Component U6 L7809
Added Member To Class: ClassName=U_Power Distribution Member=Component U7 TPS54231
Added Member To Class: ClassName=D1 Member=Component U8A (U8) LTC4359CMS8#PBF
Added Member To Class: ClassName=D2 Member=Component U8B (U8) LTC4359CMS8#PBF
Added Member To Class: ClassName=D3 Member=Component U8C (U8) LTC4359CMS8#PBF
Added Member To Class: ClassName=D4 Member=Component U8D (U8) LTC4359CMS8#PBF
Added Member To Class: ClassName=U_Microcontroller Member=Component X1 Header
Added Member To Class: ClassName=U_Microcontroller Member=Component X2 Header
Added Room: Name=D1
Added Room: Name=D2
Added Room: Name=D3
Added Room: Name=D4
Added Room: Name=U_Microcontroller
Added Room: Name=U_Power Conditioning
Added Room: Name=U_Power Distribution
