Removed Pin From Net: NetName=RAW_24V Pin=Rel2-4
Removed Pin From Net: NetName=RAW_24V Pin=Rel2-4
Removed Pin From Net: NetName=NetC16A_1 Pin=Rel2-8
Removed Pin From Net: NetName=NetC16A_1 Pin=Rel2-8
Removed Pin From Net: NetName=NetRel3_2 Pin=Rel3-2
Removed Pin From Net: NetName=NetRel3_2 Pin=Rel3-2
Removed Pin From Net: NetName=NetRel2_2 Pin=Rel3-4
Removed Pin From Net: NetName=NetRel2_2 Pin=Rel3-4
Removed Pin From Net: NetName=NetRel3_6 Pin=Rel3-6
Removed Pin From Net: NetName=NetRel3_6 Pin=Rel3-6
Removed Pin From Net: NetName=NetRel2_6 Pin=Rel3-8
Removed Pin From Net: NetName=NetRel2_6 Pin=Rel3-8
Removed Pin From Net: NetName=NetRel2_2 Pin=U1-1
Removed Pin From Net: NetName=NetRel3_2 Pin=U2-1
Removed Pin From Net: NetName=NetRel3_6 Pin=U3-1
Removed Member From Class: ClassName=U_Power Conditioning Member=Rel3
Added Pin To Net: NetName=NetRel3_6 Pin=Rel1-2
Added Pin To Net: NetName=NetRel3_6 Pin=Rel1-2
Added Pin To Net: NetName=RAW_24V Pin=Rel1-4
Added Pin To Net: NetName=RAW_24V Pin=Rel1-4
Added Pin To Net: NetName=NetRel3_2 Pin=Rel1-6
Added Pin To Net: NetName=NetRel3_2 Pin=Rel1-6
Added Pin To Net: NetName=NetC16A_1 Pin=Rel1-8
Added Pin To Net: NetName=NetC16A_1 Pin=Rel1-8
Added Pin To Net: NetName=NetRel3_6 Pin=Rel2-4
Added Pin To Net: NetName=NetRel3_6 Pin=Rel2-4
Added Pin To Net: NetName=NetRel3_2 Pin=Rel2-8
Added Pin To Net: NetName=NetRel3_2 Pin=Rel2-8
Added Pin To Net: NetName=NetRel3_6 Pin=U1-1
Added Pin To Net: NetName=NetRel2_2 Pin=U2-1
Added Pin To Net: NetName=NetRel2_6 Pin=U3-1
Change Net Name : Old Net Name=NetRel3_2 New Net Name=NetRel1_6
Change Net Name : Old Net Name=NetRel3_6 New Net Name=NetRel1_2
