Change Component Designator: OldDesignator=C15_D1 NewDesignator=C15_DA
Change Component Designator: OldDesignator=C15_D2 NewDesignator=C15_DB
Change Component Designator: OldDesignator=C15_D3 NewDesignator=C15_DC
Change Component Designator: OldDesignator=C15_D4 NewDesignator=C15_DD
Change Component Designator: OldDesignator=D3_D1 NewDesignator=D3_DA
Change Component Designator: OldDesignator=D3_D2 NewDesignator=D3_DB
Change Component Designator: OldDesignator=D3_D3 NewDesignator=D3_DC
Change Component Designator: OldDesignator=D3_D4 NewDesignator=D3_DD
Change Component Designator: OldDesignator=D4_D1 NewDesignator=D4_DA
Change Component Designator: OldDesignator=D4_D2 NewDesignator=D4_DB
Change Component Designator: OldDesignator=D4_D3 NewDesignator=D4_DC
Change Component Designator: OldDesignator=D4_D4 NewDesignator=D4_DD
Change Component Designator: OldDesignator=D5_D1 NewDesignator=D5_DA
Change Component Designator: OldDesignator=D5_D2 NewDesignator=D5_DB
Change Component Designator: OldDesignator=D5_D3 NewDesignator=D5_DC
Change Component Designator: OldDesignator=D5_D4 NewDesignator=D5_DD
Change Component Designator: OldDesignator=Q3_D1 NewDesignator=Q3_DA
Change Component Designator: OldDesignator=Q3_D2 NewDesignator=Q3_DB
Change Component Designator: OldDesignator=Q3_D3 NewDesignator=Q3_DC
Change Component Designator: OldDesignator=Q3_D4 NewDesignator=Q3_DD
Change Component Designator: OldDesignator=R9_D1 NewDesignator=R9_DA
Change Component Designator: OldDesignator=R9_D2 NewDesignator=R9_DB
Change Component Designator: OldDesignator=R9_D3 NewDesignator=R9_DC
Change Component Designator: OldDesignator=R9_D4 NewDesignator=R9_DD
Change Component Designator: OldDesignator=U8_D1 NewDesignator=U8_DA
Change Component Designator: OldDesignator=U8_D2 NewDesignator=U8_DB
Change Component Designator: OldDesignator=U8_D3 NewDesignator=U8_DC
Change Component Designator: OldDesignator=U8_D4 NewDesignator=U8_DD
Change Net Name : Old Net Name=NetC15_D1_1 New Net Name=NetC15_DA_1
Change Net Name : Old Net Name=NetC15_D3_1 New Net Name=NetC15_DC_1
Change Net Name : Old Net Name=NetD3_D1_2 New Net Name=NetD3_DA_2
Change Net Name : Old Net Name=NetD3_D2_2 New Net Name=NetD3_DB_2
Change Net Name : Old Net Name=NetD3_D3_2 New Net Name=NetD3_DC_2
Change Net Name : Old Net Name=NetD3_D4_2 New Net Name=NetD3_DD_2
Change Net Name : Old Net Name=NetD4_D1_1 New Net Name=NetD4_DA_1
Change Net Name : Old Net Name=NetD4_D2_1 New Net Name=NetD4_DB_1
Change Net Name : Old Net Name=NetD4_D3_1 New Net Name=NetD4_DC_1
Change Net Name : Old Net Name=NetD4_D4_1 New Net Name=NetD4_DD_1
Change Net Name : Old Net Name=NetR9_D1_2 New Net Name=NetR9_DA_2
Change Net Name : Old Net Name=NetR9_D2_2 New Net Name=NetR9_DB_2
Change Net Name : Old Net Name=NetR9_D3_2 New Net Name=NetR9_DC_2
Change Net Name : Old Net Name=NetR9_D4_2 New Net Name=NetR9_DD_2
Change Class Name : Old Net Name=D1 New Net Name=DA
Change Class Name : Old Net Name=D2 New Net Name=DB
Change Class Name : Old Net Name=D3 New Net Name=DC
Change Class Name : Old Net Name=D4 New Net Name=DD
Added Room: Name=DA
Added Room: Name=DB
Added Room: Name=DC
Added Room: Name=DD
