Change Component Designator: OldDesignator=C15_D1 NewDesignator=C15A
Change Component Designator: OldDesignator=C15_D2 NewDesignator=C15B
Change Component Designator: OldDesignator=C15_D3 NewDesignator=C15C
Change Component Designator: OldDesignator=C15_D4 NewDesignator=C15D
Change Component Designator: OldDesignator=D3_D1 NewDesignator=D3A
Change Component Designator: OldDesignator=D3_D2 NewDesignator=D3B
Change Component Designator: OldDesignator=D3_D3 NewDesignator=D3C
Change Component Designator: OldDesignator=D3_D4 NewDesignator=D3D
Change Component Designator: OldDesignator=D4_D1 NewDesignator=D4A
Change Component Designator: OldDesignator=D4_D2 NewDesignator=D4B
Change Component Designator: OldDesignator=D4_D3 NewDesignator=D4C
Change Component Designator: OldDesignator=D4_D4 NewDesignator=D4D
Change Component Designator: OldDesignator=D5_D1 NewDesignator=D5A
Change Component Designator: OldDesignator=D5_D2 NewDesignator=D5B
Change Component Designator: OldDesignator=D5_D3 NewDesignator=D5C
Change Component Designator: OldDesignator=D5_D4 NewDesignator=D5D
Change Component Designator: OldDesignator=Q3_D1 NewDesignator=Q3A
Change Component Designator: OldDesignator=Q3_D2 NewDesignator=Q3B
Change Component Designator: OldDesignator=Q3_D3 NewDesignator=Q3C
Change Component Designator: OldDesignator=Q3_D4 NewDesignator=Q3D
Change Component Designator: OldDesignator=R9_D1 NewDesignator=R9A
Change Component Designator: OldDesignator=R9_D2 NewDesignator=R9B
Change Component Designator: OldDesignator=R9_D3 NewDesignator=R9C
Change Component Designator: OldDesignator=R9_D4 NewDesignator=R9D
Change Component Designator: OldDesignator=U8_D1 NewDesignator=U8A
Change Component Designator: OldDesignator=U8_D2 NewDesignator=U8B
Change Component Designator: OldDesignator=U8_D3 NewDesignator=U8C
Change Component Designator: OldDesignator=U8_D4 NewDesignator=U8D
Change Net Name : Old Net Name=NetC15_D1_1 New Net Name=NetC15A_1
Change Net Name : Old Net Name=NetC15_D3_1 New Net Name=NetC15C_1
Change Net Name : Old Net Name=NetD3_D1_2 New Net Name=NetD3A_2
Change Net Name : Old Net Name=NetD3_D2_2 New Net Name=NetD3B_2
Change Net Name : Old Net Name=NetD3_D3_2 New Net Name=NetD3C_2
Change Net Name : Old Net Name=NetD3_D4_2 New Net Name=NetD3D_2
Change Net Name : Old Net Name=NetD4_D1_1 New Net Name=NetD4A_1
Change Net Name : Old Net Name=NetD4_D2_1 New Net Name=NetD4B_1
Change Net Name : Old Net Name=NetD4_D3_1 New Net Name=NetD4C_1
Change Net Name : Old Net Name=NetD4_D4_1 New Net Name=NetD4D_1
Change Net Name : Old Net Name=NetR9_D1_2 New Net Name=NetR9A_2
Change Net Name : Old Net Name=NetR9_D2_2 New Net Name=NetR9B_2
Change Net Name : Old Net Name=NetR9_D3_2 New Net Name=NetR9C_2
Change Net Name : Old Net Name=NetR9_D4_2 New Net Name=NetR9D_2
