Removed Pin From Net: NetName=GND Pin=C16A-2
Removed Pin From Net: NetName=GND Pin=C16B-2
Removed Pin From Net: NetName=GND Pin=D5A-1
Removed Pin From Net: NetName=GND Pin=D5B-1
Removed Pin From Net: NetName=GND Pin=R7-1
Removed Pin From Net: NetName=GND Pin=R14A-1
Removed Pin From Net: NetName=GND Pin=R14B-1
Removed Pin From Net: NetName=RAW_24V Pin=Rel1-0
Removed Pin From Net: NetName=RAW_24V Pin=Rel1-0
Removed Pin From Net: NetName=RAW_24V Pin=Rel2-0
Removed Pin From Net: NetName=RAW_24V Pin=Rel2-0
Removed Pin From Net: NetName=5V Pin=U3-3
Removed Pin From Net: NetName=GND Pin=U3-5
Removed Member From Class: ClassName=U_Power Conditioning Member=R4
Removed Member From Class: ClassName=U_Power Conditioning Member=R7
Removed Member From Class: ClassName=U_Power Conditioning Member=U3
Change Component Comment : Designator=Rel1 Old Comment=DPST Relay, 24V, 30A New Comment=ALFG2PF24
Change Component Comment : Designator=Rel2 Old Comment=DPST Relay, 24V, 30A New Comment=ALFG2PF24
Change Component Designator: OldDesignator=C16C NewDesignator=C16A
Change Component Designator: OldDesignator=C16D NewDesignator=C16B
Change Component Designator: OldDesignator=D4C NewDesignator=D4A
Change Component Designator: OldDesignator=D4D NewDesignator=D4B
Change Component Designator: OldDesignator=D5C NewDesignator=D5A
Change Component Designator: OldDesignator=D5D NewDesignator=D5B
Change Component Designator: OldDesignator=Q2C NewDesignator=Q2A
Change Component Designator: OldDesignator=Q2D NewDesignator=Q2B
Change Component Designator: OldDesignator=R14C NewDesignator=R14A
Change Component Designator: OldDesignator=R14D NewDesignator=R14B
Change Component Designator: OldDesignator=U8C NewDesignator=U8A
Change Component Designator: OldDesignator=U8D NewDesignator=U8B
Added Pin To Net: NetName=RAW_24V Pin=Rel1-2
Added Pin To Net: NetName=RAW_24V Pin=Rel1-2
Added Pin To Net: NetName=RAW_24V Pin=Rel2-2
Added Pin To Net: NetName=RAW_24V Pin=Rel2-2
Change Net Name : Old Net Name=NetD4C_2 New Net Name=NetD4A_2
Change Net Name : Old Net Name=NetD4D_2 New Net Name=NetD4B_2
Change Net Name : Old Net Name=NetR14C_2 New Net Name=NetR14A_2
Change Net Name : Old Net Name=NetR14D_2 New Net Name=NetR14B_2
Added Pin To Net: NetName=NetREL1_3 Pin=Rel1-3
Added Pin To Net: NetName=NetREL1_3 Pin=Rel1-3
Added Pin To Net: NetName=NetREL1_3 Pin=Rel2-4
Added Pin To Net: NetName=NetREL1_3 Pin=Rel2-4
Added Pin To Net: NetName=NetREL1_3 Pin=U1-1
Added Net: Name=NetREL1_3
Added Pin To Net: NetName=NetREL2_3 Pin=Rel2-3
Added Pin To Net: NetName=NetREL2_3 Pin=Rel2-3
Added Pin To Net: NetName=NetREL2_3 Pin=U2-1
Added Net: Name=NetREL2_3
Added Pin To Net: NetName=NetU5_1 Pin=U5-1
Added Net: Name=NetU5_1
Added Pin To Net: NetName=NetU5_42 Pin=U5-42
Added Net: Name=NetU5_42
