Added Component: Designator=C1(RADIAL-5MM)
Added Component: Designator=C2(C1210)
Added Component: Designator=C3(C0805)
Added Component: Designator=C4(C0805)
Added Component: Designator=C5(C0805)
Added Component: Designator=C6(C1206)
Added Component: Designator=C7(C0805)
Added Component: Designator=C8(C0805)
Added Component: Designator=C9(C0805)
Added Component: Designator=C10(C0805)
Added Component: Designator=C11(C0805)
Added Component: Designator=C12(C0805)
Added Component: Designator=D10(SCHOTTKY-B220/A)
Added Component: Designator=L1(INDUCTOR-WE-PD)
Added Component: Designator=PSU1(PTN78020)
Added Component: Designator=R4(R0805)
Added Component: Designator=R5(R0805)
Added Component: Designator=R6(R0805)
Added Component: Designator=R7(R0805)
Added Component: Designator=S3(FSM2JSMA)
Added Component: Designator=U5(L7809CD2T-D2PAK)
Added Component: Designator=U6(TPS54231-SOIC8)
Added Pin To Net: NetName=GND Pin=C1-2
Added Pin To Net: NetName=GND Pin=C2-2
Added Pin To Net: NetName=GND Pin=C3-2
Added Pin To Net: NetName=GND Pin=C4-2
Added Pin To Net: NetName=GND Pin=C6-2
Added Pin To Net: NetName=GND Pin=C7-2
Added Pin To Net: NetName=GND Pin=C8-2
Added Pin To Net: NetName=GND Pin=C9-2
Added Pin To Net: NetName=GND Pin=C11-2
Added Pin To Net: NetName=GND Pin=C12-2
Added Pin To Net: NetName=GND Pin=D10-2
Added Pin To Net: NetName=GND Pin=PSU1-1
Added Pin To Net: NetName=GND Pin=PSU1-7
Added Pin To Net: NetName=GND Pin=R4-1
Added Pin To Net: NetName=GND Pin=R6-1
Added Pin To Net: NetName=GND Pin=R7-1
Added Pin To Net: NetName=GND Pin=S3-1
Added Pin To Net: NetName=GND Pin=S3-2
Added Pin To Net: NetName=GND Pin=U5-GND
Added Pin To Net: NetName=GND Pin=U6-GND
Added Pin To Net: NetName=5V Pin=C6-1
Added Pin To Net: NetName=5V Pin=L1-1
Added Pin To Net: NetName=5V Pin=R5-2
Added Net: Name=5V
Added Pin To Net: NetName=9V Pin=C4-1
Added Pin To Net: NetName=9V Pin=U5-OUTPUT
Added Net: Name=9V
Added Pin To Net: NetName=12V Pin=C1-1
Added Pin To Net: NetName=12V Pin=C3-1
Added Pin To Net: NetName=12V Pin=C7-1
Added Pin To Net: NetName=12V Pin=C8-1
Added Pin To Net: NetName=12V Pin=C9-1
Added Pin To Net: NetName=12V Pin=PSU1-5
Added Pin To Net: NetName=12V Pin=PSU1-6
Added Pin To Net: NetName=12V Pin=U5-INPUT
Added Pin To Net: NetName=12V Pin=U6-VIN
Added Net: Name=12V
Added Pin To Net: NetName=NetC2_1 Pin=C2-1
Added Pin To Net: NetName=NetC2_1 Pin=PSU1-2
Added Net: Name=NetC2_1
Added Pin To Net: NetName=NetC5_1 Pin=C5-1
Added Pin To Net: NetName=NetC5_1 Pin=D10-1
Added Pin To Net: NetName=NetC5_1 Pin=L1-2
Added Pin To Net: NetName=NetC5_1 Pin=U6-PH
Added Net: Name=NetC5_1
Added Pin To Net: NetName=NetC5_2 Pin=C5-2
Added Pin To Net: NetName=NetC5_2 Pin=U6-BOOT
Added Net: Name=NetC5_2
Added Pin To Net: NetName=NetC10_1 Pin=C10-1
Added Pin To Net: NetName=NetC10_1 Pin=C11-1
Added Pin To Net: NetName=NetC10_1 Pin=U6-COMP
Added Net: Name=NetC10_1
Added Pin To Net: NetName=NetC10_2 Pin=C10-2
Added Pin To Net: NetName=NetC10_2 Pin=R7-2
Added Net: Name=NetC10_2
Added Pin To Net: NetName=NetC12_1 Pin=C12-1
Added Pin To Net: NetName=NetC12_1 Pin=U6-SS
Added Net: Name=NetC12_1
Added Pin To Net: NetName=NetPSU1_3 Pin=PSU1-3
Added Pin To Net: NetName=NetPSU1_3 Pin=S3-3
Added Pin To Net: NetName=NetPSU1_3 Pin=S3-4
Added Net: Name=NetPSU1_3
Added Pin To Net: NetName=NetPSU1_4 Pin=PSU1-4
Added Pin To Net: NetName=NetPSU1_4 Pin=R4-2
Added Net: Name=NetPSU1_4
Added Pin To Net: NetName=NetR5_1 Pin=R5-1
Added Pin To Net: NetName=NetR5_1 Pin=R6-2
Added Pin To Net: NetName=NetR5_1 Pin=U6-VSENSE
Added Net: Name=NetR5_1
Added Class: Name=U_Power Distribution
Added Room: Name=U_Power Distribution
