Added Component: Designator=BP1(1792708)
Added Pin To Net: NetName=NetC4B_1 Pin=BP1-1
Added Pin To Net: NetName=NetC4B_1 Pin=BP1-2
Added Pin To Net: NetName=NetC4A_1 Pin=BP1-3
Added Pin To Net: NetName=NetC4A_1 Pin=BP1-4
Added Pin To Net: NetName=GND Pin=BP1-10
Change Net Name : Old Net Name=NetC4A_1 New Net Name=NetBP1_3
Change Net Name : Old Net Name=NetC4B_1 New Net Name=NetBP1_1
Added Pin To Net: NetName=NetBP1_5 Pin=BP1-5
Added Pin To Net: NetName=NetBP1_5 Pin=BP1-6
Added Pin To Net: NetName=NetBP1_5 Pin=R2-2
Added Pin To Net: NetName=NetBP1_5 Pin=U2-2
Added Net: Name=NetBP1_5
Added Pin To Net: NetName=NetBP1_7 Pin=BP1-7
Added Pin To Net: NetName=NetBP1_7 Pin=R1-2
Added Pin To Net: NetName=NetBP1_7 Pin=U1-2
Added Net: Name=NetBP1_7
Added Pin To Net: NetName=NetBP1_8 Pin=BP1-8
Added Pin To Net: NetName=NetBP1_8 Pin=P2-2
Added Pin To Net: NetName=NetBP1_8 Pin=U5-10
Added Net: Name=NetBP1_8
Added Pin To Net: NetName=NetBP1_9 Pin=BP1-9
Added Pin To Net: NetName=NetBP1_9 Pin=P2-1
Added Pin To Net: NetName=NetBP1_9 Pin=U5-11
Added Net: Name=NetBP1_9
Added Member To Class: ClassName=Power Board Member=Component BP1 Phoenix Header 10
