Added Component: Designator=REL1(LF-G Series Relay)
Added Component: Designator=REL2(LF-G Series Relay)
Added Pin To Net: NetName=NetD1_1 Pin=REL1-1
Added Pin To Net: NetName=RAW_24V Pin=REL1-2
Added Pin To Net: NetName=NetREL1_3 Pin=REL1-3
Added Pin To Net: NetName=RAW_24V Pin=REL1-4
Added Pin To Net: NetName=NetD2_1 Pin=REL2-1
Added Pin To Net: NetName=RAW_24V Pin=REL2-2
Added Pin To Net: NetName=NetREL2_3 Pin=REL2-3
Added Pin To Net: NetName=NetREL1_3 Pin=REL2-4
Added Member To Class: ClassName=D1 Member=Component C16A (C16) Cap
Added Member To Class: ClassName=D2 Member=Component C16B (C16) Cap
Added Member To Class: ClassName=D1 Member=Component D4A (D4) DDZ9699T-7 Zener
Added Member To Class: ClassName=D2 Member=Component D4B (D4) DDZ9699T-7 Zener
Added Member To Class: ClassName=D1 Member=Component D5A (D5) Bidirectional Zener
Added Member To Class: ClassName=D2 Member=Component D5B (D5) Bidirectional Zener
Added Member To Class: ClassName=D1 Member=Component Q2A (Q2) BSO033N03MS G
Added Member To Class: ClassName=D2 Member=Component Q2B (Q2) BSO033N03MS G
Added Member To Class: ClassName=D1 Member=Component R14A (R14) Res3
Added Member To Class: ClassName=D2 Member=Component R14B (R14) Res3
Added Member To Class: ClassName=U_Power Conditioning Member=Component REL1 ALFG2PF24
Added Member To Class: ClassName=U_Power Conditioning Member=Component REL2 ALFG2PF24
Added Member To Class: ClassName=D1 Member=Component U8A (U8) LTC4359CMS8#PBF
Added Member To Class: ClassName=D2 Member=Component U8B (U8) LTC4359CMS8#PBF
