Removed Pin From Net: NetName=RAW_24V Pin=C5BA-1
Removed Pin From Net: NetName=RAW_24V Pin=C5BB-1
Removed Pin From Net: NetName=NetC6B_1 Pin=C6B-1
Removed Pin From Net: NetName=5V Pin=C7B-1
Removed Pin From Net: NetName=BATTB Pin=C8B-1
Removed Pin From Net: NetName=RESET Pin=R1B-1
Removed Pin From Net: NetName=PRE_3V3 Pin=R1B-2
Removed Pin From Net: NetName=NetR2B_1 Pin=R2B-1
Removed Pin From Net: NetName=NetP1B_5 Pin=R2B-2
Removed Pin From Net: NetName=NetR3B_1 Pin=R3B-1
Removed Pin From Net: NetName=NetP1B_6 Pin=R3B-2
Removed Pin From Net: NetName=GND Pin=R4B-1
Removed Pin From Net: NetName=NetR2B_1 Pin=R4B-2
Removed Pin From Net: NetName=GND Pin=R5B-1
Removed Pin From Net: NetName=NetR3B_1 Pin=R5B-2
Removed Pin From Net: NetName=NetR6BA_2 Pin=R6BA-2
Removed Pin From Net: NetName=NetR6BB_2 Pin=R6BB-2
Removed Pin From Net: NetName=NetR7B_1 Pin=R7B-1
Removed Pin From Net: NetName=NetD5B_K Pin=R7B-2
Removed Pin From Net: NetName=NetR8B_1 Pin=R8B-1
Removed Pin From Net: NetName=NetD6B_K Pin=R8B-2
Removed Member From Class: ClassName=D1 Member=C5BA
Removed Member From Class: ClassName=D2 Member=C5BB
Removed Member From Class: ClassName=U_Power Conditioning Member=C8B
Removed Member From Class: ClassName=U_Power Conditioning Member=R2B
Removed Member From Class: ClassName=U_Power Conditioning Member=R3B
Removed Member From Class: ClassName=D1 Member=R6BA
Removed Member From Class: ClassName=D2 Member=R6BB
Removed Member From Class: ClassName=U_Microcontroller Member=R7B
Removed Member From Class: ClassName=U_Microcontroller Member=R8B
Change Component Footprint: Designator=U3B Old Footprint=AC714 Current Sensor New Footprint=AC715 Current Sensor
Change Component Footprint: Designator=U4B Old Footprint=AC714 Current Sensor New Footprint=AC715 Current Sensor
Change Component Footprint: Designator=C3B Old Footprint=C0402 New Footprint=C0805
Change Component Footprint: Designator=C6B Old Footprint=C0402 New Footprint=C0805
Change Component Footprint: Designator=C7B Old Footprint=C0402 New Footprint=C1206
Change Component Footprint: Designator=C5BA Old Footprint=C0603 New Footprint=10mm Radial Cap, Generic
Change Component Footprint: Designator=C5BB Old Footprint=C0603 New Footprint=C0805
Change Component Footprint: Designator=R6BA Old Footprint=J1-0603 New Footprint=R0603
Change Component Footprint: Designator=R6BB Old Footprint=J1-0603 New Footprint=R0603
Change Component Footprint: Designator=D4BA Old Footprint=ONSC-SMA-2-403D-02_C_V New Footprint=ONSC-SMB-2-403A-03_H_V
Change Component Footprint: Designator=D4BB Old Footprint=ONSC-SMA-2-403D-02_C_V New Footprint=ONSC-SMB-2-403A-03_H_V
Change Component Footprint: Designator=R1B Old Footprint=R0805 New Footprint=R0603
Change Component Footprint: Designator=R7B Old Footprint=R0805 New Footprint=R0603
Change Component Footprint: Designator=R8B Old Footprint=R0805 New Footprint=R0603
Change Component Footprint: Designator=C4B Old Footprint=RADIAL-5MM New Footprint=10mm Radial Cap, Generic
Change Component Footprint: Designator=C8B Old Footprint=RADIAL-5MM New Footprint=C1206
Change Component Comment : Designator=C1B Old Comment=Cap New Comment=0.1uF, C0805, AVX
Change Component Comment : Designator=C2B Old Comment=Cap New Comment=0.1uF, C0805, AVX
Change Component Comment : Designator=C3B Old Comment=Cap New Comment=0.1uF, C0805, AVX
Change Component Comment : Designator=C5BB Old Comment=Cap New Comment=0.1uF, C0805, AVX
Change Component Comment : Designator=C6B Old Comment=Cap New Comment=0.1uF, C0805, AVX
Change Component Comment : Designator=C7B Old Comment=Cap New Comment=2.2uF, C1206 TY , Ceramic MLCC
Change Component Comment : Designator=C5BA Old Comment=Cap New Comment=330uF, Panasonic, 35V
Change Component Comment : Designator=C8B Old Comment=CapPol New Comment=2.2uF, C1206 TY , Ceramic MLCC
Change Component Comment : Designator=C4B Old Comment=CapPol New Comment=330uF, Panasonic, 35V
Change Component Comment : Designator=D3BA Old Comment=DDZ9699T-7 Zener New Comment=MM5Z12VT1G, 12V Zener
Change Component Comment : Designator=D3BB Old Comment=DDZ9699T-7 Zener New Comment=MM5Z12VT1G, 12V Zener
Change Component Comment : Designator=P1B Old Comment=Phoenix Header 10 New Comment=MSTBA 2,5/10-G-5,08
Change Component Comment : Designator=R6BA Old Comment=Res3 New Comment=Resistor
Change Component Comment : Designator=R6BB Old Comment=Res3 New Comment=Resistor
Change Component Designator: OldDesignator=C5BA NewDesignator=C5B
Change Component Designator: OldDesignator=C5BB NewDesignator=C6B
Change Component Designator: OldDesignator=C6B NewDesignator=C7B
Change Component Designator: OldDesignator=C7B NewDesignator=C8BA
Change Component Designator: OldDesignator=C8B NewDesignator=C8BB
Change Component Designator: OldDesignator=D1B NewDesignator=D3B
Change Component Designator: OldDesignator=D2B NewDesignator=D4B
Change Component Designator: OldDesignator=D3BA NewDesignator=D5BA
Change Component Designator: OldDesignator=D3BB NewDesignator=D5BB
Change Component Designator: OldDesignator=D4BA NewDesignator=D6BA
Change Component Designator: OldDesignator=D4BB NewDesignator=D6BB
Change Component Designator: OldDesignator=D5B NewDesignator=D1B
Change Component Designator: OldDesignator=D6B NewDesignator=D2B
Change Component Designator: OldDesignator=P4B NewDesignator=P7B
Change Component Designator: OldDesignator=R6BA NewDesignator=R6B
Change Component Designator: OldDesignator=R6BB NewDesignator=R7B
Change Component Designator: OldDesignator=R7B NewDesignator=R8BA
Change Component Designator: OldDesignator=R8B NewDesignator=R8BB
Change Component Designator: OldDesignator=U5BA NewDesignator=U6BA
Change Component Designator: OldDesignator=U5BB NewDesignator=U6BB
Change Component Designator: OldDesignator=U6B NewDesignator=U5B
Change Component Designator: OldDesignator=X2B NewDesignator=X1B
Added Component: Designator=P?(1x2 Header)
Added Component: Designator=P?(1x2 Header)
Added Component: Designator=P?(1x2 Header)
Added Pin To Net: NetName=BATTB Pin=C5B-1
Added Pin To Net: NetName=NetC6B_1 Pin=C6B-1
Added Pin To Net: NetName=5V Pin=C7B-1
Added Pin To Net: NetName=RAW_24V Pin=C8BA-1
Added Pin To Net: NetName=RAW_24V Pin=C8BB-1
Added Pin To Net: NetName=ELEC PWR CTRL SIGNAL Pin=P?-1
Added Pin To Net: NetName=GND Pin=P?-2
Added Pin To Net: NetName=GND Pin=P?-2
Added Pin To Net: NetName=NetD5B_K Pin=R1B-1
Added Pin To Net: NetName=NetR7B_1 Pin=R1B-2
Added Pin To Net: NetName=NetD6B_K Pin=R2B-1
Added Pin To Net: NetName=NetR8B_1 Pin=R2B-2
Added Pin To Net: NetName=RESET Pin=R3B-1
Added Pin To Net: NetName=PRE_3V3 Pin=R3B-2
Added Pin To Net: NetName=NetR2B_1 Pin=R4B-1
Added Pin To Net: NetName=NetP1B_5 Pin=R4B-2
Added Pin To Net: NetName=NetR3B_1 Pin=R5B-1
Added Pin To Net: NetName=NetP1B_6 Pin=R5B-2
Added Pin To Net: NetName=NetR2B_1 Pin=R6B-2
Added Pin To Net: NetName=NetR3B_1 Pin=R7B-2
Added Pin To Net: NetName=GND Pin=R8BA-1
Added Pin To Net: NetName=NetR6BA_2 Pin=R8BA-2
Added Pin To Net: NetName=GND Pin=R8BB-1
Added Pin To Net: NetName=NetR6BB_2 Pin=R8BB-2
Change Net Name : Old Net Name=NetD3BA_2 New Net Name=NetD5BA_2
Change Net Name : Old Net Name=NetD3BB_2 New Net Name=NetD5BB_2
Change Net Name : Old Net Name=NetD5B_K New Net Name=NetD1B_K
Change Net Name : Old Net Name=NetD6B_K New Net Name=NetD2B_K
Change Net Name : Old Net Name=NetR2B_1 New Net Name=NetR4B_1
Change Net Name : Old Net Name=NetR3B_1 New Net Name=NetR5B_1
Change Net Name : Old Net Name=NetR6BA_2 New Net Name=NetR8BA_2
Change Net Name : Old Net Name=NetR6BB_2 New Net Name=NetR8BB_2
Change Net Name : Old Net Name=NetR7B_1 New Net Name=NetR1B_2
Change Net Name : Old Net Name=NetR8B_1 New Net Name=NetR2B_2
Added Pin To Net: NetName=NetP?_1 Pin=P?-1
Added Net: Name=NetP?_1
Added Member To Class: ClassName=U_Power Conditioning Member=Component C5B 330uF, Panasonic, 35V
Added Member To Class: ClassName=D1 Member=Component C8BA (C8B) 2.2uF, C1206 TY , Ceramic MLCC
Added Member To Class: ClassName=D2 Member=Component C8BB (C8B) 2.2uF, C1206 TY , Ceramic MLCC
Added Member To Class: ClassName=Power Board Member=Component P? Header
Added Member To Class: ClassName=U_Microcontroller Member=Component R2B Resistor
Added Member To Class: ClassName=U_Microcontroller Member=Component R3B Resistor
Added Member To Class: ClassName=U_Power Conditioning Member=Component R6B Resistor
Added Member To Class: ClassName=U_Power Conditioning Member=Component R7B Resistor
Added Member To Class: ClassName=D1 Member=Component R8BA (R8B) Resistor
Added Member To Class: ClassName=D2 Member=Component R8BB (R8B) Resistor
