Removed Pin From Net: NetName=5V Pin=P4A-2
Removed Pin From Net: NetName=GND Pin=P4A-4
Removed Pin From Net: NetName=SCL Pin=P4A-6
Removed Pin From Net: NetName=SDA Pin=P4A-8
Removed Pin From Net: NetName=UART.IMU.DOWNSTREAM Pin=P4A-12
Removed Pin From Net: NetName=UART.IMU.UPSTREAM Pin=P4A-14
Added Pin To Net: NetName=GND Pin=P4A-1
Added Pin To Net: NetName=UART.ACOUSTICS.UPSTREAM Pin=P4A-2
Added Pin To Net: NetName=UART.ACOUSTICS.DOWNSTREAM Pin=P4A-4
Added Pin To Net: NetName=9V Pin=P4A-6
Added Pin To Net: NetName=5V Pin=P4A-10
Added Pin To Net: NetName=5V Pin=P4A-11
Added Pin To Net: NetName=SCL Pin=P4A-12
Added Pin To Net: NetName=SCL Pin=P4A-13
Added Pin To Net: NetName=SDA Pin=P4A-14
Added Pin To Net: NetName=SDA Pin=P4A-15
Added Pin To Net: NetName=UART.IMU.DOWNSTREAM Pin=P4A-16
Added Pin To Net: NetName=UART.IMU.DOWNSTREAM Pin=P4A-17
Added Pin To Net: NetName=UART.IMU.UPSTREAM Pin=P4A-18
Added Pin To Net: NetName=UART.IMU.UPSTREAM Pin=P4A-19
Added Pin To Net: NetName=GND Pin=P4A-20
