Removed Pin From Net: NetName=NetF1A_1 Pin=F1A-1
Removed Pin From Net: NetName=NetF1A_1 Pin=F1A-1
Removed Pin From Net: NetName=NetF1A_1 Pin=F2A-2
Removed Pin From Net: NetName=NetF1A_1 Pin=F2A-2
Removed Pin From Net: NetName=24V (MOTOR SUB-SYSTEM) Pin=P1A-6
Removed Pin From Net: NetName=24V (MOTOR SUB-SYSTEM) Pin=P1A-6
Removed Pin From Net: NetName=24V (MOTOR SUB-SYSTEM) Pin=P1A-7
Removed Pin From Net: NetName=24V (MOTOR SUB-SYSTEM) Pin=P1A-7
Removed Pin From Net: NetName=BATT BUS A Pin=P7A-1
Removed Pin From Net: NetName=BATT BUS A Pin=P7A-1
Removed Pin From Net: NetName=BATT BUS B Pin=P7A-2
Removed Pin From Net: NetName=BATT BUS B Pin=P7A-2
Added Pin To Net: NetName=BATT BUS A Pin=F1A-1
Added Pin To Net: NetName=BATT BUS A Pin=F1A-1
Added Pin To Net: NetName=NetF1A_1 Pin=F1A-2
Added Pin To Net: NetName=NetF1A_1 Pin=F1A-2
Added Pin To Net: NetName=BATT BUS B Pin=F2A-1
Added Pin To Net: NetName=BATT BUS B Pin=F2A-1
Added Pin To Net: NetName=24V (MOTOR SUB-SYSTEM) Pin=F3A-1
Added Pin To Net: NetName=24V (MOTOR SUB-SYSTEM) Pin=F3A-1
Added Pin To Net: NetName=NetF1A_1 Pin=P7A-1
Added Pin To Net: NetName=NetF1A_1 Pin=P7A-1
Change Net Name : Old Net Name=NetF1A_1 New Net Name=NetF1A_2
Added Pin To Net: NetName=NetF2A_2 Pin=F2A-2
Added Pin To Net: NetName=NetF2A_2 Pin=F2A-2
Added Pin To Net: NetName=NetF2A_2 Pin=P7A-2
Added Pin To Net: NetName=NetF2A_2 Pin=P7A-2
Added Net: Name=NetF2A_2
Added Pin To Net: NetName=NetF3A_2 Pin=F3A-2
Added Pin To Net: NetName=NetF3A_2 Pin=F3A-2
Added Pin To Net: NetName=NetF3A_2 Pin=P1A-6
Added Pin To Net: NetName=NetF3A_2 Pin=P1A-6
Added Pin To Net: NetName=NetF3A_2 Pin=P1A-7
Added Pin To Net: NetName=NetF3A_2 Pin=P1A-7
Added Net: Name=NetF3A_2
