Added Component: Designator=C1(C0805)
Added Component: Designator=C2(C0805)
Added Component: Designator=C3(C0402)
Added Component: Designator=F6(00300210N)
Added Component: Designator=MC6(Pololu 24v12)
Added Component: Designator=O6(8-SMD)
Added Component: Designator=P2(HDR1X2)
Added Component: Designator=P3(HDR1X2)
Added Component: Designator=R21(R0805)
Added Component: Designator=R93(R0402)
Added Component: Designator=R94(R0402)
Added Component: Designator=R95(R0805)
Added Component: Designator=R96(R0402)
Added Component: Designator=U4(XC6701B332MR)
Added Component: Designator=X1(2x3 Header)
Added Component: Designator=X2(2x3 Header)
Added Component: Designator=X3(1-770972-0)
Added Pin To Net: NetName=PRE_3V3 Pin=C1-1
Added Pin To Net: NetName=GND Pin=C1-2
Added Pin To Net: NetName=5V Pin=C2-1
Added Pin To Net: NetName=GND Pin=C2-2
Added Pin To Net: NetName=PRE_3V3 Pin=C3-1
Added Pin To Net: NetName=GND Pin=C3-2
Added Pin To Net: NetName=24V Pin=F6-1
Added Pin To Net: NetName=24V Pin=F6-1
Added Pin To Net: NetName=NetF6_2 Pin=F6-2
Added Pin To Net: NetName=NetF6_2 Pin=F6-2
Added Pin To Net: NetName=NetMC6_5V Pin=MC6-5V
Added Pin To Net: NetName=NetMC6_DIR Pin=MC6-DIR
Added Pin To Net: NetName=24V_GND Pin=MC6-GND
Added Pin To Net: NetName=24V_GND Pin=MC6-GND
Added Pin To Net: NetName=24V_GND Pin=MC6-GND
Added Pin To Net: NetName=NetMC6_OUTA Pin=MC6-OUTA
Added Pin To Net: NetName=NetMC6_OUTA Pin=MC6-OUTA
Added Pin To Net: NetName=NetMC6_OUTB Pin=MC6-OUTB
Added Pin To Net: NetName=NetMC6_OUTB Pin=MC6-OUTB
Added Pin To Net: NetName=NetMC6_PWM Pin=MC6-PWM
Added Pin To Net: NetName=NetMC6_5V Pin=MC6-RESET
Added Pin To Net: NetName=NetF6_2 Pin=MC6-V+
Added Pin To Net: NetName=NetF6_2 Pin=MC6-V+
Added Pin To Net: NetName=NetO6_1 Pin=O6-1
Added Pin To Net: NetName=GND Pin=O6-2
Added Pin To Net: NetName=NetO6_3 Pin=O6-3
Added Pin To Net: NetName=GND Pin=O6-4
Added Pin To Net: NetName=NetMC6_DIR Pin=O6-5
Added Pin To Net: NetName=5V_ISO Pin=O6-6
Added Pin To Net: NetName=NetMC6_PWM Pin=O6-7
Added Pin To Net: NetName=5V_ISO Pin=O6-8
Added Pin To Net: NetName=NetP2_1 Pin=P2-1
Added Pin To Net: NetName=NetP2_2 Pin=P2-2
Added Pin To Net: NetName=NetP3_1 Pin=P3-1
Added Pin To Net: NetName=NetP3_2 Pin=P3-2
Added Pin To Net: NetName=RESET Pin=R21-1
Added Pin To Net: NetName=3V3 Pin=R21-2
Added Pin To Net: NetName=NetMC6_DIR Pin=R93-1
Added Pin To Net: NetName=24V_GND Pin=R93-2
Added Pin To Net: NetName=NetMC6_PWM Pin=R94-1
Added Pin To Net: NetName=24V_GND Pin=R94-2
Added Pin To Net: NetName=NetR95_1 Pin=R95-1
Added Pin To Net: NetName=NetO6_3 Pin=R95-2
Added Pin To Net: NetName=NetR96_1 Pin=R96-1
Added Pin To Net: NetName=NetO6_1 Pin=R96-2
Added Pin To Net: NetName=5V Pin=U4-CE
Added Pin To Net: NetName=5V Pin=U4-Vin
Added Pin To Net: NetName=PRE_3V3 Pin=U4-Vout
Added Pin To Net: NetName=GND Pin=U4-Vss
Added Pin To Net: NetName=MISO Pin=X1-1
Added Pin To Net: NetName=PRE_3V3 Pin=X1-2
Added Pin To Net: NetName=SCK Pin=X1-3
Added Pin To Net: NetName=MOSI Pin=X1-4
Added Pin To Net: NetName=RESET Pin=X1-5
Added Pin To Net: NetName=GND Pin=X1-6
Added Pin To Net: NetName=NetU5_34 Pin=X2-1
Added Pin To Net: NetName=3V3 Pin=X2-2
Added Pin To Net: NetName=RESET Pin=X2-5
Added Pin To Net: NetName=GND Pin=X2-6
Added Pin To Net: NetName=NetMC2_OUTA Pin=X3-1
Added Pin To Net: NetName=NetMC3_OUTB Pin=X3-2
Added Pin To Net: NetName=NetMC3_OUTA Pin=X3-3
Added Pin To Net: NetName=NetMC4_OUTB Pin=X3-4
Added Pin To Net: NetName=NetMC4_OUTA Pin=X3-5
Added Pin To Net: NetName=NetMC2_OUTB Pin=X3-6
Added Pin To Net: NetName=NetMC1_OUTA Pin=X3-7
Added Pin To Net: NetName=NetMC1_OUTB Pin=X3-8
Added Pin To Net: NetName=NetMC5_OUTA Pin=X3-9
Added Pin To Net: NetName=NetMC5_OUTB Pin=X3-10
Added Pin To Net: NetName=NetMC6_OUTB Pin=X3-11
Added Pin To Net: NetName=NetMC6_OUTA Pin=X3-12
Added Member To Class: ClassName=U_Microcontroller Member=Component C1 Cap
Added Member To Class: ClassName=U_Microcontroller Member=Component C2 Cap
Added Member To Class: ClassName=U_Microcontroller Member=Component C3 Cap
Added Member To Class: ClassName=Motor Control Member=Component F6 Fuse
Added Member To Class: ClassName=Motor Control Member=Component MC6 Motor Controller
Added Member To Class: ClassName=Motor Control Member=Component O6 LTV-826
Added Member To Class: ClassName=U_Microcontroller Member=Component P2 Header 2
Added Member To Class: ClassName=U_Microcontroller Member=Component P3 Header 2
Added Member To Class: ClassName=U_Microcontroller Member=Component R21 Resistor
Added Member To Class: ClassName=Motor Control Member=Component R93 Resistor
Added Member To Class: ClassName=Motor Control Member=Component R94 Resistor
Added Member To Class: ClassName=Motor Control Member=Component R95 Resistor
Added Member To Class: ClassName=Motor Control Member=Component R96 Resistor
Added Member To Class: ClassName=U_Microcontroller Member=Component U4 XC6701B332
Added Member To Class: ClassName=U_Microcontroller Member=Component X1 Header
Added Member To Class: ClassName=U_Microcontroller Member=Component X2 Header
Added Member To Class: ClassName=Motor Control Member=Component X3 1-770972-0
Added Room: Name=Motor Control
Added Room: Name=Overview
Added Room: Name=U_Microcontroller
