Added Component: Designator=C1(C0805)
Added Component: Designator=C2(C0805)
Added Component: Designator=C3(C0402)
Added Component: Designator=F6(00300210N)
Added Component: Designator=MC6(Pololu 24v12)
Added Component: Designator=O6(8-SMD)
Added Component: Designator=P2(HDR1X2)
Added Component: Designator=P3(HDR1X2)
Added Component: Designator=R9(R0805)
Added Component: Designator=R93(R0402)
Added Component: Designator=R94(R0402)
Added Component: Designator=R95(R0805)
Added Component: Designator=R96(R0402)
Added Component: Designator=U4(XC6701B332MR)
Added Component: Designator=X1(2x3 Header)
Added Component: Designator=X2(1-770972-0)
Added Component: Designator=X2(2x3 Header)
Added Pin To Net: NetName=3V3 Pin=R9-2
Added Pin To Net: NetName=3V3 Pin=X2-2
Added Net: Name=3V3
Added Pin To Net: NetName=5V_ISO Pin=O6-6
Added Pin To Net: NetName=5V_ISO Pin=O6-8
Added Net: Name=5V_ISO
Added Pin To Net: NetName=5V Pin=C2-1
Added Pin To Net: NetName=5V Pin=U4-CE
Added Pin To Net: NetName=5V Pin=U4-Vin
Added Net: Name=5V
Added Net: Name=12V
Added Pin To Net: NetName=24V_GND Pin=MC6-GND
Added Pin To Net: NetName=24V_GND Pin=MC6-GND
Added Pin To Net: NetName=24V_GND Pin=MC6-GND
Added Pin To Net: NetName=24V_GND Pin=R93-2
Added Pin To Net: NetName=24V_GND Pin=R94-2
Added Net: Name=24V_GND
Added Pin To Net: NetName=24V Pin=F6-1
Added Pin To Net: NetName=24V Pin=F6-1
Added Net: Name=24V
Added Pin To Net: NetName=GND Pin=C1-2
Added Pin To Net: NetName=GND Pin=C2-2
Added Pin To Net: NetName=GND Pin=C3-2
Added Pin To Net: NetName=GND Pin=O6-2
Added Pin To Net: NetName=GND Pin=O6-4
Added Pin To Net: NetName=GND Pin=U4-Vss
Added Pin To Net: NetName=GND Pin=X1-6
Added Pin To Net: NetName=GND Pin=X2-6
Added Net: Name=GND
Added Pin To Net: NetName=MISO Pin=X1-1
Added Net: Name=MISO
Added Pin To Net: NetName=MOSI Pin=X1-4
Added Net: Name=MOSI
Added Net: Name=NetF1_2
Added Net: Name=NetF2_2
Added Net: Name=NetF3_2
Added Net: Name=NetF4_2
Added Net: Name=NetF5_2
Added Pin To Net: NetName=NetF6_2 Pin=F6-2
Added Pin To Net: NetName=NetF6_2 Pin=F6-2
Added Pin To Net: NetName=NetF6_2 Pin=MC6-V+
Added Pin To Net: NetName=NetF6_2 Pin=MC6-V+
Added Net: Name=NetF6_2
Added Net: Name=NetMC1_5V
Added Net: Name=NetMC1_DIR
Added Pin To Net: NetName=NetMC1_OUTA Pin=X2-7
Added Net: Name=NetMC1_OUTA
Added Pin To Net: NetName=NetMC1_OUTB Pin=X2-8
Added Net: Name=NetMC1_OUTB
Added Net: Name=NetMC1_PWM
Added Net: Name=NetMC2_5V
Added Net: Name=NetMC2_DIR
Added Pin To Net: NetName=NetMC2_OUTA Pin=X2-1
Added Net: Name=NetMC2_OUTA
Added Pin To Net: NetName=NetMC2_OUTB Pin=X2-6
Added Net: Name=NetMC2_OUTB
Added Net: Name=NetMC2_PWM
Added Net: Name=NetMC3_5V
Added Net: Name=NetMC3_DIR
Added Pin To Net: NetName=NetMC3_OUTA Pin=X2-3
Added Net: Name=NetMC3_OUTA
Added Pin To Net: NetName=NetMC3_OUTB Pin=X2-2
Added Net: Name=NetMC3_OUTB
Added Net: Name=NetMC3_PWM
Added Net: Name=NetMC4_5V
Added Net: Name=NetMC4_DIR
Added Pin To Net: NetName=NetMC4_OUTA Pin=X2-5
Added Net: Name=NetMC4_OUTA
Added Pin To Net: NetName=NetMC4_OUTB Pin=X2-4
Added Net: Name=NetMC4_OUTB
Added Net: Name=NetMC4_PWM
Added Net: Name=NetMC5_5V
Added Net: Name=NetMC5_DIR
Added Pin To Net: NetName=NetMC5_OUTA Pin=X2-9
Added Net: Name=NetMC5_OUTA
Added Pin To Net: NetName=NetMC5_OUTB Pin=X2-10
Added Net: Name=NetMC5_OUTB
Added Net: Name=NetMC5_PWM
Added Pin To Net: NetName=NetMC6_5V Pin=MC6-5V
Added Pin To Net: NetName=NetMC6_5V Pin=MC6-RESET
Added Net: Name=NetMC6_5V
Added Pin To Net: NetName=NetMC6_DIR Pin=MC6-DIR
Added Pin To Net: NetName=NetMC6_DIR Pin=O6-5
Added Pin To Net: NetName=NetMC6_DIR Pin=R93-1
Added Net: Name=NetMC6_DIR
Added Pin To Net: NetName=NetMC6_OUTA Pin=MC6-OUTA
Added Pin To Net: NetName=NetMC6_OUTA Pin=MC6-OUTA
Added Pin To Net: NetName=NetMC6_OUTA Pin=X2-12
Added Net: Name=NetMC6_OUTA
Added Pin To Net: NetName=NetMC6_OUTB Pin=MC6-OUTB
Added Pin To Net: NetName=NetMC6_OUTB Pin=MC6-OUTB
Added Pin To Net: NetName=NetMC6_OUTB Pin=X2-11
Added Net: Name=NetMC6_OUTB
Added Pin To Net: NetName=NetMC6_PWM Pin=MC6-PWM
Added Pin To Net: NetName=NetMC6_PWM Pin=O6-7
Added Pin To Net: NetName=NetMC6_PWM Pin=R94-1
Added Net: Name=NetMC6_PWM
Added Net: Name=NetO1_1
Added Net: Name=NetO1_3
Added Net: Name=NetO2_1
Added Net: Name=NetO2_3
Added Net: Name=NetO3_1
Added Net: Name=NetO3_3
Added Net: Name=NetO4_1
Added Net: Name=NetO4_3
Added Net: Name=NetO5_1
Added Pin To Net: NetName=NetO5_3 Pin=R9-2
Added Net: Name=NetO5_3
Added Pin To Net: NetName=NetO6_1 Pin=O6-1
Added Pin To Net: NetName=NetO6_1 Pin=R96-2
Added Net: Name=NetO6_1
Added Pin To Net: NetName=NetO6_3 Pin=O6-3
Added Pin To Net: NetName=NetO6_3 Pin=R95-2
Added Net: Name=NetO6_3
Added Pin To Net: NetName=NetP2_1 Pin=P2-1
Added Net: Name=NetP2_1
Added Pin To Net: NetName=NetP2_2 Pin=P2-2
Added Net: Name=NetP2_2
Added Pin To Net: NetName=NetP3_1 Pin=P3-1
Added Net: Name=NetP3_1
Added Pin To Net: NetName=NetP3_2 Pin=P3-2
Added Net: Name=NetP3_2
Added Net: Name=NetR1_1
Added Net: Name=NetR2_1
Added Net: Name=NetR3_1
Added Net: Name=NetR4_1
Added Net: Name=NetR5_1
Added Net: Name=NetR6_1
Added Net: Name=NetR7_1
Added Net: Name=NetR8_1
Added Pin To Net: NetName=NetR9_1 Pin=R9-1
Added Net: Name=NetR9_1
Added Net: Name=NetR10_1
Added Pin To Net: NetName=NetR95_1 Pin=R95-1
Added Net: Name=NetR95_1
Added Pin To Net: NetName=NetR96_1 Pin=R96-1
Added Net: Name=NetR96_1
Added Pin To Net: NetName=NetU5_34 Pin=X2-1
Added Net: Name=NetU5_34
Added Pin To Net: NetName=PRE_3V3 Pin=C1-1
Added Pin To Net: NetName=PRE_3V3 Pin=C3-1
Added Pin To Net: NetName=PRE_3V3 Pin=U4-Vout
Added Pin To Net: NetName=PRE_3V3 Pin=X1-2
Added Net: Name=PRE_3V3
Added Pin To Net: NetName=RESET Pin=R9-1
Added Pin To Net: NetName=RESET Pin=X1-5
Added Pin To Net: NetName=RESET Pin=X2-5
Added Net: Name=RESET
Added Pin To Net: NetName=SCK Pin=X1-3
Added Net: Name=SCK
Added Class: Name=Motor Control
Added Class: Name=Overview
Added Class: Name=U_Microcontroller
Added Class: Name=ThrusterPower
Added Room: Name=Motor Control
Added Room: Name=Overview
Added Room: Name=U_Microcontroller
