Removed Pin From Net: NetName=24V Pin=F1F_M6-1
Removed Pin From Net: NetName=24V Pin=F1F_M6-1
Removed Pin From Net: NetName=GND Pin=MC1F_M6-GND
Removed Pin From Net: NetName=GND Pin=MC1F_M6-GND
Removed Pin From Net: NetName=GND Pin=MC1F_M6-GND
Removed Pin From Net: NetName=GND Pin=O1F_U6-2
Removed Pin From Net: NetName=GND Pin=O1F_U6-4
Removed Pin From Net: NetName=5V Pin=O1F_U6-6
Removed Pin From Net: NetName=5V Pin=O1F_U6-8
Removed Pin From Net: NetName=DIR6 Pin=R1F_U6-1
Removed Pin From Net: NetName=GND Pin=R2F_U6-2
Removed Pin From Net: NetName=PWM6 Pin=R3F_U6-1
Removed Pin From Net: NetName=GND Pin=R4F_U6-2
Removed Member From Class: ClassName=D[1..6] Member=D6
Removed Member From Class: ClassName=ThrusterPower Member=D6
Removed Member From Class: ClassName=ThrusterPower Member=NetF1F_M6_2
Removed Member From Class: ClassName=ThrusterPower Member=NetMC1F_M6_5V
Removed Member From Class: ClassName=P[1..6] Member=P6
Removed Member From Class: ClassName=ThrusterPower Member=P6
Change Net Name : Old Net Name=NetD1_2 New Net Name=NetR6F_2
Change Net Name : Old Net Name=NetD2_2 New Net Name=NetR7F_2
Change Class Name : Old Net Name=D[1..6] New Net Name=D[1..5]
Change Class Name : Old Net Name=P[1..6] New Net Name=P[1..5]
