Removed Pin From Net: NetName=NetF1F_M1_2 Pin=MC1F_M1-V+
Removed Pin From Net: NetName=NetF1F_M1_2 Pin=MC1F_M1-V+
Removed Pin From Net: NetName=NetF1F_M2_2 Pin=MC1F_M2-V+
Removed Pin From Net: NetName=NetF1F_M2_2 Pin=MC1F_M2-V+
Removed Pin From Net: NetName=NetF1F_M3_2 Pin=MC1F_M3-V+
Removed Pin From Net: NetName=NetF1F_M3_2 Pin=MC1F_M3-V+
Removed Pin From Net: NetName=NetF1F_M4_2 Pin=MC1F_M4-V+
Removed Pin From Net: NetName=NetF1F_M4_2 Pin=MC1F_M4-V+
Removed Pin From Net: NetName=NetF1F_M5_2 Pin=MC1F_M5-V+
Removed Pin From Net: NetName=NetF1F_M5_2 Pin=MC1F_M5-V+
Removed Pin From Net: NetName=NetF1F_M6_2 Pin=MC1F_M6-V+
Removed Pin From Net: NetName=NetF1F_M6_2 Pin=MC1F_M6-V+
Added Pin To Net: NetName=NetJp1F_M1_1 Pin=MC1F_M1-V+
Added Pin To Net: NetName=NetJp1F_M1_1 Pin=MC1F_M1-V+
Added Net: Name=NetJp1F_M1_1
Added Pin To Net: NetName=NetJp1F_M2_1 Pin=MC1F_M2-V+
Added Pin To Net: NetName=NetJp1F_M2_1 Pin=MC1F_M2-V+
Added Net: Name=NetJp1F_M2_1
Added Pin To Net: NetName=NetJp1F_M3_1 Pin=MC1F_M3-V+
Added Pin To Net: NetName=NetJp1F_M3_1 Pin=MC1F_M3-V+
Added Net: Name=NetJp1F_M3_1
Added Pin To Net: NetName=NetJp1F_M4_1 Pin=MC1F_M4-V+
Added Pin To Net: NetName=NetJp1F_M4_1 Pin=MC1F_M4-V+
Added Net: Name=NetJp1F_M4_1
Added Pin To Net: NetName=NetJp1F_M5_1 Pin=MC1F_M5-V+
Added Pin To Net: NetName=NetJp1F_M5_1 Pin=MC1F_M5-V+
Added Net: Name=NetJp1F_M5_1
Added Pin To Net: NetName=NetJp1F_M6_1 Pin=MC1F_M6-V+
Added Pin To Net: NetName=NetJp1F_M6_1 Pin=MC1F_M6-V+
Added Net: Name=NetJp1F_M6_1
Added Pin To Net: NetName=NetP6F_3 Pin=P6F-3
Added Pin To Net: NetName=NetP6F_3 Pin=P8F-3
Added Net: Name=NetP6F_3
Added Member To Class: ClassName=ThrusterPower Member=Wire NetJp1F_M1_1
Added Member To Class: ClassName=ThrusterPower Member=Wire NetJp1F_M2_1
Added Member To Class: ClassName=ThrusterPower Member=Wire NetJp1F_M3_1
Added Member To Class: ClassName=ThrusterPower Member=Wire NetJp1F_M4_1
Added Member To Class: ClassName=ThrusterPower Member=Wire NetJp1F_M5_1
Added Member To Class: ClassName=ThrusterPower Member=Wire NetJp1F_M6_1
