Removed Member From Class: ClassName=ThrusterPower Member=NetF1_M1_2
Removed Member From Class: ClassName=ThrusterPower Member=NetF1_M2_2
Removed Member From Class: ClassName=ThrusterPower Member=NetF1_M3_2
Removed Member From Class: ClassName=ThrusterPower Member=NetF1_M4_2
Removed Member From Class: ClassName=ThrusterPower Member=NetF1_M5_2
Removed Member From Class: ClassName=ThrusterPower Member=NetF1_M6_2
Removed Member From Class: ClassName=ThrusterPower Member=NetMC1_M1_5V
Removed Member From Class: ClassName=ThrusterPower Member=NetMC1_M2_5V
Removed Member From Class: ClassName=ThrusterPower Member=NetMC1_M3_5V
Removed Member From Class: ClassName=ThrusterPower Member=NetMC1_M4_5V
Removed Member From Class: ClassName=ThrusterPower Member=NetMC1_M5_5V
Removed Member From Class: ClassName=ThrusterPower Member=NetMC1_M6_5V
Removed Member From Class: ClassName=ThrusterPower Member=NetP4_13
Removed Member From Class: ClassName=ThrusterPower Member=NetP4_14
Removed Member From Class: ClassName=ThrusterPower Member=NetP4_15
Removed Member From Class: ClassName=ThrusterPower Member=NetP4_16
Removed Member From Class: ClassName=ThrusterPower Member=NetP4_17
Removed Member From Class: ClassName=ThrusterPower Member=NetP4_18
Change Component Designator: OldDesignator=C1 NewDesignator=C1F
Change Component Designator: OldDesignator=C2 NewDesignator=C2F
Change Component Designator: OldDesignator=C3 NewDesignator=C3F
Change Component Designator: OldDesignator=F1_M1 NewDesignator=F1F_M1
Change Component Designator: OldDesignator=F1_M2 NewDesignator=F1F_M2
Change Component Designator: OldDesignator=F1_M3 NewDesignator=F1F_M3
Change Component Designator: OldDesignator=F1_M4 NewDesignator=F1F_M4
Change Component Designator: OldDesignator=F1_M5 NewDesignator=F1F_M5
Change Component Designator: OldDesignator=F1_M6 NewDesignator=F1F_M6
Change Component Designator: OldDesignator=H1 NewDesignator=H2F
Change Component Designator: OldDesignator=MC1_M1 NewDesignator=MC1F_M1
Change Component Designator: OldDesignator=MC1_M2 NewDesignator=MC1F_M2
Change Component Designator: OldDesignator=MC1_M3 NewDesignator=MC1F_M3
Change Component Designator: OldDesignator=MC1_M4 NewDesignator=MC1F_M4
Change Component Designator: OldDesignator=MC1_M5 NewDesignator=MC1F_M5
Change Component Designator: OldDesignator=MC1_M6 NewDesignator=MC1F_M6
Change Component Designator: OldDesignator=O1_U1 NewDesignator=O1F_U1
Change Component Designator: OldDesignator=O1_U2 NewDesignator=O1F_U2
Change Component Designator: OldDesignator=O1_U3 NewDesignator=O1F_U3
Change Component Designator: OldDesignator=O1_U4 NewDesignator=O1F_U4
Change Component Designator: OldDesignator=O1_U5 NewDesignator=O1F_U5
Change Component Designator: OldDesignator=O1_U6 NewDesignator=O1F_U6
Change Component Designator: OldDesignator=P1 NewDesignator=P1F
Change Component Designator: OldDesignator=P2 NewDesignator=P5F
Change Component Designator: OldDesignator=P3 NewDesignator=P7F
Change Component Designator: OldDesignator=P4 NewDesignator=P2F
Change Component Designator: OldDesignator=P5 NewDesignator=P3F
Change Component Designator: OldDesignator=P6 NewDesignator=P4F
Change Component Designator: OldDesignator=P7 NewDesignator=P6F
Change Component Designator: OldDesignator=P8 NewDesignator=P8F
Change Component Designator: OldDesignator=R1_U1 NewDesignator=R1F_U1
Change Component Designator: OldDesignator=R1_U2 NewDesignator=R1F_U2
Change Component Designator: OldDesignator=R1_U3 NewDesignator=R1F_U3
Change Component Designator: OldDesignator=R1_U4 NewDesignator=R1F_U4
Change Component Designator: OldDesignator=R1_U5 NewDesignator=R1F_U5
Change Component Designator: OldDesignator=R1_U6 NewDesignator=R1F_U6
Change Component Designator: OldDesignator=R2_U1 NewDesignator=R2F_U1
Change Component Designator: OldDesignator=R2_U2 NewDesignator=R2F_U2
Change Component Designator: OldDesignator=R2_U3 NewDesignator=R2F_U3
Change Component Designator: OldDesignator=R2_U4 NewDesignator=R2F_U4
Change Component Designator: OldDesignator=R2_U5 NewDesignator=R2F_U5
Change Component Designator: OldDesignator=R2_U6 NewDesignator=R2F_U6
Change Component Designator: OldDesignator=R3_U1 NewDesignator=R3F_U1
Change Component Designator: OldDesignator=R3_U2 NewDesignator=R3F_U2
Change Component Designator: OldDesignator=R3_U3 NewDesignator=R3F_U3
Change Component Designator: OldDesignator=R3_U4 NewDesignator=R3F_U4
Change Component Designator: OldDesignator=R3_U5 NewDesignator=R3F_U5
Change Component Designator: OldDesignator=R3_U6 NewDesignator=R3F_U6
Change Component Designator: OldDesignator=R4_U1 NewDesignator=R4F_U1
Change Component Designator: OldDesignator=R4_U2 NewDesignator=R4F_U2
Change Component Designator: OldDesignator=R4_U3 NewDesignator=R4F_U3
Change Component Designator: OldDesignator=R4_U4 NewDesignator=R4F_U4
Change Component Designator: OldDesignator=R4_U5 NewDesignator=R4F_U5
Change Component Designator: OldDesignator=R4_U6 NewDesignator=R4F_U6
Change Component Designator: OldDesignator=U4 NewDesignator=U1F
Change Component Designator: OldDesignator=U5 NewDesignator=U2F
Change Component Designator: OldDesignator=X1 NewDesignator=X1F
Added Component: Designator=H1F(Holes - 3 Inch)
Change Net Name : Old Net Name=NetF1_M1_2 New Net Name=NetF1F_M1_2
Change Net Name : Old Net Name=NetF1_M2_2 New Net Name=NetF1F_M2_2
Change Net Name : Old Net Name=NetF1_M3_2 New Net Name=NetF1F_M3_2
Change Net Name : Old Net Name=NetF1_M4_2 New Net Name=NetF1F_M4_2
Change Net Name : Old Net Name=NetF1_M5_2 New Net Name=NetF1F_M5_2
Change Net Name : Old Net Name=NetF1_M6_2 New Net Name=NetF1F_M6_2
Change Net Name : Old Net Name=NetMC1_M1_5V New Net Name=NetMC1F_M1_5V
Change Net Name : Old Net Name=NetMC1_M2_5V New Net Name=NetMC1F_M2_5V
Change Net Name : Old Net Name=NetMC1_M3_5V New Net Name=NetMC1F_M3_5V
Change Net Name : Old Net Name=NetMC1_M4_5V New Net Name=NetMC1F_M4_5V
Change Net Name : Old Net Name=NetMC1_M5_5V New Net Name=NetMC1F_M5_5V
Change Net Name : Old Net Name=NetMC1_M6_5V New Net Name=NetMC1F_M6_5V
Change Net Name : Old Net Name=NetO1_U1_1 New Net Name=NetO1F_U1_1
Change Net Name : Old Net Name=NetO1_U1_3 New Net Name=NetO1F_U1_3
Change Net Name : Old Net Name=NetO1_U2_1 New Net Name=NetO1F_U2_1
Change Net Name : Old Net Name=NetO1_U2_3 New Net Name=NetO1F_U2_3
Change Net Name : Old Net Name=NetO1_U3_1 New Net Name=NetO1F_U3_1
Change Net Name : Old Net Name=NetO1_U3_3 New Net Name=NetO1F_U3_3
Change Net Name : Old Net Name=NetO1_U4_1 New Net Name=NetO1F_U4_1
Change Net Name : Old Net Name=NetO1_U4_3 New Net Name=NetO1F_U4_3
Change Net Name : Old Net Name=NetO1_U5_1 New Net Name=NetO1F_U5_1
Change Net Name : Old Net Name=NetO1_U5_3 New Net Name=NetO1F_U5_3
Change Net Name : Old Net Name=NetO1_U6_1 New Net Name=NetO1F_U6_1
Change Net Name : Old Net Name=NetO1_U6_3 New Net Name=NetO1F_U6_3
Change Net Name : Old Net Name=NetP3_1 New Net Name=NetP7F_1
Change Net Name : Old Net Name=NetP3_2 New Net Name=NetP7F_2
Change Net Name : Old Net Name=NetP4_13 New Net Name=NetP2F_13
Change Net Name : Old Net Name=NetP4_14 New Net Name=NetP2F_14
Change Net Name : Old Net Name=NetP4_15 New Net Name=NetP2F_15
Change Net Name : Old Net Name=NetP4_16 New Net Name=NetP2F_16
Change Net Name : Old Net Name=NetP4_17 New Net Name=NetP2F_17
Change Net Name : Old Net Name=NetP4_18 New Net Name=NetP2F_18
Added Member To Class: ClassName=Thruster Board Member=Component H1F Holes - x inch
Added Member To Class: ClassName=ThrusterPower Member=Wire NetF1F_M1_2
Added Member To Class: ClassName=ThrusterPower Member=Wire NetF1F_M2_2
Added Member To Class: ClassName=ThrusterPower Member=Wire NetF1F_M3_2
Added Member To Class: ClassName=ThrusterPower Member=Wire NetF1F_M4_2
Added Member To Class: ClassName=ThrusterPower Member=Wire NetF1F_M5_2
Added Member To Class: ClassName=ThrusterPower Member=Wire NetF1F_M6_2
Added Member To Class: ClassName=ThrusterPower Member=Wire NetMC1F_M1_5V
Added Member To Class: ClassName=ThrusterPower Member=Wire NetMC1F_M2_5V
Added Member To Class: ClassName=ThrusterPower Member=Wire NetMC1F_M3_5V
Added Member To Class: ClassName=ThrusterPower Member=Wire NetMC1F_M4_5V
Added Member To Class: ClassName=ThrusterPower Member=Wire NetMC1F_M5_5V
Added Member To Class: ClassName=ThrusterPower Member=Wire NetMC1F_M6_5V
Added Member To Class: ClassName=ThrusterPower Member=Wire NetP2F_13
Added Member To Class: ClassName=ThrusterPower Member=Wire NetP2F_14
Added Member To Class: ClassName=ThrusterPower Member=Wire NetP2F_15
Added Member To Class: ClassName=ThrusterPower Member=Wire NetP2F_16
Added Member To Class: ClassName=ThrusterPower Member=Wire NetP2F_17
Added Member To Class: ClassName=ThrusterPower Member=Wire NetP2F_18
