Added Pin To Net: NetName=NetO1_U1_1 Pin=O1_U1-1
Added Pin To Net: NetName=GND Pin=O1_U1-2
Added Pin To Net: NetName=NetO1_U1_3 Pin=O1_U1-3
Added Pin To Net: NetName=GND Pin=O1_U1-4
Added Pin To Net: NetName=P1 Pin=O1_U1-5
Added Pin To Net: NetName=5V_ISO Pin=O1_U1-6
Added Pin To Net: NetName=D1 Pin=O1_U1-7
Added Pin To Net: NetName=5V_ISO Pin=O1_U1-8
Added Pin To Net: NetName=NetO1_U2_1 Pin=O1_U2-1
Added Pin To Net: NetName=GND Pin=O1_U2-2
Added Pin To Net: NetName=NetO1_U2_3 Pin=O1_U2-3
Added Pin To Net: NetName=GND Pin=O1_U2-4
Added Pin To Net: NetName=P2 Pin=O1_U2-5
Added Pin To Net: NetName=5V_ISO Pin=O1_U2-6
Added Pin To Net: NetName=D2 Pin=O1_U2-7
Added Pin To Net: NetName=5V_ISO Pin=O1_U2-8
Added Pin To Net: NetName=NetO1_U3_1 Pin=O1_U3-1
Added Pin To Net: NetName=GND Pin=O1_U3-2
Added Pin To Net: NetName=NetO1_U3_3 Pin=O1_U3-3
Added Pin To Net: NetName=GND Pin=O1_U3-4
Added Pin To Net: NetName=P3 Pin=O1_U3-5
Added Pin To Net: NetName=5V_ISO Pin=O1_U3-6
Added Pin To Net: NetName=D3 Pin=O1_U3-7
Added Pin To Net: NetName=5V_ISO Pin=O1_U3-8
Added Pin To Net: NetName=NetO1_U4_1 Pin=O1_U4-1
Added Pin To Net: NetName=GND Pin=O1_U4-2
Added Pin To Net: NetName=NetO1_U4_3 Pin=O1_U4-3
Added Pin To Net: NetName=GND Pin=O1_U4-4
Added Pin To Net: NetName=P4 Pin=O1_U4-5
Added Pin To Net: NetName=5V_ISO Pin=O1_U4-6
Added Pin To Net: NetName=D4 Pin=O1_U4-7
Added Pin To Net: NetName=5V_ISO Pin=O1_U4-8
Added Pin To Net: NetName=NetO1_U5_1 Pin=O1_U5-1
Added Pin To Net: NetName=GND Pin=O1_U5-2
Added Pin To Net: NetName=NetO1_U5_3 Pin=O1_U5-3
Added Pin To Net: NetName=GND Pin=O1_U5-4
Added Pin To Net: NetName=P5 Pin=O1_U5-5
Added Pin To Net: NetName=5V_ISO Pin=O1_U5-6
Added Pin To Net: NetName=D5 Pin=O1_U5-7
Added Pin To Net: NetName=5V_ISO Pin=O1_U5-8
Added Pin To Net: NetName=NetO1_U6_1 Pin=O1_U6-1
Added Pin To Net: NetName=GND Pin=O1_U6-2
Added Pin To Net: NetName=NetO1_U6_3 Pin=O1_U6-3
Added Pin To Net: NetName=GND Pin=O1_U6-4
Added Pin To Net: NetName=P6 Pin=O1_U6-5
Added Pin To Net: NetName=5V_ISO Pin=O1_U6-6
Added Pin To Net: NetName=D6 Pin=O1_U6-7
Added Pin To Net: NetName=5V_ISO Pin=O1_U6-8
Added Pin To Net: NetName=DIR1 Pin=R1_U1-1
Added Pin To Net: NetName=NetO1_U1_1 Pin=R1_U1-2
Added Pin To Net: NetName=DIR2 Pin=R1_U2-1
Added Pin To Net: NetName=NetO1_U2_1 Pin=R1_U2-2
Added Pin To Net: NetName=DIR3 Pin=R1_U3-1
Added Pin To Net: NetName=NetO1_U3_1 Pin=R1_U3-2
Added Pin To Net: NetName=DIR4 Pin=R1_U4-1
Added Pin To Net: NetName=NetO1_U4_1 Pin=R1_U4-2
Added Pin To Net: NetName=DIR5 Pin=R1_U5-1
Added Pin To Net: NetName=NetO1_U5_1 Pin=R1_U5-2
Added Pin To Net: NetName=DIR6 Pin=R1_U6-1
Added Pin To Net: NetName=NetO1_U6_1 Pin=R1_U6-2
Added Pin To Net: NetName=D1 Pin=R2_U1-1
Added Pin To Net: NetName=24V_GND Pin=R2_U1-2
Added Pin To Net: NetName=D2 Pin=R2_U2-1
Added Pin To Net: NetName=24V_GND Pin=R2_U2-2
Added Pin To Net: NetName=D3 Pin=R2_U3-1
Added Pin To Net: NetName=24V_GND Pin=R2_U3-2
Added Pin To Net: NetName=D4 Pin=R2_U4-1
Added Pin To Net: NetName=24V_GND Pin=R2_U4-2
Added Pin To Net: NetName=D5 Pin=R2_U5-1
Added Pin To Net: NetName=24V_GND Pin=R2_U5-2
Added Pin To Net: NetName=D6 Pin=R2_U6-1
Added Pin To Net: NetName=24V_GND Pin=R2_U6-2
Added Pin To Net: NetName=PWM1 Pin=R3_U1-1
Added Pin To Net: NetName=NetO1_U1_3 Pin=R3_U1-2
Added Pin To Net: NetName=PWM2 Pin=R3_U2-1
Added Pin To Net: NetName=NetO1_U2_3 Pin=R3_U2-2
Added Pin To Net: NetName=PWM3 Pin=R3_U3-1
Added Pin To Net: NetName=NetO1_U3_3 Pin=R3_U3-2
Added Pin To Net: NetName=PWM4 Pin=R3_U4-1
Added Pin To Net: NetName=NetO1_U4_3 Pin=R3_U4-2
Added Pin To Net: NetName=PWM5 Pin=R3_U5-1
Added Pin To Net: NetName=NetO1_U5_3 Pin=R3_U5-2
Added Pin To Net: NetName=PWM6 Pin=R3_U6-1
Added Pin To Net: NetName=NetO1_U6_3 Pin=R3_U6-2
Added Pin To Net: NetName=P1 Pin=R4_U1-1
Added Pin To Net: NetName=24V_GND Pin=R4_U1-2
Added Pin To Net: NetName=P2 Pin=R4_U2-1
Added Pin To Net: NetName=24V_GND Pin=R4_U2-2
Added Pin To Net: NetName=P3 Pin=R4_U3-1
Added Pin To Net: NetName=24V_GND Pin=R4_U3-2
Added Pin To Net: NetName=P4 Pin=R4_U4-1
Added Pin To Net: NetName=24V_GND Pin=R4_U4-2
Added Pin To Net: NetName=P5 Pin=R4_U5-1
Added Pin To Net: NetName=24V_GND Pin=R4_U5-2
Added Pin To Net: NetName=P6 Pin=R4_U6-1
Added Pin To Net: NetName=24V_GND Pin=R4_U6-2
Added Member To Class: ClassName=U1 Member=Component O1_U1 (O1A) LTV-826
Added Member To Class: ClassName=U2 Member=Component O1_U2 (O1A) LTV-826
Added Member To Class: ClassName=U3 Member=Component O1_U3 (O1A) LTV-826
Added Member To Class: ClassName=U4 Member=Component O1_U4 (O1A) LTV-826
Added Member To Class: ClassName=U5 Member=Component O1_U5 (O1A) LTV-826
Added Member To Class: ClassName=U6 Member=Component O1_U6 (O1A) LTV-826
Added Member To Class: ClassName=U1 Member=Component R1_U1 (R1) Resistor
Added Member To Class: ClassName=U2 Member=Component R1_U2 (R1) Resistor
Added Member To Class: ClassName=U3 Member=Component R1_U3 (R1) Resistor
Added Member To Class: ClassName=U4 Member=Component R1_U4 (R1) Resistor
Added Member To Class: ClassName=U5 Member=Component R1_U5 (R1) Resistor
Added Member To Class: ClassName=U6 Member=Component R1_U6 (R1) Resistor
Added Member To Class: ClassName=U1 Member=Component R2_U1 (R2) Resistor
Added Member To Class: ClassName=U2 Member=Component R2_U2 (R2) Resistor
Added Member To Class: ClassName=U3 Member=Component R2_U3 (R2) Resistor
Added Member To Class: ClassName=U4 Member=Component R2_U4 (R2) Resistor
Added Member To Class: ClassName=U5 Member=Component R2_U5 (R2) Resistor
Added Member To Class: ClassName=U6 Member=Component R2_U6 (R2) Resistor
Added Member To Class: ClassName=U1 Member=Component R3_U1 (R3) Resistor
Added Member To Class: ClassName=U2 Member=Component R3_U2 (R3) Resistor
Added Member To Class: ClassName=U3 Member=Component R3_U3 (R3) Resistor
Added Member To Class: ClassName=U4 Member=Component R3_U4 (R3) Resistor
Added Member To Class: ClassName=U5 Member=Component R3_U5 (R3) Resistor
Added Member To Class: ClassName=U6 Member=Component R3_U6 (R3) Resistor
Added Member To Class: ClassName=U1 Member=Component R4_U1 (R4) Resistor
Added Member To Class: ClassName=U2 Member=Component R4_U2 (R4) Resistor
Added Member To Class: ClassName=U3 Member=Component R4_U3 (R4) Resistor
Added Member To Class: ClassName=U4 Member=Component R4_U4 (R4) Resistor
Added Member To Class: ClassName=U5 Member=Component R4_U5 (R4) Resistor
Added Member To Class: ClassName=U6 Member=Component R4_U6 (R4) Resistor
