Removed Pin From Net: NetName=NetO1F_U1_1 Pin=O1F_U1-3
Removed Pin From Net: NetName=NetO1F_U2_1 Pin=O1F_U2-3
Removed Pin From Net: NetName=NetO1F_U3_1 Pin=O1F_U3-3
Removed Pin From Net: NetName=NetO1F_U4_1 Pin=O1F_U4-3
Removed Pin From Net: NetName=NetO1F_U5_1 Pin=O1F_U5-3
Removed Pin From Net: NetName=NetO1F_U6_1 Pin=O1F_U6-3
Removed Pin From Net: NetName=NetO1F_U1_1 Pin=R1F_U1-2
Removed Pin From Net: NetName=NetO1F_U2_1 Pin=R1F_U2-2
Removed Pin From Net: NetName=NetO1F_U3_1 Pin=R1F_U3-2
Removed Pin From Net: NetName=NetO1F_U4_1 Pin=R1F_U4-2
Removed Pin From Net: NetName=NetO1F_U5_1 Pin=R1F_U5-2
Removed Pin From Net: NetName=NetO1F_U6_1 Pin=R1F_U6-2
Added Pin To Net: NetName=NetO1F_U1_3 Pin=O1F_U1-3
Added Pin To Net: NetName=NetO1F_U1_3 Pin=R1F_U1-2
Added Net: Name=NetO1F_U1_3
Added Pin To Net: NetName=NetO1F_U2_3 Pin=O1F_U2-3
Added Pin To Net: NetName=NetO1F_U2_3 Pin=R1F_U2-2
Added Net: Name=NetO1F_U2_3
Added Pin To Net: NetName=NetO1F_U3_3 Pin=O1F_U3-3
Added Pin To Net: NetName=NetO1F_U3_3 Pin=R1F_U3-2
Added Net: Name=NetO1F_U3_3
Added Pin To Net: NetName=NetO1F_U4_3 Pin=O1F_U4-3
Added Pin To Net: NetName=NetO1F_U4_3 Pin=R1F_U4-2
Added Net: Name=NetO1F_U4_3
Added Pin To Net: NetName=NetO1F_U5_3 Pin=O1F_U5-3
Added Pin To Net: NetName=NetO1F_U5_3 Pin=R1F_U5-2
Added Net: Name=NetO1F_U5_3
Added Pin To Net: NetName=NetO1F_U6_3 Pin=O1F_U6-3
Added Pin To Net: NetName=NetO1F_U6_3 Pin=R1F_U6-2
Added Net: Name=NetO1F_U6_3
