Removed Pin From Net: NetName=24V_GND Pin=R2-1
Removed Pin From Net: NetName=24V_GND Pin=R4-1
Removed Pin From Net: NetName=24V_GND Pin=R6-1
Removed Pin From Net: NetName=24V_GND Pin=R8-1
Removed Pin From Net: NetName=24V_GND Pin=R10-1
Removed Pin From Net: NetName=24V_GND Pin=R12-1
Removed Pin From Net: NetName=24V_GND Pin=R14-1
Removed Pin From Net: NetName=24V_GND Pin=R16-1
Removed Pin From Net: NetName=24V_GND Pin=R18-1
Removed Pin From Net: NetName=24V_GND Pin=R20-1
Removed Pin From Net: NetName=24V_GND Pin=R23-2
Removed Pin From Net: NetName=24V_GND Pin=R25-2
Removed Member From Class: ClassName=Motor Control Member=F1
Removed Member From Class: ClassName=Motor Control Member=F2
Removed Member From Class: ClassName=Motor Control Member=F3
Removed Member From Class: ClassName=Motor Control Member=F4
Removed Member From Class: ClassName=Motor Control Member=F5
Removed Member From Class: ClassName=Motor Control Member=F6
Removed Member From Class: ClassName=Motor Control Member=MC1
Removed Member From Class: ClassName=Motor Control Member=MC2
Removed Member From Class: ClassName=Motor Control Member=MC3
Removed Member From Class: ClassName=Motor Control Member=MC4
Removed Member From Class: ClassName=Motor Control Member=MC5
Removed Member From Class: ClassName=Motor Control Member=MC6
Removed Member From Class: ClassName=Motor Control Member=O1
Removed Member From Class: ClassName=Motor Control Member=O2
Removed Member From Class: ClassName=Motor Control Member=O4
Removed Member From Class: ClassName=Motor Control Member=O5
Removed Member From Class: ClassName=Motor Control Member=O6
Removed Member From Class: ClassName=Motor Control Member=R1
Removed Member From Class: ClassName=Motor Control Member=R2
Removed Member From Class: ClassName=Motor Control Member=R3
Removed Member From Class: ClassName=Motor Control Member=R4
Removed Member From Class: ClassName=Motor Control Member=R5
Removed Member From Class: ClassName=Motor Control Member=R7
Removed Member From Class: ClassName=Motor Control Member=R8
Removed Member From Class: ClassName=Motor Control Member=R9
Removed Member From Class: ClassName=Motor Control Member=R10
Removed Member From Class: ClassName=Motor Control Member=R12
Removed Member From Class: ClassName=Motor Control Member=R13
Removed Member From Class: ClassName=Motor Control Member=R14
Removed Member From Class: ClassName=Motor Control Member=R15
Removed Member From Class: ClassName=Motor Control Member=R16
Removed Member From Class: ClassName=Motor Control Member=R18
Removed Member From Class: ClassName=Motor Control Member=R19
Removed Member From Class: ClassName=Motor Control Member=R20
Removed Member From Class: ClassName=Motor Control Member=R22
Removed Member From Class: ClassName=Motor Control Member=R24
Removed Member From Class: ClassName=Motor Control Member=R25
Removed Member From Class: ClassName=Motor Control Member=X3
Removed Member From Class: ClassName=ThrusterPower Member=NetF1_2
Removed Member From Class: ClassName=ThrusterPower Member=NetF2_2
Removed Member From Class: ClassName=ThrusterPower Member=NetF3_2
Removed Member From Class: ClassName=ThrusterPower Member=NetF4_2
Removed Member From Class: ClassName=ThrusterPower Member=NetF5_2
Removed Member From Class: ClassName=ThrusterPower Member=NetF6_2
Removed Member From Class: ClassName=ThrusterPower Member=NetMC1_OUTA
Removed Member From Class: ClassName=ThrusterPower Member=NetMC1_OUTB
Removed Member From Class: ClassName=ThrusterPower Member=NetMC2_OUTA
Removed Member From Class: ClassName=ThrusterPower Member=NetMC2_OUTB
Removed Member From Class: ClassName=ThrusterPower Member=NetMC3_OUTA
Removed Member From Class: ClassName=ThrusterPower Member=NetMC3_OUTB
Removed Member From Class: ClassName=ThrusterPower Member=NetMC4_OUTA
Removed Member From Class: ClassName=ThrusterPower Member=NetMC4_OUTB
Removed Member From Class: ClassName=ThrusterPower Member=NetMC5_OUTA
Removed Member From Class: ClassName=ThrusterPower Member=NetMC5_OUTB
Removed Member From Class: ClassName=ThrusterPower Member=NetMC6_OUTA
Removed Member From Class: ClassName=ThrusterPower Member=NetMC6_OUTB
Change Component Footprint: Designator=R23 Old Footprint=R0402 New Footprint=R0805
Change Component Footprint: Designator=R24 Old Footprint=R0402 New Footprint=R0805
Change Component Footprint: Designator=R25 Old Footprint=R0402 New Footprint=R0805
Change Component Designator: OldDesignator=F1 NewDesignator=F1_M1
Change Component Designator: OldDesignator=F2 NewDesignator=F1_M2
Change Component Designator: OldDesignator=F3 NewDesignator=F1_M3
Change Component Designator: OldDesignator=F4 NewDesignator=F1_M4
Change Component Designator: OldDesignator=F5 NewDesignator=F1_M5
Change Component Designator: OldDesignator=F6 NewDesignator=F1_M6
Change Component Designator: OldDesignator=MC1 NewDesignator=MC1_M1
Change Component Designator: OldDesignator=MC2 NewDesignator=MC1_M2
Change Component Designator: OldDesignator=MC3 NewDesignator=MC1_M3
Change Component Designator: OldDesignator=MC4 NewDesignator=MC1_M4
Change Component Designator: OldDesignator=MC5 NewDesignator=MC1_M5
Change Component Designator: OldDesignator=MC6 NewDesignator=MC1_M6
Change Component Designator: OldDesignator=O1 NewDesignator=O1_U1
Change Component Designator: OldDesignator=O2 NewDesignator=O1_U2
Change Component Designator: OldDesignator=O3 NewDesignator=O1_U3
Change Component Designator: OldDesignator=O4 NewDesignator=O1_U4
Change Component Designator: OldDesignator=O5 NewDesignator=O1_U5
Change Component Designator: OldDesignator=O6 NewDesignator=O1_U6
Change Component Designator: OldDesignator=R1 NewDesignator=R1_U1
Change Component Designator: OldDesignator=R2 NewDesignator=R2_U6
Change Component Designator: OldDesignator=R3 NewDesignator=R3_U6
Change Component Designator: OldDesignator=R4 NewDesignator=R4_U1
Change Component Designator: OldDesignator=R5 NewDesignator=R4_U2
Change Component Designator: OldDesignator=R6 NewDesignator=R4_U3
Change Component Designator: OldDesignator=R7 NewDesignator=R4_U4
Change Component Designator: OldDesignator=R8 NewDesignator=R4_U5
Change Component Designator: OldDesignator=R9 NewDesignator=R4_U6
Change Component Designator: OldDesignator=R10 NewDesignator=R1_U2
Change Component Designator: OldDesignator=R11 NewDesignator=R1_U3
Change Component Designator: OldDesignator=R12 NewDesignator=R1_U4
Change Component Designator: OldDesignator=R13 NewDesignator=R1_U5
Change Component Designator: OldDesignator=R14 NewDesignator=R1_U6
Change Component Designator: OldDesignator=R15 NewDesignator=R2_U1
Change Component Designator: OldDesignator=R16 NewDesignator=R2_U2
Change Component Designator: OldDesignator=R17 NewDesignator=R2_U3
Change Component Designator: OldDesignator=R18 NewDesignator=R2_U4
Change Component Designator: OldDesignator=R19 NewDesignator=R2_U5
Change Component Designator: OldDesignator=R20 NewDesignator=R3_U1
Change Component Designator: OldDesignator=R22 NewDesignator=R3_U2
Change Component Designator: OldDesignator=R23 NewDesignator=R3_U3
Change Component Designator: OldDesignator=R24 NewDesignator=R3_U4
Change Component Designator: OldDesignator=R25 NewDesignator=R3_U5
Added Pin To Net: NetName=24V_GND Pin=R2_U1-2
Added Pin To Net: NetName=24V_GND Pin=R2_U2-2
Added Pin To Net: NetName=24V_GND Pin=R2_U3-2
Added Pin To Net: NetName=24V_GND Pin=R2_U4-2
Added Pin To Net: NetName=24V_GND Pin=R2_U5-2
Added Pin To Net: NetName=24V_GND Pin=R2_U6-2
Added Pin To Net: NetName=24V_GND Pin=R4_U1-2
Added Pin To Net: NetName=24V_GND Pin=R4_U2-2
Added Pin To Net: NetName=24V_GND Pin=R4_U3-2
Added Pin To Net: NetName=24V_GND Pin=R4_U4-2
Added Pin To Net: NetName=24V_GND Pin=R4_U5-2
Added Pin To Net: NetName=24V_GND Pin=R4_U6-2
Change Net Name : Old Net Name=NetF1_2 New Net Name=NetF1_M1_2
Change Net Name : Old Net Name=NetF2_2 New Net Name=NetF1_M2_2
Change Net Name : Old Net Name=NetF3_2 New Net Name=NetF1_M3_2
Change Net Name : Old Net Name=NetF4_2 New Net Name=NetF1_M4_2
Change Net Name : Old Net Name=NetF5_2 New Net Name=NetF1_M5_2
Change Net Name : Old Net Name=NetF6_2 New Net Name=NetF1_M6_2
Change Net Name : Old Net Name=NetMC1_5V New Net Name=NetMC1_M1_5V
Change Net Name : Old Net Name=NetMC1_OUTA New Net Name=A1
Change Net Name : Old Net Name=NetMC2_5V New Net Name=NetMC1_M2_5V
Change Net Name : Old Net Name=NetMC3_5V New Net Name=NetMC1_M3_5V
Change Net Name : Old Net Name=NetMC4_5V New Net Name=NetMC1_M4_5V
Change Net Name : Old Net Name=NetMC5_5V New Net Name=NetMC1_M5_5V
Change Net Name : Old Net Name=NetMC6_5V New Net Name=NetMC1_M6_5V
Change Net Name : Old Net Name=NetO3_1 New Net Name=NetO1_U3_1
Added Pin To Net: NetName=A2 Pin=MC1_M2-OUTA
Added Pin To Net: NetName=A2 Pin=MC1_M2-OUTA
Added Pin To Net: NetName=A2 Pin=X3-2
Added Net: Name=A2
Added Pin To Net: NetName=A3 Pin=MC1_M3-OUTA
Added Pin To Net: NetName=A3 Pin=MC1_M3-OUTA
Added Pin To Net: NetName=A3 Pin=X3-3
Added Net: Name=A3
Added Pin To Net: NetName=A4 Pin=MC1_M4-OUTA
Added Pin To Net: NetName=A4 Pin=MC1_M4-OUTA
Added Pin To Net: NetName=A4 Pin=X3-4
Added Net: Name=A4
Added Pin To Net: NetName=A5 Pin=MC1_M5-OUTA
Added Pin To Net: NetName=A5 Pin=MC1_M5-OUTA
Added Pin To Net: NetName=A5 Pin=X3-5
Added Net: Name=A5
Added Pin To Net: NetName=A6 Pin=MC1_M6-OUTA
Added Pin To Net: NetName=A6 Pin=MC1_M6-OUTA
Added Pin To Net: NetName=A6 Pin=X3-6
Added Net: Name=A6
Added Pin To Net: NetName=B1 Pin=MC1_M1-OUTB
Added Pin To Net: NetName=B1 Pin=MC1_M1-OUTB
Added Pin To Net: NetName=B1 Pin=X3-7
Added Net: Name=B1
Added Pin To Net: NetName=B2 Pin=MC1_M2-OUTB
Added Pin To Net: NetName=B2 Pin=MC1_M2-OUTB
Added Pin To Net: NetName=B2 Pin=X3-8
Added Net: Name=B2
Added Pin To Net: NetName=B3 Pin=MC1_M3-OUTB
Added Pin To Net: NetName=B3 Pin=MC1_M3-OUTB
Added Pin To Net: NetName=B3 Pin=X3-9
Added Net: Name=B3
Added Pin To Net: NetName=B4 Pin=MC1_M4-OUTB
Added Pin To Net: NetName=B4 Pin=MC1_M4-OUTB
Added Pin To Net: NetName=B4 Pin=X3-10
Added Net: Name=B4
Added Pin To Net: NetName=B5 Pin=MC1_M5-OUTB
Added Pin To Net: NetName=B5 Pin=MC1_M5-OUTB
Added Pin To Net: NetName=B5 Pin=X3-11
Added Net: Name=B5
Added Pin To Net: NetName=B6 Pin=MC1_M6-OUTB
Added Pin To Net: NetName=B6 Pin=MC1_M6-OUTB
Added Pin To Net: NetName=B6 Pin=X3-12
Added Net: Name=B6
Added Pin To Net: NetName=D1 Pin=MC1_M1-PWM
Added Pin To Net: NetName=D1 Pin=O1_U1-7
Added Pin To Net: NetName=D1 Pin=R2_U1-1
Added Net: Name=D1
Added Pin To Net: NetName=D2 Pin=MC1_M2-PWM
Added Pin To Net: NetName=D2 Pin=O1_U2-7
Added Pin To Net: NetName=D2 Pin=R2_U2-1
Added Net: Name=D2
Added Pin To Net: NetName=D3 Pin=MC1_M3-PWM
Added Pin To Net: NetName=D3 Pin=O1_U3-7
Added Pin To Net: NetName=D3 Pin=R2_U3-1
Added Net: Name=D3
Added Pin To Net: NetName=D4 Pin=MC1_M4-PWM
Added Pin To Net: NetName=D4 Pin=O1_U4-7
Added Pin To Net: NetName=D4 Pin=R2_U4-1
Added Net: Name=D4
Added Pin To Net: NetName=D5 Pin=MC1_M5-PWM
Added Pin To Net: NetName=D5 Pin=O1_U5-7
Added Pin To Net: NetName=D5 Pin=R2_U5-1
Added Net: Name=D5
Added Pin To Net: NetName=D6 Pin=MC1_M6-PWM
Added Pin To Net: NetName=D6 Pin=O1_U6-7
Added Pin To Net: NetName=D6 Pin=R2_U6-1
Added Net: Name=D6
Added Pin To Net: NetName=DIR1 Pin=R1_U1-1
Added Pin To Net: NetName=DIR1 Pin=U5-22
Added Net: Name=DIR1
Added Pin To Net: NetName=DIR2 Pin=R1_U2-1
Added Pin To Net: NetName=DIR2 Pin=U5-23
Added Net: Name=DIR2
Added Pin To Net: NetName=DIR3 Pin=R1_U3-1
Added Pin To Net: NetName=DIR3 Pin=U5-24
Added Net: Name=DIR3
Added Pin To Net: NetName=DIR4 Pin=R1_U4-1
Added Pin To Net: NetName=DIR4 Pin=U5-28
Added Net: Name=DIR4
Added Pin To Net: NetName=DIR5 Pin=R1_U5-1
Added Pin To Net: NetName=DIR5 Pin=U5-29
Added Net: Name=DIR5
Added Pin To Net: NetName=DIR6 Pin=R1_U6-1
Added Pin To Net: NetName=DIR6 Pin=U5-32
Added Net: Name=DIR6
Added Pin To Net: NetName=NetO1_U1_1 Pin=O1_U1-1
Added Pin To Net: NetName=NetO1_U1_1 Pin=R1_U1-2
Added Net: Name=NetO1_U1_1
Added Pin To Net: NetName=NetO1_U1_3 Pin=O1_U1-3
Added Pin To Net: NetName=NetO1_U1_3 Pin=R3_U1-2
Added Net: Name=NetO1_U1_3
Added Pin To Net: NetName=NetO1_U2_1 Pin=O1_U2-1
Added Pin To Net: NetName=NetO1_U2_1 Pin=R1_U2-2
Added Net: Name=NetO1_U2_1
Added Pin To Net: NetName=NetO1_U2_3 Pin=O1_U2-3
Added Pin To Net: NetName=NetO1_U2_3 Pin=R3_U2-2
Added Net: Name=NetO1_U2_3
Added Pin To Net: NetName=NetO1_U3_3 Pin=O1_U3-3
Added Pin To Net: NetName=NetO1_U3_3 Pin=R3_U3-2
Added Net: Name=NetO1_U3_3
Added Pin To Net: NetName=NetO1_U4_1 Pin=O1_U4-1
Added Pin To Net: NetName=NetO1_U4_1 Pin=R1_U4-2
Added Net: Name=NetO1_U4_1
Added Pin To Net: NetName=NetO1_U4_3 Pin=O1_U4-3
Added Pin To Net: NetName=NetO1_U4_3 Pin=R3_U4-2
Added Net: Name=NetO1_U4_3
Added Pin To Net: NetName=NetO1_U5_1 Pin=O1_U5-1
Added Pin To Net: NetName=NetO1_U5_1 Pin=R1_U5-2
Added Net: Name=NetO1_U5_1
Added Pin To Net: NetName=NetO1_U5_3 Pin=O1_U5-3
Added Pin To Net: NetName=NetO1_U5_3 Pin=R3_U5-2
Added Net: Name=NetO1_U5_3
Added Pin To Net: NetName=NetO1_U6_1 Pin=O1_U6-1
Added Pin To Net: NetName=NetO1_U6_1 Pin=R1_U6-2
Added Net: Name=NetO1_U6_1
Added Pin To Net: NetName=NetO1_U6_3 Pin=O1_U6-3
Added Pin To Net: NetName=NetO1_U6_3 Pin=R3_U6-2
Added Net: Name=NetO1_U6_3
Added Pin To Net: NetName=P1 Pin=MC1_M1-DIR
Added Pin To Net: NetName=P1 Pin=O1_U1-5
Added Pin To Net: NetName=P1 Pin=R4_U1-1
Added Net: Name=P1
Added Pin To Net: NetName=P2 Pin=MC1_M2-DIR
Added Pin To Net: NetName=P2 Pin=O1_U2-5
Added Pin To Net: NetName=P2 Pin=R4_U2-1
Added Net: Name=P2
Added Pin To Net: NetName=P3 Pin=MC1_M3-DIR
Added Pin To Net: NetName=P3 Pin=O1_U3-5
Added Pin To Net: NetName=P3 Pin=R4_U3-1
Added Net: Name=P3
Added Pin To Net: NetName=P4 Pin=MC1_M4-DIR
Added Pin To Net: NetName=P4 Pin=O1_U4-5
Added Pin To Net: NetName=P4 Pin=R4_U4-1
Added Net: Name=P4
Added Pin To Net: NetName=P5 Pin=MC1_M5-DIR
Added Pin To Net: NetName=P5 Pin=O1_U5-5
Added Pin To Net: NetName=P5 Pin=R4_U5-1
Added Net: Name=P5
Added Pin To Net: NetName=P6 Pin=MC1_M6-DIR
Added Pin To Net: NetName=P6 Pin=O1_U6-5
Added Pin To Net: NetName=P6 Pin=R4_U6-1
Added Net: Name=P6
Added Pin To Net: NetName=PWM1 Pin=R3_U1-1
Added Pin To Net: NetName=PWM1 Pin=U5-14
Added Net: Name=PWM1
Added Pin To Net: NetName=PWM2 Pin=R3_U2-1
Added Pin To Net: NetName=PWM2 Pin=U5-15
Added Net: Name=PWM2
Added Pin To Net: NetName=PWM3 Pin=R3_U3-1
Added Pin To Net: NetName=PWM3 Pin=U5-16
Added Net: Name=PWM3
Added Pin To Net: NetName=PWM4 Pin=R3_U4-1
Added Pin To Net: NetName=PWM4 Pin=U5-17
Added Net: Name=PWM4
Added Pin To Net: NetName=PWM5 Pin=R3_U5-1
Added Pin To Net: NetName=PWM5 Pin=U5-20
Added Net: Name=PWM5
Added Pin To Net: NetName=PWM6 Pin=R3_U6-1
Added Pin To Net: NetName=PWM6 Pin=U5-21
Added Net: Name=PWM6
Change Class Name : Old Net Name=Motor Control New Net Name=U3
Added Class: Name=M1
Added Class: Name=M2
Added Class: Name=M3
Added Class: Name=M4
Added Class: Name=M5
Added Class: Name=M6
Added Class: Name=Motor Control
Added Class: Name=U1
Added Class: Name=U2
Added Class: Name=U4
Added Class: Name=U5
Added Class: Name=U6
Added Class: Name=A[1..6]
Added Class: Name=B[1..6]
Added Class: Name=D[1..6]
Added Class: Name=DIR[1..6]
Added Class: Name=P[1..6]
Added Class: Name=PWM[1..6]
Added Class: Name=HBridges
Added Class: Name=Optos
Added Member To Class: ClassName=ThrusterPower Member=Element[1]: A
Added Member To Class: ClassName=ThrusterPower Member=Element[2]: A
Added Member To Class: ClassName=ThrusterPower Member=Element[3]: A
Added Member To Class: ClassName=ThrusterPower Member=Element[4]: A
Added Member To Class: ClassName=ThrusterPower Member=Element[5]: A
Added Member To Class: ClassName=ThrusterPower Member=Element[6]: A
Added Member To Class: ClassName=ThrusterPower Member=Element[1]: B
Added Member To Class: ClassName=ThrusterPower Member=Element[2]: B
Added Member To Class: ClassName=ThrusterPower Member=Element[3]: B
Added Member To Class: ClassName=ThrusterPower Member=Element[4]: B
Added Member To Class: ClassName=ThrusterPower Member=Element[5]: B
Added Member To Class: ClassName=ThrusterPower Member=Element[6]: B
Added Member To Class: ClassName=ThrusterPower Member=Element[1]: D
Added Member To Class: ClassName=ThrusterPower Member=Element[2]: D
Added Member To Class: ClassName=ThrusterPower Member=Element[3]: D
Added Member To Class: ClassName=ThrusterPower Member=Element[4]: D
Added Member To Class: ClassName=ThrusterPower Member=Element[5]: D
Added Member To Class: ClassName=ThrusterPower Member=Element[6]: D
Added Member To Class: ClassName=ThrusterPower Member=Wire NetF1_M1_2
Added Member To Class: ClassName=ThrusterPower Member=Wire NetF1_M2_2
Added Member To Class: ClassName=ThrusterPower Member=Wire NetF1_M3_2
Added Member To Class: ClassName=ThrusterPower Member=Wire NetF1_M4_2
Added Member To Class: ClassName=ThrusterPower Member=Wire NetF1_M5_2
Added Member To Class: ClassName=ThrusterPower Member=Wire NetF1_M6_2
Added Member To Class: ClassName=ThrusterPower Member=Wire NetMC1_M1_5V
Added Member To Class: ClassName=ThrusterPower Member=Wire NetMC1_M2_5V
Added Member To Class: ClassName=ThrusterPower Member=Wire NetMC1_M3_5V
Added Member To Class: ClassName=ThrusterPower Member=Wire NetMC1_M4_5V
Added Member To Class: ClassName=ThrusterPower Member=Wire NetMC1_M5_5V
Added Member To Class: ClassName=ThrusterPower Member=Wire NetMC1_M6_5V
Added Member To Class: ClassName=ThrusterPower Member=Element[1]: P
Added Member To Class: ClassName=ThrusterPower Member=Element[2]: P
Added Member To Class: ClassName=ThrusterPower Member=Element[3]: P
Added Member To Class: ClassName=ThrusterPower Member=Element[4]: P
Added Member To Class: ClassName=ThrusterPower Member=Element[5]: P
Added Member To Class: ClassName=ThrusterPower Member=Element[6]: P
Added Room: Name=M1
Added Room: Name=M2
Added Room: Name=M3
Added Room: Name=M4
Added Room: Name=M5
Added Room: Name=M6
Added Room: Name=U1
Added Room: Name=U2
Added Room: Name=U3
Added Room: Name=U4
Added Room: Name=U5
Added Room: Name=U6
