Removed Pin From Net: NetName=A2 Pin=X3-2
Removed Pin From Net: NetName=A3 Pin=X3-3
Removed Pin From Net: NetName=A4 Pin=X3-4
Removed Pin From Net: NetName=A5 Pin=X3-5
Removed Pin From Net: NetName=A6 Pin=X3-6
Removed Pin From Net: NetName=B1 Pin=X3-7
Removed Pin From Net: NetName=B2 Pin=X3-8
Removed Pin From Net: NetName=B3 Pin=X3-9
Removed Pin From Net: NetName=B4 Pin=X3-10
Removed Pin From Net: NetName=B5 Pin=X3-11
Change Component Footprint: Designator=X3 Old Footprint=1-770972-0 New Footprint=MCDN 1,5/ 9-G1-3,5 P14THR
Change Component Comment : Designator=X3 Old Comment=1-770972-0 New Comment=Header 18
Change Component Designator: OldDesignator=X3 NewDesignator=P4
Added Pin To Net: NetName=B1 Pin=P4-2
Added Pin To Net: NetName=A2 Pin=P4-3
Added Pin To Net: NetName=B2 Pin=P4-4
Added Pin To Net: NetName=A3 Pin=P4-5
Added Pin To Net: NetName=B3 Pin=P4-6
Added Pin To Net: NetName=A4 Pin=P4-7
Added Pin To Net: NetName=B4 Pin=P4-8
Added Pin To Net: NetName=A5 Pin=P4-9
Added Pin To Net: NetName=B5 Pin=P4-10
Added Pin To Net: NetName=A6 Pin=P4-11
