Removed Member From Class: ClassName=U6 Member=F1_U1
Removed Member From Class: ClassName=U6 Member=F1_U2
Removed Member From Class: ClassName=U6 Member=F1_U3
Removed Member From Class: ClassName=U6 Member=F1_U4
Removed Member From Class: ClassName=U6 Member=F1_U5
Removed Member From Class: ClassName=U6 Member=MC1_U1
Removed Member From Class: ClassName=U6 Member=MC1_U2
Removed Member From Class: ClassName=U6 Member=MC1_U3
Removed Member From Class: ClassName=U6 Member=MC1_U4
Removed Member From Class: ClassName=U6 Member=MC1_U5
Removed Member From Class: ClassName=U6 Member=O1_U1
Removed Member From Class: ClassName=U6 Member=O1_U2
Removed Member From Class: ClassName=U6 Member=O1_U3
Removed Member From Class: ClassName=U6 Member=O1_U4
Removed Member From Class: ClassName=U6 Member=O1_U5
Removed Member From Class: ClassName=U6 Member=R1_U1
Removed Member From Class: ClassName=U6 Member=R1_U2
Removed Member From Class: ClassName=U6 Member=R1_U3
Removed Member From Class: ClassName=U6 Member=R1_U4
Removed Member From Class: ClassName=U6 Member=R1_U5
Removed Member From Class: ClassName=U6 Member=R2_U1
Removed Member From Class: ClassName=U6 Member=R2_U2
Removed Member From Class: ClassName=U6 Member=R2_U3
Removed Member From Class: ClassName=U6 Member=R2_U4
Removed Member From Class: ClassName=U6 Member=R2_U5
Removed Member From Class: ClassName=U6 Member=R3_U1
Removed Member From Class: ClassName=U6 Member=R4_U1
Removed Member From Class: ClassName=U6 Member=R4_U2
Removed Member From Class: ClassName=U6 Member=R4_U3
Removed Member From Class: ClassName=U6 Member=R4_U4
Removed Member From Class: ClassName=U6 Member=R4_U5
Removed Member From Class: ClassName=ThrusterPower Member=NetF1_U1_2
Removed Member From Class: ClassName=ThrusterPower Member=NetF1_U2_2
Removed Member From Class: ClassName=ThrusterPower Member=NetF1_U3_2
Removed Member From Class: ClassName=ThrusterPower Member=NetF1_U4_2
Removed Member From Class: ClassName=ThrusterPower Member=NetF1_U5_2
Removed Member From Class: ClassName=ThrusterPower Member=NetF1_U6_2
Removed Member From Class: ClassName=ThrusterPower Member=NetMC1_U1_5V
Removed Member From Class: ClassName=ThrusterPower Member=NetMC1_U2_5V
Removed Member From Class: ClassName=ThrusterPower Member=NetMC1_U3_5V
Removed Member From Class: ClassName=ThrusterPower Member=NetMC1_U4_5V
Removed Member From Class: ClassName=ThrusterPower Member=NetMC1_U5_5V
Removed Member From Class: ClassName=ThrusterPower Member=NetMC1_U6_5V
Change Component Designator: OldDesignator=F1_U1 NewDesignator=F1_M1
Change Component Designator: OldDesignator=F1_U2 NewDesignator=F1_M2
Change Component Designator: OldDesignator=F1_U3 NewDesignator=F1_M3
Change Component Designator: OldDesignator=F1_U4 NewDesignator=F1_M4
Change Component Designator: OldDesignator=F1_U5 NewDesignator=F1_M5
Change Component Designator: OldDesignator=F1_U6 NewDesignator=F1_M6
Change Component Designator: OldDesignator=MC1_U1 NewDesignator=MC1_M1
Change Component Designator: OldDesignator=MC1_U2 NewDesignator=MC1_M2
Change Component Designator: OldDesignator=MC1_U3 NewDesignator=MC1_M3
Change Component Designator: OldDesignator=MC1_U4 NewDesignator=MC1_M4
Change Component Designator: OldDesignator=MC1_U5 NewDesignator=MC1_M5
Change Component Designator: OldDesignator=MC1_U6 NewDesignator=MC1_M6
Change Net Name : Old Net Name=NetF1_U1_2 New Net Name=NetF1_M1_2
Change Net Name : Old Net Name=NetF1_U2_2 New Net Name=NetF1_M2_2
Change Net Name : Old Net Name=NetF1_U3_2 New Net Name=NetF1_M3_2
Change Net Name : Old Net Name=NetF1_U4_2 New Net Name=NetF1_M4_2
Change Net Name : Old Net Name=NetF1_U5_2 New Net Name=NetF1_M5_2
Change Net Name : Old Net Name=NetF1_U6_2 New Net Name=NetF1_M6_2
Change Net Name : Old Net Name=NetMC1_U1_5V New Net Name=NetMC1_M1_5V
Change Net Name : Old Net Name=NetMC1_U2_5V New Net Name=NetMC1_M2_5V
Change Net Name : Old Net Name=NetMC1_U3_5V New Net Name=NetMC1_M3_5V
Change Net Name : Old Net Name=NetMC1_U4_5V New Net Name=NetMC1_M4_5V
Change Net Name : Old Net Name=NetMC1_U5_5V New Net Name=NetMC1_M5_5V
Change Net Name : Old Net Name=NetMC1_U6_5V New Net Name=NetMC1_M6_5V
Added Class: Name=M1
Added Class: Name=M2
Added Class: Name=M3
Added Class: Name=M4
Added Class: Name=M5
Added Class: Name=M6
Added Member To Class: ClassName=ThrusterPower Member=Wire NetF1_M1_2
Added Member To Class: ClassName=ThrusterPower Member=Wire NetF1_M2_2
Added Member To Class: ClassName=ThrusterPower Member=Wire NetF1_M3_2
Added Member To Class: ClassName=ThrusterPower Member=Wire NetF1_M4_2
Added Member To Class: ClassName=ThrusterPower Member=Wire NetF1_M5_2
Added Member To Class: ClassName=ThrusterPower Member=Wire NetF1_M6_2
Added Member To Class: ClassName=ThrusterPower Member=Wire NetMC1_M1_5V
Added Member To Class: ClassName=ThrusterPower Member=Wire NetMC1_M2_5V
Added Member To Class: ClassName=ThrusterPower Member=Wire NetMC1_M3_5V
Added Member To Class: ClassName=ThrusterPower Member=Wire NetMC1_M4_5V
Added Member To Class: ClassName=ThrusterPower Member=Wire NetMC1_M5_5V
Added Member To Class: ClassName=ThrusterPower Member=Wire NetMC1_M6_5V
Change Room Name: Old Name=U_3 New Name=M3
Change Room Scope: Old Scope=InComponentClass('U3') New Scope=InComponentClass('M3')
Added Room: Name=M1
Added Room: Name=M2
Added Room: Name=M4
Added Room: Name=M5
Added Room: Name=M6
