Added Component: Designator=C1(C0805)
Added Component: Designator=C2(C0805)
Added Component: Designator=C3(C0402)
Added Component: Designator=F1_M1(00300210N)
Added Component: Designator=F1_M2(00300210N)
Added Component: Designator=F1_M3(00300210N)
Added Component: Designator=F1_M4(00300210N)
Added Component: Designator=F1_M5(00300210N)
Added Component: Designator=F1_M6(00300210N)
Added Component: Designator=MC1_M1(Pololu 24v12)
Added Component: Designator=MC1_M2(Pololu 24v12)
Added Component: Designator=MC1_M3(Pololu 24v12)
Added Component: Designator=MC1_M4(Pololu 24v12)
Added Component: Designator=MC1_M5(Pololu 24v12)
Added Component: Designator=MC1_M6(Pololu 24v12)
Added Component: Designator=O1_U1(8-SMD)
Added Component: Designator=O1_U2(8-SMD)
Added Component: Designator=O1_U3(8-SMD)
Added Component: Designator=O1_U4(8-SMD)
Added Component: Designator=O1_U5(8-SMD)
Added Component: Designator=O1_U6(8-SMD)
Added Component: Designator=P2(HDR1X2)
Added Component: Designator=P3(HDR1X2)
Added Component: Designator=R1_U1(R0805)
Added Component: Designator=R1_U2(R0805)
Added Component: Designator=R1_U3(R0805)
Added Component: Designator=R1_U4(R0805)
Added Component: Designator=R1_U5(R0805)
Added Component: Designator=R1_U6(R0805)
Added Component: Designator=R2_U1(R0805)
Added Component: Designator=R2_U2(R0805)
Added Component: Designator=R2_U3(R0805)
Added Component: Designator=R2_U4(R0805)
Added Component: Designator=R2_U5(R0805)
Added Component: Designator=R2_U6(R0805)
Added Component: Designator=R3_U1(R0805)
Added Component: Designator=R3_U2(R0805)
Added Component: Designator=R3_U3(R0805)
Added Component: Designator=R3_U4(R0805)
Added Component: Designator=R3_U5(R0805)
Added Component: Designator=R3_U6(R0805)
Added Component: Designator=R4_U1(R0805)
Added Component: Designator=R4_U2(R0805)
Added Component: Designator=R4_U3(R0805)
Added Component: Designator=R4_U4(R0805)
Added Component: Designator=R4_U5(R0805)
Added Component: Designator=R4_U6(R0805)
Added Component: Designator=U4(XC6701B332MR)
Added Component: Designator=U5(44A_N)
Added Component: Designator=X1(2x3 Header)
Added Component: Designator=X3(1-770972-0)
Added Pin To Net: NetName=PRE_3V3 Pin=C1-1
Added Pin To Net: NetName=GND Pin=C1-2
Added Pin To Net: NetName=5V Pin=C2-1
Added Pin To Net: NetName=GND Pin=C2-2
Added Pin To Net: NetName=PRE_3V3 Pin=C3-1
Added Pin To Net: NetName=GND Pin=C3-2
Added Pin To Net: NetName=24V Pin=F1_M1-1
Added Pin To Net: NetName=24V Pin=F1_M1-1
Added Pin To Net: NetName=NetF1_M1_2 Pin=F1_M1-2
Added Pin To Net: NetName=NetF1_M1_2 Pin=F1_M1-2
Added Pin To Net: NetName=24V Pin=F1_M2-1
Added Pin To Net: NetName=24V Pin=F1_M2-1
Added Pin To Net: NetName=NetF1_M2_2 Pin=F1_M2-2
Added Pin To Net: NetName=NetF1_M2_2 Pin=F1_M2-2
Added Pin To Net: NetName=24V Pin=F1_M3-1
Added Pin To Net: NetName=24V Pin=F1_M3-1
Added Pin To Net: NetName=NetF1_M3_2 Pin=F1_M3-2
Added Pin To Net: NetName=NetF1_M3_2 Pin=F1_M3-2
Added Pin To Net: NetName=24V Pin=F1_M4-1
Added Pin To Net: NetName=24V Pin=F1_M4-1
Added Pin To Net: NetName=NetF1_M4_2 Pin=F1_M4-2
Added Pin To Net: NetName=NetF1_M4_2 Pin=F1_M4-2
Added Pin To Net: NetName=24V Pin=F1_M5-1
Added Pin To Net: NetName=24V Pin=F1_M5-1
Added Pin To Net: NetName=NetF1_M5_2 Pin=F1_M5-2
Added Pin To Net: NetName=NetF1_M5_2 Pin=F1_M5-2
Added Pin To Net: NetName=24V Pin=F1_M6-1
Added Pin To Net: NetName=24V Pin=F1_M6-1
Added Pin To Net: NetName=NetF1_M6_2 Pin=F1_M6-2
Added Pin To Net: NetName=NetF1_M6_2 Pin=F1_M6-2
Added Pin To Net: NetName=NetMC1_M1_5V Pin=MC1_M1-5V
Added Pin To Net: NetName=P1 Pin=MC1_M1-DIR
Added Pin To Net: NetName=24V_GND Pin=MC1_M1-GND
Added Pin To Net: NetName=24V_GND Pin=MC1_M1-GND
Added Pin To Net: NetName=24V_GND Pin=MC1_M1-GND
Added Pin To Net: NetName=A1 Pin=MC1_M1-OUTA
Added Pin To Net: NetName=A1 Pin=MC1_M1-OUTA
Added Pin To Net: NetName=B1 Pin=MC1_M1-OUTB
Added Pin To Net: NetName=B1 Pin=MC1_M1-OUTB
Added Pin To Net: NetName=D1 Pin=MC1_M1-PWM
Added Pin To Net: NetName=NetMC1_M1_5V Pin=MC1_M1-RESET
Added Pin To Net: NetName=NetF1_M1_2 Pin=MC1_M1-V+
Added Pin To Net: NetName=NetF1_M1_2 Pin=MC1_M1-V+
Added Pin To Net: NetName=NetMC1_M2_5V Pin=MC1_M2-5V
Added Pin To Net: NetName=P2 Pin=MC1_M2-DIR
Added Pin To Net: NetName=24V_GND Pin=MC1_M2-GND
Added Pin To Net: NetName=24V_GND Pin=MC1_M2-GND
Added Pin To Net: NetName=24V_GND Pin=MC1_M2-GND
Added Pin To Net: NetName=A2 Pin=MC1_M2-OUTA
Added Pin To Net: NetName=A2 Pin=MC1_M2-OUTA
Added Pin To Net: NetName=B2 Pin=MC1_M2-OUTB
Added Pin To Net: NetName=B2 Pin=MC1_M2-OUTB
Added Pin To Net: NetName=D2 Pin=MC1_M2-PWM
Added Pin To Net: NetName=NetMC1_M2_5V Pin=MC1_M2-RESET
Added Pin To Net: NetName=NetF1_M2_2 Pin=MC1_M2-V+
Added Pin To Net: NetName=NetF1_M2_2 Pin=MC1_M2-V+
Added Pin To Net: NetName=NetMC1_M3_5V Pin=MC1_M3-5V
Added Pin To Net: NetName=P3 Pin=MC1_M3-DIR
Added Pin To Net: NetName=24V_GND Pin=MC1_M3-GND
Added Pin To Net: NetName=24V_GND Pin=MC1_M3-GND
Added Pin To Net: NetName=24V_GND Pin=MC1_M3-GND
Added Pin To Net: NetName=A3 Pin=MC1_M3-OUTA
Added Pin To Net: NetName=A3 Pin=MC1_M3-OUTA
Added Pin To Net: NetName=B3 Pin=MC1_M3-OUTB
Added Pin To Net: NetName=B3 Pin=MC1_M3-OUTB
Added Pin To Net: NetName=D3 Pin=MC1_M3-PWM
Added Pin To Net: NetName=NetMC1_M3_5V Pin=MC1_M3-RESET
Added Pin To Net: NetName=NetF1_M3_2 Pin=MC1_M3-V+
Added Pin To Net: NetName=NetF1_M3_2 Pin=MC1_M3-V+
Added Pin To Net: NetName=NetMC1_M4_5V Pin=MC1_M4-5V
Added Pin To Net: NetName=P4 Pin=MC1_M4-DIR
Added Pin To Net: NetName=24V_GND Pin=MC1_M4-GND
Added Pin To Net: NetName=24V_GND Pin=MC1_M4-GND
Added Pin To Net: NetName=24V_GND Pin=MC1_M4-GND
Added Pin To Net: NetName=A4 Pin=MC1_M4-OUTA
Added Pin To Net: NetName=A4 Pin=MC1_M4-OUTA
Added Pin To Net: NetName=B4 Pin=MC1_M4-OUTB
Added Pin To Net: NetName=B4 Pin=MC1_M4-OUTB
Added Pin To Net: NetName=D4 Pin=MC1_M4-PWM
Added Pin To Net: NetName=NetMC1_M4_5V Pin=MC1_M4-RESET
Added Pin To Net: NetName=NetF1_M4_2 Pin=MC1_M4-V+
Added Pin To Net: NetName=NetF1_M4_2 Pin=MC1_M4-V+
Added Pin To Net: NetName=NetMC1_M5_5V Pin=MC1_M5-5V
Added Pin To Net: NetName=P5 Pin=MC1_M5-DIR
Added Pin To Net: NetName=24V_GND Pin=MC1_M5-GND
Added Pin To Net: NetName=24V_GND Pin=MC1_M5-GND
Added Pin To Net: NetName=24V_GND Pin=MC1_M5-GND
Added Pin To Net: NetName=A5 Pin=MC1_M5-OUTA
Added Pin To Net: NetName=A5 Pin=MC1_M5-OUTA
Added Pin To Net: NetName=B5 Pin=MC1_M5-OUTB
Added Pin To Net: NetName=B5 Pin=MC1_M5-OUTB
Added Pin To Net: NetName=D5 Pin=MC1_M5-PWM
Added Pin To Net: NetName=NetMC1_M5_5V Pin=MC1_M5-RESET
Added Pin To Net: NetName=NetF1_M5_2 Pin=MC1_M5-V+
Added Pin To Net: NetName=NetF1_M5_2 Pin=MC1_M5-V+
Added Pin To Net: NetName=NetMC1_M6_5V Pin=MC1_M6-5V
Added Pin To Net: NetName=P6 Pin=MC1_M6-DIR
Added Pin To Net: NetName=24V_GND Pin=MC1_M6-GND
Added Pin To Net: NetName=24V_GND Pin=MC1_M6-GND
Added Pin To Net: NetName=24V_GND Pin=MC1_M6-GND
Added Pin To Net: NetName=A6 Pin=MC1_M6-OUTA
Added Pin To Net: NetName=A6 Pin=MC1_M6-OUTA
Added Pin To Net: NetName=B6 Pin=MC1_M6-OUTB
Added Pin To Net: NetName=B6 Pin=MC1_M6-OUTB
Added Pin To Net: NetName=D6 Pin=MC1_M6-PWM
Added Pin To Net: NetName=NetMC1_M6_5V Pin=MC1_M6-RESET
Added Pin To Net: NetName=NetF1_M6_2 Pin=MC1_M6-V+
Added Pin To Net: NetName=NetF1_M6_2 Pin=MC1_M6-V+
Added Pin To Net: NetName=NetO1_U1_1 Pin=O1_U1-1
Added Pin To Net: NetName=GND Pin=O1_U1-2
Added Pin To Net: NetName=NetO1_U1_3 Pin=O1_U1-3
Added Pin To Net: NetName=GND Pin=O1_U1-4
Added Pin To Net: NetName=P1 Pin=O1_U1-5
Added Pin To Net: NetName=5V_ISO Pin=O1_U1-6
Added Pin To Net: NetName=D1 Pin=O1_U1-7
Added Pin To Net: NetName=5V_ISO Pin=O1_U1-8
Added Pin To Net: NetName=NetO1_U2_1 Pin=O1_U2-1
Added Pin To Net: NetName=GND Pin=O1_U2-2
Added Pin To Net: NetName=NetO1_U2_3 Pin=O1_U2-3
Added Pin To Net: NetName=GND Pin=O1_U2-4
Added Pin To Net: NetName=P2 Pin=O1_U2-5
Added Pin To Net: NetName=5V_ISO Pin=O1_U2-6
Added Pin To Net: NetName=D2 Pin=O1_U2-7
Added Pin To Net: NetName=5V_ISO Pin=O1_U2-8
Added Pin To Net: NetName=NetO1_U3_1 Pin=O1_U3-1
Added Pin To Net: NetName=GND Pin=O1_U3-2
Added Pin To Net: NetName=NetO1_U3_3 Pin=O1_U3-3
Added Pin To Net: NetName=GND Pin=O1_U3-4
Added Pin To Net: NetName=P3 Pin=O1_U3-5
Added Pin To Net: NetName=5V_ISO Pin=O1_U3-6
Added Pin To Net: NetName=D3 Pin=O1_U3-7
Added Pin To Net: NetName=5V_ISO Pin=O1_U3-8
Added Pin To Net: NetName=NetO1_U4_1 Pin=O1_U4-1
Added Pin To Net: NetName=GND Pin=O1_U4-2
Added Pin To Net: NetName=NetO1_U4_3 Pin=O1_U4-3
Added Pin To Net: NetName=GND Pin=O1_U4-4
Added Pin To Net: NetName=P4 Pin=O1_U4-5
Added Pin To Net: NetName=5V_ISO Pin=O1_U4-6
Added Pin To Net: NetName=D4 Pin=O1_U4-7
Added Pin To Net: NetName=5V_ISO Pin=O1_U4-8
Added Pin To Net: NetName=NetO1_U5_1 Pin=O1_U5-1
Added Pin To Net: NetName=GND Pin=O1_U5-2
Added Pin To Net: NetName=NetO1_U5_3 Pin=O1_U5-3
Added Pin To Net: NetName=GND Pin=O1_U5-4
Added Pin To Net: NetName=P5 Pin=O1_U5-5
Added Pin To Net: NetName=5V_ISO Pin=O1_U5-6
Added Pin To Net: NetName=D5 Pin=O1_U5-7
Added Pin To Net: NetName=5V_ISO Pin=O1_U5-8
Added Pin To Net: NetName=NetO1_U6_1 Pin=O1_U6-1
Added Pin To Net: NetName=GND Pin=O1_U6-2
Added Pin To Net: NetName=NetO1_U6_3 Pin=O1_U6-3
Added Pin To Net: NetName=GND Pin=O1_U6-4
Added Pin To Net: NetName=P6 Pin=O1_U6-5
Added Pin To Net: NetName=5V_ISO Pin=O1_U6-6
Added Pin To Net: NetName=D6 Pin=O1_U6-7
Added Pin To Net: NetName=5V_ISO Pin=O1_U6-8
Added Pin To Net: NetName=NetP2_1 Pin=P2-1
Added Pin To Net: NetName=NetP2_2 Pin=P2-2
Added Pin To Net: NetName=NetP3_1 Pin=P3-1
Added Pin To Net: NetName=NetP3_2 Pin=P3-2
Added Pin To Net: NetName=DIR1 Pin=R1_U1-1
Added Pin To Net: NetName=NetO1_U1_1 Pin=R1_U1-2
Added Pin To Net: NetName=DIR2 Pin=R1_U2-1
Added Pin To Net: NetName=NetO1_U2_1 Pin=R1_U2-2
Added Pin To Net: NetName=DIR3 Pin=R1_U3-1
Added Pin To Net: NetName=NetO1_U3_1 Pin=R1_U3-2
Added Pin To Net: NetName=DIR4 Pin=R1_U4-1
Added Pin To Net: NetName=NetO1_U4_1 Pin=R1_U4-2
Added Pin To Net: NetName=DIR5 Pin=R1_U5-1
Added Pin To Net: NetName=NetO1_U5_1 Pin=R1_U5-2
Added Pin To Net: NetName=DIR6 Pin=R1_U6-1
Added Pin To Net: NetName=NetO1_U6_1 Pin=R1_U6-2
Added Pin To Net: NetName=D1 Pin=R2_U1-1
Added Pin To Net: NetName=24V_GND Pin=R2_U1-2
Added Pin To Net: NetName=D2 Pin=R2_U2-1
Added Pin To Net: NetName=24V_GND Pin=R2_U2-2
Added Pin To Net: NetName=D3 Pin=R2_U3-1
Added Pin To Net: NetName=24V_GND Pin=R2_U3-2
Added Pin To Net: NetName=D4 Pin=R2_U4-1
Added Pin To Net: NetName=24V_GND Pin=R2_U4-2
Added Pin To Net: NetName=D5 Pin=R2_U5-1
Added Pin To Net: NetName=24V_GND Pin=R2_U5-2
Added Pin To Net: NetName=D6 Pin=R2_U6-1
Added Pin To Net: NetName=24V_GND Pin=R2_U6-2
Added Pin To Net: NetName=PWM1 Pin=R3_U1-1
Added Pin To Net: NetName=NetO1_U1_3 Pin=R3_U1-2
Added Pin To Net: NetName=PWM2 Pin=R3_U2-1
Added Pin To Net: NetName=NetO1_U2_3 Pin=R3_U2-2
Added Pin To Net: NetName=PWM3 Pin=R3_U3-1
Added Pin To Net: NetName=NetO1_U3_3 Pin=R3_U3-2
Added Pin To Net: NetName=PWM4 Pin=R3_U4-1
Added Pin To Net: NetName=NetO1_U4_3 Pin=R3_U4-2
Added Pin To Net: NetName=PWM5 Pin=R3_U5-1
Added Pin To Net: NetName=NetO1_U5_3 Pin=R3_U5-2
Added Pin To Net: NetName=PWM6 Pin=R3_U6-1
Added Pin To Net: NetName=NetO1_U6_3 Pin=R3_U6-2
Added Pin To Net: NetName=P1 Pin=R4_U1-1
Added Pin To Net: NetName=24V_GND Pin=R4_U1-2
Added Pin To Net: NetName=P2 Pin=R4_U2-1
Added Pin To Net: NetName=24V_GND Pin=R4_U2-2
Added Pin To Net: NetName=P3 Pin=R4_U3-1
Added Pin To Net: NetName=24V_GND Pin=R4_U3-2
Added Pin To Net: NetName=P4 Pin=R4_U4-1
Added Pin To Net: NetName=24V_GND Pin=R4_U4-2
Added Pin To Net: NetName=P5 Pin=R4_U5-1
Added Pin To Net: NetName=24V_GND Pin=R4_U5-2
Added Pin To Net: NetName=P6 Pin=R4_U6-1
Added Pin To Net: NetName=24V_GND Pin=R4_U6-2
Added Pin To Net: NetName=5V Pin=U4-CE
Added Pin To Net: NetName=5V Pin=U4-Vin
Added Pin To Net: NetName=PRE_3V3 Pin=U4-Vout
Added Pin To Net: NetName=GND Pin=U4-Vss
Added Pin To Net: NetName=GND Pin=U5-8
Added Pin To Net: NetName=PRE_3V3 Pin=U5-9
Added Pin To Net: NetName=NetP2_2 Pin=U5-10
Added Pin To Net: NetName=NetP2_1 Pin=U5-11
Added Pin To Net: NetName=NetP3_1 Pin=U5-12
Added Pin To Net: NetName=NetP3_2 Pin=U5-13
Added Pin To Net: NetName=PWM1 Pin=U5-14
Added Pin To Net: NetName=PWM2 Pin=U5-15
Added Pin To Net: NetName=PWM3 Pin=U5-16
Added Pin To Net: NetName=PWM4 Pin=U5-17
Added Pin To Net: NetName=GND Pin=U5-18
Added Pin To Net: NetName=PRE_3V3 Pin=U5-19
Added Pin To Net: NetName=PWM5 Pin=U5-20
Added Pin To Net: NetName=PWM6 Pin=U5-21
Added Pin To Net: NetName=DIR1 Pin=U5-22
Added Pin To Net: NetName=DIR2 Pin=U5-23
Added Pin To Net: NetName=DIR3 Pin=U5-24
Added Pin To Net: NetName=MOSI Pin=U5-25
Added Pin To Net: NetName=MISO Pin=U5-26
Added Pin To Net: NetName=SCK Pin=U5-27
Added Pin To Net: NetName=DIR4 Pin=U5-28
Added Pin To Net: NetName=DIR5 Pin=U5-29
Added Pin To Net: NetName=GND Pin=U5-30
Added Pin To Net: NetName=PRE_3V3 Pin=U5-31
Added Pin To Net: NetName=DIR6 Pin=U5-32
Added Pin To Net: NetName=RESET Pin=U5-35
Added Pin To Net: NetName=GND Pin=U5-38
Added Pin To Net: NetName=PRE_3V3 Pin=U5-39
Added Pin To Net: NetName=MISO Pin=X1-1
Added Pin To Net: NetName=PRE_3V3 Pin=X1-2
Added Pin To Net: NetName=SCK Pin=X1-3
Added Pin To Net: NetName=MOSI Pin=X1-4
Added Pin To Net: NetName=RESET Pin=X1-5
Added Pin To Net: NetName=GND Pin=X1-6
Added Pin To Net: NetName=A1 Pin=X3-1
Added Pin To Net: NetName=A2 Pin=X3-2
Added Pin To Net: NetName=A3 Pin=X3-3
Added Pin To Net: NetName=A4 Pin=X3-4
Added Pin To Net: NetName=A5 Pin=X3-5
Added Pin To Net: NetName=A6 Pin=X3-6
Added Pin To Net: NetName=B1 Pin=X3-7
Added Pin To Net: NetName=B2 Pin=X3-8
Added Pin To Net: NetName=B3 Pin=X3-9
Added Pin To Net: NetName=B4 Pin=X3-10
Added Pin To Net: NetName=B5 Pin=X3-11
Added Pin To Net: NetName=B6 Pin=X3-12
Added Member To Class: ClassName=U_Microcontroller Member=Component C1 Cap
Added Member To Class: ClassName=U_Microcontroller Member=Component C2 Cap
Added Member To Class: ClassName=U_Microcontroller Member=Component C3 Cap
Added Member To Class: ClassName=M1 Member=Component F1_M1 (F1) Fuse
Added Member To Class: ClassName=M2 Member=Component F1_M2 (F1) Fuse
Added Member To Class: ClassName=M3 Member=Component F1_M3 (F1) Fuse
Added Member To Class: ClassName=M4 Member=Component F1_M4 (F1) Fuse
Added Member To Class: ClassName=M5 Member=Component F1_M5 (F1) Fuse
Added Member To Class: ClassName=M6 Member=Component F1_M6 (F1) Fuse
Added Member To Class: ClassName=M1 Member=Component MC1_M1 (MC1) Motor Controller
Added Member To Class: ClassName=M2 Member=Component MC1_M2 (MC1) Motor Controller
Added Member To Class: ClassName=M3 Member=Component MC1_M3 (MC1) Motor Controller
Added Member To Class: ClassName=M4 Member=Component MC1_M4 (MC1) Motor Controller
Added Member To Class: ClassName=M5 Member=Component MC1_M5 (MC1) Motor Controller
Added Member To Class: ClassName=M6 Member=Component MC1_M6 (MC1) Motor Controller
Added Member To Class: ClassName=U1 Member=Component O1_U1 (O1A) LTV-826
Added Member To Class: ClassName=U2 Member=Component O1_U2 (O1A) LTV-826
Added Member To Class: ClassName=U3 Member=Component O1_U3 (O1A) LTV-826
Added Member To Class: ClassName=U4 Member=Component O1_U4 (O1A) LTV-826
Added Member To Class: ClassName=U5 Member=Component O1_U5 (O1A) LTV-826
Added Member To Class: ClassName=U6 Member=Component O1_U6 (O1A) LTV-826
Added Member To Class: ClassName=U_Microcontroller Member=Component P2 Header 2
Added Member To Class: ClassName=U_Microcontroller Member=Component P3 Header 2
Added Member To Class: ClassName=U1 Member=Component R1_U1 (R1) Resistor
Added Member To Class: ClassName=U2 Member=Component R1_U2 (R1) Resistor
Added Member To Class: ClassName=U3 Member=Component R1_U3 (R1) Resistor
Added Member To Class: ClassName=U4 Member=Component R1_U4 (R1) Resistor
Added Member To Class: ClassName=U5 Member=Component R1_U5 (R1) Resistor
Added Member To Class: ClassName=U6 Member=Component R1_U6 (R1) Resistor
Added Member To Class: ClassName=U1 Member=Component R2_U1 (R2) Resistor
Added Member To Class: ClassName=U2 Member=Component R2_U2 (R2) Resistor
Added Member To Class: ClassName=U3 Member=Component R2_U3 (R2) Resistor
Added Member To Class: ClassName=U4 Member=Component R2_U4 (R2) Resistor
Added Member To Class: ClassName=U5 Member=Component R2_U5 (R2) Resistor
Added Member To Class: ClassName=U6 Member=Component R2_U6 (R2) Resistor
Added Member To Class: ClassName=U1 Member=Component R3_U1 (R3) Resistor
Added Member To Class: ClassName=U2 Member=Component R3_U2 (R3) Resistor
Added Member To Class: ClassName=U3 Member=Component R3_U3 (R3) Resistor
Added Member To Class: ClassName=U4 Member=Component R3_U4 (R3) Resistor
Added Member To Class: ClassName=U5 Member=Component R3_U5 (R3) Resistor
Added Member To Class: ClassName=U6 Member=Component R3_U6 (R3) Resistor
Added Member To Class: ClassName=U1 Member=Component R4_U1 (R4) Resistor
Added Member To Class: ClassName=U2 Member=Component R4_U2 (R4) Resistor
Added Member To Class: ClassName=U3 Member=Component R4_U3 (R4) Resistor
Added Member To Class: ClassName=U4 Member=Component R4_U4 (R4) Resistor
Added Member To Class: ClassName=U5 Member=Component R4_U5 (R4) Resistor
Added Member To Class: ClassName=U6 Member=Component R4_U6 (R4) Resistor
Added Member To Class: ClassName=U_Microcontroller Member=Component U4 XC6701B332
Added Member To Class: ClassName=U_Microcontroller Member=Component U5 ATxmega16D4-AU
Added Member To Class: ClassName=U_Microcontroller Member=Component X1 Header
Added Member To Class: ClassName=Motor Control Member=Component X3 1-770972-0
Added Room: Name=M1
Added Room: Name=M2
Added Room: Name=M3
Added Room: Name=M4
Added Room: Name=M5
Added Room: Name=M6
Added Room: Name=Motor Control
Added Room: Name=U1
Added Room: Name=U2
Added Room: Name=U3
Added Room: Name=U4
Added Room: Name=U5
Added Room: Name=U6
Added Room: Name=U_Microcontroller
