Removed Pin From Net: NetName=GND Pin=R2F_U1-1
Removed Pin From Net: NetName=D1 Pin=R2F_U1-2
Removed Pin From Net: NetName=GND Pin=R2F_U2-1
Removed Pin From Net: NetName=D2 Pin=R2F_U2-2
Removed Pin From Net: NetName=GND Pin=R2F_U3-1
Removed Pin From Net: NetName=D3 Pin=R2F_U3-2
Removed Pin From Net: NetName=GND Pin=R2F_U4-1
Removed Pin From Net: NetName=D4 Pin=R2F_U4-2
Removed Pin From Net: NetName=GND Pin=R2F_U5-1
Removed Pin From Net: NetName=D5 Pin=R2F_U5-2
Removed Pin From Net: NetName=GND Pin=R2F_U6-1
Removed Pin From Net: NetName=D6 Pin=R2F_U6-2
Removed Pin From Net: NetName=GND Pin=R4F_U1-1
Removed Pin From Net: NetName=P1 Pin=R4F_U1-2
Removed Pin From Net: NetName=GND Pin=R4F_U2-1
Removed Pin From Net: NetName=P2 Pin=R4F_U2-2
Removed Pin From Net: NetName=GND Pin=R4F_U3-1
Removed Pin From Net: NetName=P3 Pin=R4F_U3-2
Removed Pin From Net: NetName=GND Pin=R4F_U4-1
Removed Pin From Net: NetName=P4 Pin=R4F_U4-2
Removed Pin From Net: NetName=GND Pin=R4F_U5-1
Removed Pin From Net: NetName=P5 Pin=R4F_U5-2
Removed Pin From Net: NetName=GND Pin=R4F_U6-1
Removed Pin From Net: NetName=P6 Pin=R4F_U6-2
Added Pin To Net: NetName=D1 Pin=R2F_U1-1
Added Pin To Net: NetName=GND Pin=R2F_U1-2
Added Pin To Net: NetName=D2 Pin=R2F_U2-1
Added Pin To Net: NetName=GND Pin=R2F_U2-2
Added Pin To Net: NetName=D3 Pin=R2F_U3-1
Added Pin To Net: NetName=GND Pin=R2F_U3-2
Added Pin To Net: NetName=D4 Pin=R2F_U4-1
Added Pin To Net: NetName=GND Pin=R2F_U4-2
Added Pin To Net: NetName=D5 Pin=R2F_U5-1
Added Pin To Net: NetName=GND Pin=R2F_U5-2
Added Pin To Net: NetName=D6 Pin=R2F_U6-1
Added Pin To Net: NetName=GND Pin=R2F_U6-2
Added Pin To Net: NetName=P1 Pin=R4F_U1-1
Added Pin To Net: NetName=GND Pin=R4F_U1-2
Added Pin To Net: NetName=P2 Pin=R4F_U2-1
Added Pin To Net: NetName=GND Pin=R4F_U2-2
Added Pin To Net: NetName=P3 Pin=R4F_U3-1
Added Pin To Net: NetName=GND Pin=R4F_U3-2
Added Pin To Net: NetName=P4 Pin=R4F_U4-1
Added Pin To Net: NetName=GND Pin=R4F_U4-2
Added Pin To Net: NetName=P5 Pin=R4F_U5-1
Added Pin To Net: NetName=GND Pin=R4F_U5-2
Added Pin To Net: NetName=P6 Pin=R4F_U6-1
Added Pin To Net: NetName=GND Pin=R4F_U6-2
