Added Pin To Net: NetName=24V Pin=F1_M1-1
Added Pin To Net: NetName=24V Pin=F1_M1-1
Added Pin To Net: NetName=NetF1_M1_2 Pin=F1_M1-2
Added Pin To Net: NetName=NetF1_M1_2 Pin=F1_M1-2
Added Pin To Net: NetName=24V Pin=F1_M2-1
Added Pin To Net: NetName=24V Pin=F1_M2-1
Added Pin To Net: NetName=NetF1_M2_2 Pin=F1_M2-2
Added Pin To Net: NetName=NetF1_M2_2 Pin=F1_M2-2
Added Pin To Net: NetName=24V Pin=F1_M3-1
Added Pin To Net: NetName=24V Pin=F1_M3-1
Added Pin To Net: NetName=NetF1_M3_2 Pin=F1_M3-2
Added Pin To Net: NetName=NetF1_M3_2 Pin=F1_M3-2
Added Pin To Net: NetName=24V Pin=F1_M4-1
Added Pin To Net: NetName=24V Pin=F1_M4-1
Added Pin To Net: NetName=NetF1_M4_2 Pin=F1_M4-2
Added Pin To Net: NetName=NetF1_M4_2 Pin=F1_M4-2
Added Pin To Net: NetName=24V Pin=F1_M5-1
Added Pin To Net: NetName=24V Pin=F1_M5-1
Added Pin To Net: NetName=NetF1_M5_2 Pin=F1_M5-2
Added Pin To Net: NetName=NetF1_M5_2 Pin=F1_M5-2
Added Pin To Net: NetName=24V Pin=F1_M6-1
Added Pin To Net: NetName=24V Pin=F1_M6-1
Added Pin To Net: NetName=NetF1_M6_2 Pin=F1_M6-2
Added Pin To Net: NetName=NetF1_M6_2 Pin=F1_M6-2
Added Pin To Net: NetName=NetMC1_M1_5V Pin=MC1_M1-5V
Added Pin To Net: NetName=P1 Pin=MC1_M1-DIR
Added Pin To Net: NetName=24V_GND Pin=MC1_M1-GND
Added Pin To Net: NetName=24V_GND Pin=MC1_M1-GND
Added Pin To Net: NetName=24V_GND Pin=MC1_M1-GND
Added Pin To Net: NetName=A1 Pin=MC1_M1-OUTA
Added Pin To Net: NetName=A1 Pin=MC1_M1-OUTA
Added Pin To Net: NetName=B1 Pin=MC1_M1-OUTB
Added Pin To Net: NetName=B1 Pin=MC1_M1-OUTB
Added Pin To Net: NetName=D1 Pin=MC1_M1-PWM
Added Pin To Net: NetName=NetMC1_M1_5V Pin=MC1_M1-RESET
Added Pin To Net: NetName=NetF1_M1_2 Pin=MC1_M1-V+
Added Pin To Net: NetName=NetF1_M1_2 Pin=MC1_M1-V+
Added Pin To Net: NetName=NetMC1_M2_5V Pin=MC1_M2-5V
Added Pin To Net: NetName=P2 Pin=MC1_M2-DIR
Added Pin To Net: NetName=24V_GND Pin=MC1_M2-GND
Added Pin To Net: NetName=24V_GND Pin=MC1_M2-GND
Added Pin To Net: NetName=24V_GND Pin=MC1_M2-GND
Added Pin To Net: NetName=A2 Pin=MC1_M2-OUTA
Added Pin To Net: NetName=A2 Pin=MC1_M2-OUTA
Added Pin To Net: NetName=B2 Pin=MC1_M2-OUTB
Added Pin To Net: NetName=B2 Pin=MC1_M2-OUTB
Added Pin To Net: NetName=D2 Pin=MC1_M2-PWM
Added Pin To Net: NetName=NetMC1_M2_5V Pin=MC1_M2-RESET
Added Pin To Net: NetName=NetF1_M2_2 Pin=MC1_M2-V+
Added Pin To Net: NetName=NetF1_M2_2 Pin=MC1_M2-V+
Added Pin To Net: NetName=NetMC1_M3_5V Pin=MC1_M3-5V
Added Pin To Net: NetName=P3 Pin=MC1_M3-DIR
Added Pin To Net: NetName=24V_GND Pin=MC1_M3-GND
Added Pin To Net: NetName=24V_GND Pin=MC1_M3-GND
Added Pin To Net: NetName=24V_GND Pin=MC1_M3-GND
Added Pin To Net: NetName=A3 Pin=MC1_M3-OUTA
Added Pin To Net: NetName=A3 Pin=MC1_M3-OUTA
Added Pin To Net: NetName=B3 Pin=MC1_M3-OUTB
Added Pin To Net: NetName=B3 Pin=MC1_M3-OUTB
Added Pin To Net: NetName=D3 Pin=MC1_M3-PWM
Added Pin To Net: NetName=NetMC1_M3_5V Pin=MC1_M3-RESET
Added Pin To Net: NetName=NetF1_M3_2 Pin=MC1_M3-V+
Added Pin To Net: NetName=NetF1_M3_2 Pin=MC1_M3-V+
Added Pin To Net: NetName=NetMC1_M4_5V Pin=MC1_M4-5V
Added Pin To Net: NetName=P4 Pin=MC1_M4-DIR
Added Pin To Net: NetName=24V_GND Pin=MC1_M4-GND
Added Pin To Net: NetName=24V_GND Pin=MC1_M4-GND
Added Pin To Net: NetName=24V_GND Pin=MC1_M4-GND
Added Pin To Net: NetName=A4 Pin=MC1_M4-OUTA
Added Pin To Net: NetName=A4 Pin=MC1_M4-OUTA
Added Pin To Net: NetName=B4 Pin=MC1_M4-OUTB
Added Pin To Net: NetName=B4 Pin=MC1_M4-OUTB
Added Pin To Net: NetName=D4 Pin=MC1_M4-PWM
Added Pin To Net: NetName=NetMC1_M4_5V Pin=MC1_M4-RESET
Added Pin To Net: NetName=NetF1_M4_2 Pin=MC1_M4-V+
Added Pin To Net: NetName=NetF1_M4_2 Pin=MC1_M4-V+
Added Pin To Net: NetName=NetMC1_M5_5V Pin=MC1_M5-5V
Added Pin To Net: NetName=P5 Pin=MC1_M5-DIR
Added Pin To Net: NetName=24V_GND Pin=MC1_M5-GND
Added Pin To Net: NetName=24V_GND Pin=MC1_M5-GND
Added Pin To Net: NetName=24V_GND Pin=MC1_M5-GND
Added Pin To Net: NetName=A5 Pin=MC1_M5-OUTA
Added Pin To Net: NetName=A5 Pin=MC1_M5-OUTA
Added Pin To Net: NetName=B5 Pin=MC1_M5-OUTB
Added Pin To Net: NetName=B5 Pin=MC1_M5-OUTB
Added Pin To Net: NetName=D5 Pin=MC1_M5-PWM
Added Pin To Net: NetName=NetMC1_M5_5V Pin=MC1_M5-RESET
Added Pin To Net: NetName=NetF1_M5_2 Pin=MC1_M5-V+
Added Pin To Net: NetName=NetF1_M5_2 Pin=MC1_M5-V+
Added Pin To Net: NetName=NetMC1_M6_5V Pin=MC1_M6-5V
Added Pin To Net: NetName=P6 Pin=MC1_M6-DIR
Added Pin To Net: NetName=24V_GND Pin=MC1_M6-GND
Added Pin To Net: NetName=24V_GND Pin=MC1_M6-GND
Added Pin To Net: NetName=24V_GND Pin=MC1_M6-GND
Added Pin To Net: NetName=A6 Pin=MC1_M6-OUTA
Added Pin To Net: NetName=A6 Pin=MC1_M6-OUTA
Added Pin To Net: NetName=B6 Pin=MC1_M6-OUTB
Added Pin To Net: NetName=B6 Pin=MC1_M6-OUTB
Added Pin To Net: NetName=D6 Pin=MC1_M6-PWM
Added Pin To Net: NetName=NetMC1_M6_5V Pin=MC1_M6-RESET
Added Pin To Net: NetName=NetF1_M6_2 Pin=MC1_M6-V+
Added Pin To Net: NetName=NetF1_M6_2 Pin=MC1_M6-V+
Added Member To Class: ClassName=M1 Member=Component F1_M1 (F1) Fuse
Added Member To Class: ClassName=M2 Member=Component F1_M2 (F1) Fuse
Added Member To Class: ClassName=M3 Member=Component F1_M3 (F1) Fuse
Added Member To Class: ClassName=M4 Member=Component F1_M4 (F1) Fuse
Added Member To Class: ClassName=M5 Member=Component F1_M5 (F1) Fuse
Added Member To Class: ClassName=M6 Member=Component F1_M6 (F1) Fuse
Added Member To Class: ClassName=M1 Member=Component MC1_M1 (MC1) Motor Controller
Added Member To Class: ClassName=M2 Member=Component MC1_M2 (MC1) Motor Controller
Added Member To Class: ClassName=M3 Member=Component MC1_M3 (MC1) Motor Controller
Added Member To Class: ClassName=M4 Member=Component MC1_M4 (MC1) Motor Controller
Added Member To Class: ClassName=M5 Member=Component MC1_M5 (MC1) Motor Controller
Added Member To Class: ClassName=M6 Member=Component MC1_M6 (MC1) Motor Controller
