Removed Pin From Net: NetName=D1 Pin=R2F_U1-1
Removed Pin From Net: NetName=GND Pin=R2F_U1-2
Removed Pin From Net: NetName=D2 Pin=R2F_U2-1
Removed Pin From Net: NetName=GND Pin=R2F_U2-2
Removed Pin From Net: NetName=D3 Pin=R2F_U3-1
Removed Pin From Net: NetName=GND Pin=R2F_U3-2
Removed Pin From Net: NetName=D4 Pin=R2F_U4-1
Removed Pin From Net: NetName=GND Pin=R2F_U4-2
Removed Pin From Net: NetName=D5 Pin=R2F_U5-1
Removed Pin From Net: NetName=GND Pin=R2F_U5-2
Removed Pin From Net: NetName=D6 Pin=R2F_U6-1
Removed Pin From Net: NetName=GND Pin=R2F_U6-2
Removed Pin From Net: NetName=P1 Pin=R4F_U1-1
Removed Pin From Net: NetName=GND Pin=R4F_U1-2
Removed Pin From Net: NetName=P2 Pin=R4F_U2-1
Removed Pin From Net: NetName=GND Pin=R4F_U2-2
Removed Pin From Net: NetName=P3 Pin=R4F_U3-1
Removed Pin From Net: NetName=GND Pin=R4F_U3-2
Removed Pin From Net: NetName=P4 Pin=R4F_U4-1
Removed Pin From Net: NetName=GND Pin=R4F_U4-2
Removed Pin From Net: NetName=P5 Pin=R4F_U5-1
Removed Pin From Net: NetName=GND Pin=R4F_U5-2
Removed Pin From Net: NetName=P6 Pin=R4F_U6-1
Removed Pin From Net: NetName=GND Pin=R4F_U6-2
Change Component Footprint: Designator=C3F Old Footprint=C0402 New Footprint=C0603
Change Component Footprint: Designator=C1F Old Footprint=C0805 New Footprint=C0603
Change Component Footprint: Designator=C2F Old Footprint=C0805 New Footprint=C0603
Change Component Footprint: Designator=H1F Old Footprint=Holes - 1.75 Inch New Footprint=110mil Holes - 1.5 Inch
Change Component Footprint: Designator=R1F_U1 Old Footprint=R0805 New Footprint=R0603
Change Component Footprint: Designator=R1F_U2 Old Footprint=R0805 New Footprint=R0603
Change Component Footprint: Designator=R1F_U3 Old Footprint=R0805 New Footprint=R0603
Change Component Footprint: Designator=R1F_U4 Old Footprint=R0805 New Footprint=R0603
Change Component Footprint: Designator=R1F_U5 Old Footprint=R0805 New Footprint=R0603
Change Component Footprint: Designator=R1F_U6 Old Footprint=R0805 New Footprint=R0603
Change Component Footprint: Designator=R2F_U1 Old Footprint=R0805 New Footprint=R0603
Change Component Footprint: Designator=R2F_U2 Old Footprint=R0805 New Footprint=R0603
Change Component Footprint: Designator=R2F_U3 Old Footprint=R0805 New Footprint=R0603
Change Component Footprint: Designator=R2F_U4 Old Footprint=R0805 New Footprint=R0603
Change Component Footprint: Designator=R2F_U5 Old Footprint=R0805 New Footprint=R0603
Change Component Footprint: Designator=R2F_U6 Old Footprint=R0805 New Footprint=R0603
Change Component Footprint: Designator=R3F_U1 Old Footprint=R0805 New Footprint=R0603
Change Component Footprint: Designator=R3F_U2 Old Footprint=R0805 New Footprint=R0603
Change Component Footprint: Designator=R3F_U3 Old Footprint=R0805 New Footprint=R0603
Change Component Footprint: Designator=R3F_U4 Old Footprint=R0805 New Footprint=R0603
Change Component Footprint: Designator=R3F_U5 Old Footprint=R0805 New Footprint=R0603
Change Component Footprint: Designator=R3F_U6 Old Footprint=R0805 New Footprint=R0603
Change Component Footprint: Designator=R4F_U1 Old Footprint=R0805 New Footprint=R0603
Change Component Footprint: Designator=R4F_U2 Old Footprint=R0805 New Footprint=R0603
Change Component Footprint: Designator=R4F_U3 Old Footprint=R0805 New Footprint=R0603
Change Component Footprint: Designator=R4F_U4 Old Footprint=R0805 New Footprint=R0603
Change Component Footprint: Designator=R4F_U5 Old Footprint=R0805 New Footprint=R0603
Change Component Footprint: Designator=R4F_U6 Old Footprint=R0805 New Footprint=R0603
Change Component Footprint: Designator=R5F Old Footprint=R0805 New Footprint=R0603
Change Component Comment : Designator=C1F Old Comment=Cap New Comment=0.1uF, C0603, MultiComp
Change Component Comment : Designator=C2F Old Comment=Cap New Comment=0.1uF, C0603, MultiComp
Change Component Comment : Designator=C3F Old Comment=Cap New Comment=0.1uF, C0603, MultiComp
Change Component Comment : Designator=F1F_M1 Old Comment=Fuse New Comment=3569TR
Change Component Comment : Designator=F1F_M2 Old Comment=Fuse New Comment=3569TR
Change Component Comment : Designator=F1F_M3 Old Comment=Fuse New Comment=3569TR
Change Component Comment : Designator=F1F_M4 Old Comment=Fuse New Comment=3569TR
Change Component Comment : Designator=F1F_M5 Old Comment=Fuse New Comment=3569TR
Change Component Comment : Designator=F1F_M6 Old Comment=Fuse New Comment=3569TR
Change Component Comment : Designator=P1F Old Comment=Header 6 New Comment=MSTBA 2,5/ 6-G-5,08
Change Component Comment : Designator=P2F Old Comment=Header 18 New Comment=MCDN 1,5/ 9-G1-3,5 P14THR
Change Component Comment : Designator=O1F_U1 Old Comment=LTV-827 New Comment=LTV-208
Change Component Comment : Designator=O1F_U2 Old Comment=LTV-827 New Comment=LTV-208
Change Component Comment : Designator=O1F_U3 Old Comment=LTV-827 New Comment=LTV-208
Change Component Comment : Designator=O1F_U4 Old Comment=LTV-827 New Comment=LTV-208
Change Component Comment : Designator=O1F_U5 Old Comment=LTV-827 New Comment=LTV-208
Change Component Comment : Designator=O1F_U6 Old Comment=LTV-827 New Comment=LTV-208
Change Component Comment : Designator=P3F Old Comment=Molex Header 3 New Comment=Molex Header 3, 54H7821
Change Component Comment : Designator=P4F Old Comment=Molex Header 3 New Comment=Molex Header 3, 54H7821
Change Component Designator: OldDesignator=X2F NewDesignator=X1F
Added Pin To Net: NetName=GND Pin=R2F_U1-1
Added Pin To Net: NetName=D1 Pin=R2F_U1-2
Added Pin To Net: NetName=GND Pin=R2F_U2-1
Added Pin To Net: NetName=D2 Pin=R2F_U2-2
Added Pin To Net: NetName=GND Pin=R2F_U3-1
Added Pin To Net: NetName=D3 Pin=R2F_U3-2
Added Pin To Net: NetName=GND Pin=R2F_U4-1
Added Pin To Net: NetName=D4 Pin=R2F_U4-2
Added Pin To Net: NetName=GND Pin=R2F_U5-1
Added Pin To Net: NetName=D5 Pin=R2F_U5-2
Added Pin To Net: NetName=GND Pin=R2F_U6-1
Added Pin To Net: NetName=D6 Pin=R2F_U6-2
Added Pin To Net: NetName=GND Pin=R4F_U1-1
Added Pin To Net: NetName=P1 Pin=R4F_U1-2
Added Pin To Net: NetName=GND Pin=R4F_U2-1
Added Pin To Net: NetName=P2 Pin=R4F_U2-2
Added Pin To Net: NetName=GND Pin=R4F_U3-1
Added Pin To Net: NetName=P3 Pin=R4F_U3-2
Added Pin To Net: NetName=GND Pin=R4F_U4-1
Added Pin To Net: NetName=P4 Pin=R4F_U4-2
Added Pin To Net: NetName=GND Pin=R4F_U5-1
Added Pin To Net: NetName=P5 Pin=R4F_U5-2
Added Pin To Net: NetName=GND Pin=R4F_U6-1
Added Pin To Net: NetName=P6 Pin=R4F_U6-2
