Removed Pin From Net: NetName=24V Pin=F1F_M5-1
Removed Pin From Net: NetName=24V Pin=F1F_M5-1
Removed Pin From Net: NetName=GND Pin=MC1F_M5-GND
Removed Pin From Net: NetName=GND Pin=MC1F_M5-GND
Removed Pin From Net: NetName=GND Pin=MC1F_M5-GND
Removed Pin From Net: NetName=A5 Pin=MC1F_M5-OUTA
Removed Pin From Net: NetName=A5 Pin=MC1F_M5-OUTA
Removed Pin From Net: NetName=B5 Pin=MC1F_M5-OUTB
Removed Pin From Net: NetName=B5 Pin=MC1F_M5-OUTB
Removed Pin From Net: NetName=GND Pin=O1F_U5-2
Removed Pin From Net: NetName=GND Pin=O1F_U5-4
Removed Pin From Net: NetName=5V Pin=O1F_U5-6
Removed Pin From Net: NetName=5V Pin=O1F_U5-8
Removed Pin From Net: NetName=DIR5 Pin=R1F_U5-1
Removed Pin From Net: NetName=GND Pin=R2F_U5-2
Removed Pin From Net: NetName=PWM5 Pin=R3F_U5-1
Removed Pin From Net: NetName=GND Pin=R4F_U5-2
Removed Member From Class: ClassName=ThrusterPower Member=D5
Removed Member From Class: ClassName=ThrusterPower Member=NetF1F_M5_2
Removed Member From Class: ClassName=ThrusterPower Member=NetMC1F_M5_5V
Removed Member From Class: ClassName=ThrusterPower Member=P5
