Added Member To Class: ClassName=U_Microcontroller Member=Component C1 Cap
Added Member To Class: ClassName=U_Microcontroller Member=Component C2 Cap
Added Member To Class: ClassName=U_Microcontroller Member=Component C3 Cap
Added Member To Class: ClassName=M1 Member=Component F1_M1 (F1) Fuse
Added Member To Class: ClassName=M2 Member=Component F1_M2 (F1) Fuse
Added Member To Class: ClassName=M3 Member=Component F1_M3 (F1) Fuse
Added Member To Class: ClassName=M4 Member=Component F1_M4 (F1) Fuse
Added Member To Class: ClassName=M5 Member=Component F1_M5 (F1) Fuse
Added Member To Class: ClassName=M6 Member=Component F1_M6 (F1) Fuse
Added Member To Class: ClassName=M1 Member=Component MC1_M1 (MC1) Motor Controller
Added Member To Class: ClassName=M2 Member=Component MC1_M2 (MC1) Motor Controller
Added Member To Class: ClassName=M3 Member=Component MC1_M3 (MC1) Motor Controller
Added Member To Class: ClassName=M4 Member=Component MC1_M4 (MC1) Motor Controller
Added Member To Class: ClassName=M5 Member=Component MC1_M5 (MC1) Motor Controller
Added Member To Class: ClassName=M6 Member=Component MC1_M6 (MC1) Motor Controller
Added Member To Class: ClassName=U1 Member=Component O1_U1 (O1A) LTV-826
Added Member To Class: ClassName=U2 Member=Component O1_U2 (O1A) LTV-826
Added Member To Class: ClassName=U3 Member=Component O1_U3 (O1A) LTV-826
Added Member To Class: ClassName=U4 Member=Component O1_U4 (O1A) LTV-826
Added Member To Class: ClassName=U5 Member=Component O1_U5 (O1A) LTV-826
Added Member To Class: ClassName=U6 Member=Component O1_U6 (O1A) LTV-826
Added Member To Class: ClassName=U_Microcontroller Member=Component P2 Header 2
Added Member To Class: ClassName=U_Microcontroller Member=Component P3 Header 2
Added Member To Class: ClassName=U1 Member=Component R1_U1 (R1) Resistor
Added Member To Class: ClassName=U2 Member=Component R1_U2 (R1) Resistor
Added Member To Class: ClassName=U3 Member=Component R1_U3 (R1) Resistor
Added Member To Class: ClassName=U4 Member=Component R1_U4 (R1) Resistor
Added Member To Class: ClassName=U5 Member=Component R1_U5 (R1) Resistor
Added Member To Class: ClassName=U6 Member=Component R1_U6 (R1) Resistor
Added Member To Class: ClassName=U1 Member=Component R2_U1 (R2) Resistor
Added Member To Class: ClassName=U2 Member=Component R2_U2 (R2) Resistor
Added Member To Class: ClassName=U3 Member=Component R2_U3 (R2) Resistor
Added Member To Class: ClassName=U4 Member=Component R2_U4 (R2) Resistor
Added Member To Class: ClassName=U5 Member=Component R2_U5 (R2) Resistor
Added Member To Class: ClassName=U6 Member=Component R2_U6 (R2) Resistor
Added Member To Class: ClassName=U1 Member=Component R3_U1 (R3) Resistor
Added Member To Class: ClassName=U2 Member=Component R3_U2 (R3) Resistor
Added Member To Class: ClassName=U3 Member=Component R3_U3 (R3) Resistor
Added Member To Class: ClassName=U4 Member=Component R3_U4 (R3) Resistor
Added Member To Class: ClassName=U5 Member=Component R3_U5 (R3) Resistor
Added Member To Class: ClassName=U6 Member=Component R3_U6 (R3) Resistor
Added Member To Class: ClassName=U1 Member=Component R4_U1 (R4) Resistor
Added Member To Class: ClassName=U2 Member=Component R4_U2 (R4) Resistor
Added Member To Class: ClassName=U3 Member=Component R4_U3 (R4) Resistor
Added Member To Class: ClassName=U4 Member=Component R4_U4 (R4) Resistor
Added Member To Class: ClassName=U5 Member=Component R4_U5 (R4) Resistor
Added Member To Class: ClassName=U6 Member=Component R4_U6 (R4) Resistor
Added Member To Class: ClassName=U_Microcontroller Member=Component U4 XC6701B332
Added Member To Class: ClassName=U_Microcontroller Member=Component X1 Header
Added Member To Class: ClassName=Motor Control Member=Component X3 1-770972-0
