Added Component: Designator=R1(R0805)
Added Component: Designator=R2(R0805)
Added Component: Designator=R3(R0805)
Added Component: Designator=R4(R0805)
Added Component: Designator=R5(R0805)
Added Component: Designator=U1(PCA9306-SO8)
Added Component: Designator=U2(MCP3221-SOT23-5)
Added Component: Designator=X1(70555-0037)
Added Component: Designator=X2(70555-0003)
Added Component: Designator=X3(1x2 Header)
Added Component: Designator=X4(1x2 Header)
Added Pin To Net: NetName=3V3 Pin=R2-2
Added Pin To Net: NetName=3V3 Pin=R3-2
Added Pin To Net: NetName=3V3 Pin=U1-VREF1
Added Net: Name=3V3
Added Pin To Net: NetName=5V_DEPTH Pin=U2-VDD
Added Pin To Net: NetName=5V_DEPTH Pin=X1-1
Added Net: Name=5V_DEPTH
Added Pin To Net: NetName=5V Pin=R1-2
Added Pin To Net: NetName=5V Pin=R4-2
Added Pin To Net: NetName=5V Pin=R5-2
Added Net: Name=5V
Added Pin To Net: NetName=9V Pin=X2-1
Added Net: Name=9V
Added Pin To Net: NetName=GND Pin=U1-GND
Added Pin To Net: NetName=GND Pin=U2-VSS
Added Pin To Net: NetName=GND Pin=X1-3
Added Pin To Net: NetName=GND Pin=X2-4
Added Net: Name=GND
Added Pin To Net: NetName=NetR1_1 Pin=R1-1
Added Pin To Net: NetName=NetR1_1 Pin=U1-EN
Added Pin To Net: NetName=NetR1_1 Pin=U1-VREF2
Added Net: Name=NetR1_1
Added Pin To Net: NetName=NetR4_1 Pin=R4-1
Added Pin To Net: NetName=NetR4_1 Pin=U1-SCL2
Added Pin To Net: NetName=NetR4_1 Pin=U2-SCL
Added Net: Name=NetR4_1
Added Pin To Net: NetName=NetR5_1 Pin=R5-1
Added Pin To Net: NetName=NetR5_1 Pin=U1-SDA2
Added Pin To Net: NetName=NetR5_1 Pin=U2-SDA
Added Net: Name=NetR5_1
Added Pin To Net: NetName=NetU2_AIN Pin=U2-AIN
Added Pin To Net: NetName=NetU2_AIN Pin=X1-2
Added Net: Name=NetU2_AIN
Added Pin To Net: NetName=NetX3_1 Pin=X3-1
Added Pin To Net: NetName=NetX3_1 Pin=X4-2
Added Net: Name=NetX3_1
Added Pin To Net: NetName=NetX3_2 Pin=X3-2
Added Pin To Net: NetName=NetX3_2 Pin=X4-1
Added Net: Name=NetX3_2
Added Pin To Net: NetName=SCL Pin=R2-1
Added Pin To Net: NetName=SCL Pin=U1-SCL1
Added Net: Name=SCL
Added Pin To Net: NetName=SDA Pin=R3-1
Added Pin To Net: NetName=SDA Pin=U1-SDA1
Added Net: Name=SDA
Added Class: Name=Sensor Overview
Added Room: Name=Sensor Overview
