Added Component: Designator=P1(MSTBA 2,5/10-G-5,08)
Add component. Clean all parameters for all variants
Add component (AddParameter): Name = "ComponentLink1Description"; Value = "http://www.farnell.com/datasheets/1702208.pdf"; VariantName = "[No Variations]"
Add component (AddParameter): Name = "ComponentLink1URL"; Value = "http://www.farnell.com/datasheets/1702208.pdf"; VariantName = "[No Variations]"
Add component (AddParameter): Name = "Description 1"; Value = "PHOENIX CONTACT - MSTBA 2,5/10-G-5,08-LR - TERMINAL BLOCK, HEADER, 10POS, TH"; VariantName = "[No Variations]"
Add component (AddParameter): Name = "Manufacturer 1"; Value = "PHOENIX CONTACT"; VariantName = "[No Variations]"
Add component (AddParameter): Name = "Manufacturer Part Number"; Value = "MSTBA 2,5/10-G-5,08-LR"; VariantName = "[No Variations]"
Add component (AddParameter): Name = "Pricing 1"; Value = "1=3.07, 100=2.89, 250=2.67, 500=2.55, 1000=2.27 (USD)"; VariantName = "[No Variations]"
Add component (AddParameter): Name = "RoHS"; Value = "YES"; VariantName = "[No Variations]"
Add component (AddParameter): Name = "Stock 1"; Value = "37"; VariantName = "[No Variations]"
Add component (AddParameter): Name = "Supplier 1"; Value = "Newark"; VariantName = "[No Variations]"
Add component (AddParameter): Name = "Supplier Part Number 1"; Value = "88W5041"; VariantName = "[No Variations]"
Add component (AddParameter): Name = "URL"; Value = "http://www.mouser.com/ProductDetail/Phoenix-Contact/1792708/?qs=sGAEpiMZZMsDddcp1dBDJI66tvLKBAoKnRJwuCPjeJk%3d"; VariantName = "[No Variations]"
Added Pin To Net: NetName=GND Pin=P1-1
Added Pin To Net: NetName=IMU_RX Pin=P1-2
Added Pin To Net: NetName=IMU_TX Pin=P1-3
Added Pin To Net: NetName=SDA Pin=P1-4
Added Pin To Net: NetName=SCL Pin=P1-5
Added Pin To Net: NetName=5V Pin=P1-6
Added Pin To Net: NetName=9V Pin=P1-7
Added Pin To Net: NetName=ACOUSTICS_TX Pin=P1-8
Added Pin To Net: NetName=ACOUSTICS_RX Pin=P1-9
Added Pin To Net: NetName=GND Pin=P1-10
Added Member To Class: ClassName=Sensor Overview Member=Component P1 MSTBA 2,5/10-G-5,08
