Added Component: Designator=U1(PCA9306-SO8)
Added Component: Designator=X3(1x2 Header)
Added Component: Designator=X4(1x2 Header)
Added Pin To Net: NetName=3V3 Pin=U1-VREF1
Added Net: Name=3V3
Added Net: Name=5V_DEPTH
Added Net: Name=5V
Added Net: Name=9V
Added Pin To Net: NetName=GND Pin=U1-GND
Added Net: Name=GND
Added Pin To Net: NetName=NetR1_1 Pin=U1-EN
Added Pin To Net: NetName=NetR1_1 Pin=U1-VREF2
Added Net: Name=NetR1_1
Added Pin To Net: NetName=NetR4_1 Pin=U1-SCL2
Added Net: Name=NetR4_1
Added Pin To Net: NetName=NetR5_1 Pin=U1-SDA2
Added Net: Name=NetR5_1
Added Net: Name=NetU2_AIN
Added Pin To Net: NetName=NetX3_1 Pin=X3-1
Added Pin To Net: NetName=NetX3_1 Pin=X4-2
Added Net: Name=NetX3_1
Added Pin To Net: NetName=NetX3_2 Pin=X3-2
Added Pin To Net: NetName=NetX3_2 Pin=X4-1
Added Net: Name=NetX3_2
Added Pin To Net: NetName=SCL Pin=U1-SCL1
Added Net: Name=SCL
Added Pin To Net: NetName=SDA Pin=U1-SDA1
Added Net: Name=SDA
Added Class: Name=Sensor Overview
Added Room: Name=Sensor Overview
