Removed Pin From Net: NetName=5V Pin=X5-1
Removed Pin From Net: NetName=GND Pin=X5-2
Removed Pin From Net: NetName=ACOUSTICS_TX Pin=X5-3
Removed Pin From Net: NetName=SCL Pin=X5-4
Removed Pin From Net: NetName=ACOUSTICS_RX Pin=X5-5
Removed Pin From Net: NetName=SDA Pin=X5-6
Removed Pin From Net: NetName=9V Pin=X5-7
Removed Pin From Net: NetName=3V3 Pin=X5-8
Removed Pin From Net: NetName=IMU_TX Pin=X5-10
Removed Pin From Net: NetName=IMU_RX Pin=X5-12
Added Pin To Net: NetName=5V Pin=X5-3
Added Pin To Net: NetName=GND Pin=X5-4
Added Pin To Net: NetName=ACOUSTICS_TX Pin=X5-5
Added Pin To Net: NetName=SCL Pin=X5-6
Added Pin To Net: NetName=ACOUSTICS_RX Pin=X5-7
Added Pin To Net: NetName=SDA Pin=X5-8
Added Pin To Net: NetName=9V Pin=X5-9
Added Pin To Net: NetName=3V3 Pin=X5-10
Added Pin To Net: NetName=IMU_TX Pin=X5-12
Added Pin To Net: NetName=IMU_RX Pin=X5-14
