Change Component Designator: OldDesignator=C4 NewDesignator=C1C
Change Component Designator: OldDesignator=C5 NewDesignator=C2C
Change Component Designator: OldDesignator=C6 NewDesignator=C3C
Change Component Designator: OldDesignator=C7 NewDesignator=C4C
Change Component Designator: OldDesignator=C8 NewDesignator=C5C
Change Component Designator: OldDesignator=C9 NewDesignator=C6C
Change Component Designator: OldDesignator=C10 NewDesignator=C7C
Change Component Designator: OldDesignator=C11 NewDesignator=C8C
Change Component Designator: OldDesignator=C12 NewDesignator=C9C
Change Component Designator: OldDesignator=C13 NewDesignator=C10C
Change Component Designator: OldDesignator=C14 NewDesignator=C11C
Change Component Designator: OldDesignator=C15 NewDesignator=C12C
Change Component Designator: OldDesignator=D3 NewDesignator=D1C
Change Component Designator: OldDesignator=F1 NewDesignator=F1C
Change Component Designator: OldDesignator=H2 NewDesignator=H1C
Change Component Designator: OldDesignator=L1 NewDesignator=L1C
Change Component Designator: OldDesignator=P9 NewDesignator=P1C
Change Component Designator: OldDesignator=PSU1 NewDesignator=PSU1C
Change Component Designator: OldDesignator=R10 NewDesignator=R1C
Change Component Designator: OldDesignator=R11 NewDesignator=R2C
Change Component Designator: OldDesignator=R12 NewDesignator=R3C
Change Component Designator: OldDesignator=R13 NewDesignator=R4C
Change Component Designator: OldDesignator=U6 NewDesignator=U1C
Change Component Designator: OldDesignator=U7 NewDesignator=U2C
Change Net Name : Old Net Name=NetC4_1 New Net Name=NetC1C_1
Change Net Name : Old Net Name=NetC5_1 New Net Name=NetC2C_1
Change Net Name : Old Net Name=NetC7_1 New Net Name=NetC4C_1
Change Net Name : Old Net Name=NetC8_1 New Net Name=NetC5C_1
Change Net Name : Old Net Name=NetC8_2 New Net Name=NetC5C_2
Change Net Name : Old Net Name=NetC9_1 New Net Name=NetC6C_1
Change Net Name : Old Net Name=NetC13_1 New Net Name=NetC10C_1
Change Net Name : Old Net Name=NetC13_2 New Net Name=NetC10C_2
Change Net Name : Old Net Name=NetC15_1 New Net Name=NetC12C_1
Change Net Name : Old Net Name=NetF1_2 New Net Name=NetF1C_2
Change Net Name : Old Net Name=NetP9_2 New Net Name=NetP1C_2
Change Net Name : Old Net Name=NetPSU1_4 New Net Name=NetPSU1C_4
Change Net Name : Old Net Name=NetR11_1 New Net Name=NetR2C_1
Added Room: Name=Power Distribution Board
