Removed Pin From Net: NetName=GND Pin=R1C-1
Removed Pin From Net: NetName=NetPSU1C_4 Pin=R1C-2
Change Component Footprint: Designator=C11C Old Footprint=C0805 New Footprint=C0402
Change Component Footprint: Designator=C3C Old Footprint=C0805 New Footprint=C0603
Change Component Footprint: Designator=C4C Old Footprint=C0805 New Footprint=C0603
Change Component Footprint: Designator=C5C Old Footprint=C0805 New Footprint=C0603
Change Component Footprint: Designator=C9C Old Footprint=C0805 New Footprint=C0603
Change Component Footprint: Designator=C10C Old Footprint=C0805 New Footprint=C0603
Change Component Footprint: Designator=C12C Old Footprint=C0805 New Footprint=C0603
Change Component Footprint: Designator=C6C Old Footprint=C1206 New Footprint=C1210
Change Component Footprint: Designator=R1C Old Footprint=R0805 New Footprint=R0402
Change Component Footprint: Designator=R2C Old Footprint=R0805 New Footprint=R0603
Change Component Footprint: Designator=R3C Old Footprint=R0805 New Footprint=R0603
Change Component Footprint: Designator=R4C Old Footprint=R0805 New Footprint=R0603
Change Component Comment : Designator=C9C Old Comment=Cap New Comment=0.01uF, C0603, AVX
Change Component Comment : Designator=C12C Old Comment=Cap New Comment=0.01uF, C0603, AVX
Change Component Comment : Designator=C3C Old Comment=Cap New Comment=0.1uF, C0603, MultiComp
Change Component Comment : Designator=C4C Old Comment=Cap New Comment=0.1uF, C0603, MultiComp
Change Component Comment : Designator=C5C Old Comment=Cap New Comment=0.1uF, C0603, MultiComp
Change Component Comment : Designator=C7C Old Comment=Cap New Comment=4.7uF, C0805, Multicomp
Change Component Comment : Designator=C8C Old Comment=Cap New Comment=4.7uF, C0805, Multicomp
Change Component Comment : Designator=C6C Old Comment=Cap New Comment=33uF, 6.3V, C1210, TDK
Change Component Comment : Designator=C11C Old Comment=Cap New Comment=47pF, 50V, C0402, Yageo
Change Component Comment : Designator=C10C Old Comment=Cap New Comment=1800pF, 50V, C0603, Multicomp
Change Component Comment : Designator=F1C Old Comment=Fuse New Comment=3569TR
Change Component Comment : Designator=P1C Old Comment=Header 6 New Comment=MSTBA 2,5/ 6-G-5,08
Change Component Comment : Designator=C2C Old Comment=TY 2.2uF, Ceramic MLCC New Comment=2.2uF, C1206 TY , Ceramic MLCC
Added Pin To Net: NetName=NetPSU1C_4 Pin=R1C-1
Added Pin To Net: NetName=GND Pin=R1C-2
