Added Component: Designator=R1(R0402)
Added Component: Designator=R2(R0402)
Added Component: Designator=U7(AP331AWR)
Added Component: Designator=X1(1x3 Header)
Added Pin To Net: NetName=3V3 Pin=U7-5
Added Pin To Net: NetName=3V3 Pin=X1-1
Added Net: Name=3V3
Added Pin To Net: NetName=GND Pin=R2-1
Added Pin To Net: NetName=GND Pin=U7-2
Added Pin To Net: NetName=GND Pin=X1-3
Added Net: Name=GND
Added Pin To Net: NetName=NetR1_1 Pin=R1-1
Added Pin To Net: NetName=NetR1_1 Pin=R2-2
Added Pin To Net: NetName=NetR1_1 Pin=U7-1
Added Net: Name=NetR1_1
Added Pin To Net: NetName=NetR1_2 Pin=R1-2
Added Pin To Net: NetName=NetR1_2 Pin=U7-4
Added Net: Name=NetR1_2
Added Pin To Net: NetName=NetU7_1 Pin=U7-3
Added Pin To Net: NetName=NetU7_1 Pin=X1-2
Added Net: Name=NetU7_1
Added Class: Name=Pneumatics Board
Added Room: Name=Pneumatics Board
