Added Pin To Net: NetName=5V Pin=X1-12
Added Pin To Net: NetName=GND Pin=X1-14
Added Pin To Net: NetName=NetP1_3 Pin=P1-3
Added Pin To Net: NetName=NetP1_3 Pin=X1-11
Added Net: Name=NetP1_3
Added Pin To Net: NetName=NetP2_3 Pin=P2-3
Added Pin To Net: NetName=NetP2_3 Pin=X1-10
Added Net: Name=NetP2_3
Added Pin To Net: NetName=NetP3_3 Pin=P3-3
Added Pin To Net: NetName=NetP3_3 Pin=X1-9
Added Net: Name=NetP3_3
Added Pin To Net: NetName=NetP4_3 Pin=P4-3
Added Pin To Net: NetName=NetP4_3 Pin=X1-8
Added Net: Name=NetP4_3
Added Pin To Net: NetName=NetP5_3 Pin=P5-3
Added Pin To Net: NetName=NetP5_3 Pin=X1-7
Added Net: Name=NetP5_3
Added Pin To Net: NetName=NetP6_3 Pin=P6-3
Added Pin To Net: NetName=NetP6_3 Pin=X1-6
Added Net: Name=NetP6_3
