Removed Pin From Net: NetName=NetC20_1 Pin=C20-1
Removed Pin From Net: NetName=3V3 Pin=C21-1
Removed Pin From Net: NetName=GND Pin=C21-2
Removed Pin From Net: NetName=3V3 Pin=C22-1
Removed Pin From Net: NetName=GND Pin=C22-2
Removed Pin From Net: NetName=3V3 Pin=C23-1
Removed Pin From Net: NetName=GND Pin=C23-2
Removed Pin From Net: NetName=3V3 Pin=C24-1
Removed Pin From Net: NetName=GND Pin=C24-2
Removed Pin From Net: NetName=3V3 Pin=R5-2
Removed Pin From Net: NetName=SCL Pin=R8-1
Removed Pin From Net: NetName=3V3 Pin=R8-2
Removed Pin From Net: NetName=SDA Pin=R9-1
Removed Pin From Net: NetName=3V3 Pin=R9-2
Removed Pin From Net: NetName=GND Pin=U3-8
Removed Pin From Net: NetName=3V3 Pin=U3-9
Removed Pin From Net: NetName=NetU2_26 Pin=U3-16
Removed Pin From Net: NetName=GND Pin=U3-18
Removed Pin From Net: NetName=3V3 Pin=U3-19
Removed Pin From Net: NetName=SDA Pin=U3-28
Removed Pin From Net: NetName=SCL Pin=U3-29
Removed Pin From Net: NetName=GND Pin=U3-30
Removed Pin From Net: NetName=3V3 Pin=U3-31
Removed Pin From Net: NetName=GND Pin=U3-38
Removed Pin From Net: NetName=3V3 Pin=U3-39
Removed Pin From Net: NetName=3V3 Pin=X3-2
Removed Pin From Net: NetName=GND Pin=X3-6
Change Net Name : Old Net Name=NetC20_1 New Net Name=NetU2_21
Change Net Name : Old Net Name=SCL New Net Name=NetX2_14
Change Net Name : Old Net Name=SDA New Net Name=NetX2_16
