Change Component Designator: OldDesignator=C1 NewDesignator=C6D
Change Component Designator: OldDesignator=C2 NewDesignator=C7D
Change Component Designator: OldDesignator=C3 NewDesignator=C8D
Change Component Designator: OldDesignator=C4 NewDesignator=C9D
Change Component Designator: OldDesignator=C5 NewDesignator=C10D
Change Component Designator: OldDesignator=C6 NewDesignator=C11D
Change Component Designator: OldDesignator=C7 NewDesignator=C12D
Change Component Designator: OldDesignator=C8 NewDesignator=C13D
Change Component Designator: OldDesignator=C9 NewDesignator=C14D
Change Component Designator: OldDesignator=C10 NewDesignator=C15D
Change Component Designator: OldDesignator=C11 NewDesignator=C16D
Change Component Designator: OldDesignator=C12 NewDesignator=C17D
Change Component Designator: OldDesignator=C13 NewDesignator=C18D
Change Component Designator: OldDesignator=C14 NewDesignator=C19D
Change Component Designator: OldDesignator=C15 NewDesignator=C20D
Change Component Designator: OldDesignator=C16 NewDesignator=C21D
Change Component Designator: OldDesignator=C17 NewDesignator=C22D
Change Component Designator: OldDesignator=C18 NewDesignator=C23D
Change Component Designator: OldDesignator=C19 NewDesignator=C24D
Change Component Designator: OldDesignator=C20 NewDesignator=C1D
Change Component Designator: OldDesignator=C21 NewDesignator=C2D
Change Component Designator: OldDesignator=C22 NewDesignator=C3D
Change Component Designator: OldDesignator=C23 NewDesignator=C4D
Change Component Designator: OldDesignator=C24 NewDesignator=C5D
Change Component Designator: OldDesignator=L1 NewDesignator=L1D
Change Component Designator: OldDesignator=L2 NewDesignator=L2D
Change Component Designator: OldDesignator=R1 NewDesignator=R6D
Change Component Designator: OldDesignator=R2 NewDesignator=R7D
Change Component Designator: OldDesignator=R3 NewDesignator=R8D
Change Component Designator: OldDesignator=R4 NewDesignator=R9D
Change Component Designator: OldDesignator=R5 NewDesignator=R1D
Change Component Designator: OldDesignator=R6 NewDesignator=R2D
Change Component Designator: OldDesignator=R7 NewDesignator=R3D
Change Component Designator: OldDesignator=R8 NewDesignator=R4D
Change Component Designator: OldDesignator=R9 NewDesignator=R5D
Change Component Designator: OldDesignator=U1 NewDesignator=U2D
Change Component Designator: OldDesignator=U2 NewDesignator=U3D
Change Component Designator: OldDesignator=U3 NewDesignator=U1D
Change Component Designator: OldDesignator=X1 NewDesignator=X2D
Change Component Designator: OldDesignator=X2 NewDesignator=X3D
Change Component Designator: OldDesignator=X3 NewDesignator=X1D
Change Component Designator: OldDesignator=Y1 NewDesignator=Y1D
Added Component: Designator=H1D(Holes - 1.0 Inch)
Change Net Name : Old Net Name=NetC1_1 New Net Name=NetC6D_1
Change Net Name : Old Net Name=NetC2_1 New Net Name=NetC7D_1
Change Net Name : Old Net Name=NetC5_1 New Net Name=NetC10D_1
Change Net Name : Old Net Name=NetC5_2 New Net Name=NetC10D_2
Change Net Name : Old Net Name=NetC6_1 New Net Name=NetC11D_1
Change Net Name : Old Net Name=NetC8_1 New Net Name=NetC13D_1
Change Net Name : Old Net Name=NetC8_2 New Net Name=NetC13D_2
Change Net Name : Old Net Name=NetC9_1 New Net Name=NetC14D_1
Change Net Name : Old Net Name=NetC11_1 New Net Name=NetC16D_1
Change Net Name : Old Net Name=NetC12_1 New Net Name=NetC17D_1
Change Net Name : Old Net Name=NetC20_1 New Net Name=NetC1D_1
Change Net Name : Old Net Name=NetC20_2 New Net Name=NetC1D_2
Change Net Name : Old Net Name=NetR1_1 New Net Name=NetR6D_1
Change Net Name : Old Net Name=NetR1_2 New Net Name=NetR6D_2
Change Net Name : Old Net Name=NetR2_2 New Net Name=NetR7D_2
Change Net Name : Old Net Name=NetR4_1 New Net Name=NetR9D_1
Change Net Name : Old Net Name=NetR6_1 New Net Name=NetR2D_1
Change Net Name : Old Net Name=NetR6_2 New Net Name=NetR2D_2
Change Net Name : Old Net Name=NetR7_2 New Net Name=NetR3D_2
Change Net Name : Old Net Name=NetU1_11 New Net Name=NetU2D_11
Change Net Name : Old Net Name=NetU1_12 New Net Name=NetU2D_12
Change Net Name : Old Net Name=NetU2_7 New Net Name=NetU3D_7
Change Net Name : Old Net Name=NetU2_8 New Net Name=NetU3D_8
Change Net Name : Old Net Name=NetU2_26 New Net Name=NetU1D_16
Change Net Name : Old Net Name=NetU2_27 New Net Name=NetU1D_17
Added Member To Class: ClassName=USB to Serial Member=Component H1D Holes - x inch
