Removed Pin From Net: NetName=NetU2_27 Pin=U3-17
Added Component: Designator=C1(C0805)
Added Component: Designator=C2(C0805)
Added Component: Designator=C3(C0805)
Added Component: Designator=C4(C0805)
Added Component: Designator=C5(C0805)
Added Component: Designator=C6(C0805)
Added Component: Designator=C7(C0805)
Added Component: Designator=C8(C0805)
Added Component: Designator=C9(C0805)
Added Component: Designator=C10(C0805)
Added Component: Designator=C11(C0805)
Added Component: Designator=C12(C0805)
Added Component: Designator=C13(C0805)
Added Component: Designator=C14(C0805)
Added Component: Designator=C15(C0805)
Added Component: Designator=C16(C0805)
Added Component: Designator=C17(C0805)
Added Component: Designator=C18(C0805)
Added Component: Designator=C19(C0805)
Added Component: Designator=C20(C0805)
Added Component: Designator=C21(C0805)
Added Component: Designator=C22(C0805)
Added Component: Designator=C23(C0805)
Added Component: Designator=C24(C0805)
Added Component: Designator=L1(R0805)
Added Component: Designator=L2(R0805)
Added Component: Designator=R1(R0805)
Added Component: Designator=R3(R0805)
Added Component: Designator=R4(R0805)
Added Component: Designator=R5(R0805)
Added Component: Designator=R6(R0805)
Added Component: Designator=R7(R0805)
Added Component: Designator=R8(R0805)
Added Component: Designator=R9(R0805)
Added Component: Designator=X3(2x3 Header)
Added Component: Designator=Y1(9C-12.000MAAJ-HC49)
Added Pin To Net: NetName=NetC1_1 Pin=C1-1
Added Pin To Net: NetName=GND Pin=C1-2
Added Pin To Net: NetName=NetC2_1 Pin=C2-1
Added Pin To Net: NetName=GND Pin=C2-2
Added Pin To Net: NetName=NetC1_1 Pin=C3-1
Added Pin To Net: NetName=GND Pin=C3-2
Added Pin To Net: NetName=NetC2_1 Pin=C4-1
Added Pin To Net: NetName=GND Pin=C4-2
Added Pin To Net: NetName=NetC5_1 Pin=C5-1
Added Pin To Net: NetName=NetC5_2 Pin=C5-2
Added Pin To Net: NetName=NetC6_1 Pin=C6-1
Added Pin To Net: NetName=GND Pin=C6-2
Added Pin To Net: NetName=3V3 Pin=C7-1
Added Pin To Net: NetName=GND Pin=C7-2
Added Pin To Net: NetName=NetC8_1 Pin=C8-1
Added Pin To Net: NetName=NetC8_2 Pin=C8-2
Added Pin To Net: NetName=NetC9_1 Pin=C9-1
Added Pin To Net: NetName=GND Pin=C9-2
Added Pin To Net: NetName=3V3 Pin=C10-1
Added Pin To Net: NetName=GND Pin=C10-2
Added Pin To Net: NetName=NetC11_1 Pin=C11-1
Added Pin To Net: NetName=GND Pin=C11-2
Added Pin To Net: NetName=NetC12_1 Pin=C12-1
Added Pin To Net: NetName=GND Pin=C12-2
Added Pin To Net: NetName=1V8 Pin=C13-1
Added Pin To Net: NetName=GND Pin=C13-2
Added Pin To Net: NetName=1V8 Pin=C14-1
Added Pin To Net: NetName=GND Pin=C14-2
Added Pin To Net: NetName=1V8 Pin=C15-1
Added Pin To Net: NetName=GND Pin=C15-2
Added Pin To Net: NetName=3V3 Pin=C16-1
Added Pin To Net: NetName=GND Pin=C16-2
Added Pin To Net: NetName=3V3 Pin=C17-1
Added Pin To Net: NetName=GND Pin=C17-2
Added Pin To Net: NetName=3V3 Pin=C18-1
Added Pin To Net: NetName=GND Pin=C18-2
Added Pin To Net: NetName=3V3 Pin=C19-1
Added Pin To Net: NetName=GND Pin=C19-2
Added Pin To Net: NetName=NetC20_1 Pin=C20-1
Added Pin To Net: NetName=NetC20_2 Pin=C20-2
Added Pin To Net: NetName=3V3 Pin=C21-1
Added Pin To Net: NetName=GND Pin=C21-2
Added Pin To Net: NetName=3V3 Pin=C22-1
Added Pin To Net: NetName=GND Pin=C22-2
Added Pin To Net: NetName=3V3 Pin=C23-1
Added Pin To Net: NetName=GND Pin=C23-2
Added Pin To Net: NetName=3V3 Pin=C24-1
Added Pin To Net: NetName=GND Pin=C24-2
Added Pin To Net: NetName=NetC2_1 Pin=L1-1
Added Pin To Net: NetName=3V3 Pin=L1-2
Added Pin To Net: NetName=NetC1_1 Pin=L2-1
Added Pin To Net: NetName=3V3 Pin=L2-2
Added Pin To Net: NetName=NetR1_1 Pin=R1-1
Added Pin To Net: NetName=NetR1_2 Pin=R1-2
Added Pin To Net: NetName=GND Pin=R3-1
Added Pin To Net: NetName=NetR1_1 Pin=R3-2
Added Pin To Net: NetName=NetR4_1 Pin=R4-1
Added Pin To Net: NetName=GND Pin=R4-2
Added Pin To Net: NetName=NetC20_2 Pin=R5-1
Added Pin To Net: NetName=3V3 Pin=R5-2
Added Pin To Net: NetName=NetR6_1 Pin=R6-1
Added Pin To Net: NetName=NetR6_2 Pin=R6-2
Added Pin To Net: NetName=NetC20_2 Pin=R7-1
Added Pin To Net: NetName=NetR7_2 Pin=R7-2
Added Pin To Net: NetName=SCL Pin=R8-1
Added Pin To Net: NetName=3V3 Pin=R8-2
Added Pin To Net: NetName=SDA Pin=R9-1
Added Pin To Net: NetName=3V3 Pin=R9-2
Added Pin To Net: NetName=NetR6_2 Pin=X3-1
Added Pin To Net: NetName=3V3 Pin=X3-2
Added Pin To Net: NetName=NetR7_2 Pin=X3-5
Added Pin To Net: NetName=GND Pin=X3-6
Added Pin To Net: NetName=NetC12_1 Pin=Y1-1
Added Pin To Net: NetName=NetC11_1 Pin=Y1-2
Added Pin To Net: NetName=NetU3_17 Pin=U3-17
Added Net: Name=NetU3_17
Added Member To Class: ClassName=USB to Serial Member=Component C1 Cap
Added Member To Class: ClassName=USB to Serial Member=Component C2 Cap
Added Member To Class: ClassName=USB to Serial Member=Component C3 Cap
Added Member To Class: ClassName=USB to Serial Member=Component C4 Cap
Added Member To Class: ClassName=USB to Serial Member=Component C5 Cap
Added Member To Class: ClassName=USB to Serial Member=Component C6 Cap
Added Member To Class: ClassName=USB to Serial Member=Component C7 Cap
Added Member To Class: ClassName=USB to Serial Member=Component C8 Cap
Added Member To Class: ClassName=USB to Serial Member=Component C9 Cap
Added Member To Class: ClassName=USB to Serial Member=Component C10 Cap
Added Member To Class: ClassName=USB to Serial Member=Component C11 Cap
Added Member To Class: ClassName=USB to Serial Member=Component C12 Cap
Added Member To Class: ClassName=USB to Serial Member=Component C13 Cap
Added Member To Class: ClassName=USB to Serial Member=Component C14 Cap
Added Member To Class: ClassName=USB to Serial Member=Component C15 Cap
Added Member To Class: ClassName=USB to Serial Member=Component C16 Cap
Added Member To Class: ClassName=USB to Serial Member=Component C17 Cap
Added Member To Class: ClassName=USB to Serial Member=Component C18 Cap
Added Member To Class: ClassName=USB to Serial Member=Component C19 Cap
Added Member To Class: ClassName=ATXMega32 Master Member=Component C20 Cap
Added Member To Class: ClassName=ATXMega32 Master Member=Component C21 Cap
Added Member To Class: ClassName=ATXMega32 Master Member=Component C22 Cap
Added Member To Class: ClassName=ATXMega32 Master Member=Component C23 Cap
Added Member To Class: ClassName=ATXMega32 Master Member=Component C24 Cap
Added Member To Class: ClassName=USB to Serial Member=Component L1 Inductor
Added Member To Class: ClassName=USB to Serial Member=Component L2 Inductor
Added Member To Class: ClassName=USB to Serial Member=Component R1 Resistor
Added Member To Class: ClassName=USB to Serial Member=Component R3 Resistor
Added Member To Class: ClassName=USB to Serial Member=Component R4 Resistor
Added Member To Class: ClassName=ATXMega32 Master Member=Component R5 Resistor
Added Member To Class: ClassName=ATXMega32 Master Member=Component R6 Resistor
Added Member To Class: ClassName=ATXMega32 Master Member=Component R7 Resistor
Added Member To Class: ClassName=ATXMega32 Master Member=Component R8 Resistor
Added Member To Class: ClassName=ATXMega32 Master Member=Component R9 Resistor
Added Member To Class: ClassName=ATXMega32 Master Member=Component X3 Header
Added Member To Class: ClassName=USB to Serial Member=Component Y1 9C-12.000MAAJ
