Added Component: Designator=U2(FT4232H-LQFP64)
Added Component: Designator=U3(ATxmegaA4-TQFP44)
Added Component: Designator=X1(UX60-MB-5ST)
Added Component: Designator=X2(M50-4301045)
Added Pin To Net: NetName=1V8 Pin=U2-12
Added Pin To Net: NetName=1V8 Pin=U2-37
Added Pin To Net: NetName=1V8 Pin=U2-49
Added Pin To Net: NetName=1V8 Pin=U2-64
Added Net: Name=1V8
Added Pin To Net: NetName=3V3 Pin=U2-20
Added Pin To Net: NetName=3V3 Pin=U2-31
Added Pin To Net: NetName=3V3 Pin=U2-42
Added Pin To Net: NetName=3V3 Pin=U2-50
Added Pin To Net: NetName=3V3 Pin=U2-56
Added Pin To Net: NetName=3V3 Pin=U3-9
Added Pin To Net: NetName=3V3 Pin=U3-19
Added Pin To Net: NetName=3V3 Pin=U3-31
Added Pin To Net: NetName=3V3 Pin=U3-39
Added Pin To Net: NetName=3V3 Pin=X2-2
Added Net: Name=3V3
Added Pin To Net: NetName=GND Pin=U2-1
Added Pin To Net: NetName=GND Pin=U2-5
Added Pin To Net: NetName=GND Pin=U2-10
Added Pin To Net: NetName=GND Pin=U2-11
Added Pin To Net: NetName=GND Pin=U2-13
Added Pin To Net: NetName=GND Pin=U2-15
Added Pin To Net: NetName=GND Pin=U2-25
Added Pin To Net: NetName=GND Pin=U2-35
Added Pin To Net: NetName=GND Pin=U2-47
Added Pin To Net: NetName=GND Pin=U2-51
Added Pin To Net: NetName=GND Pin=U3-8
Added Pin To Net: NetName=GND Pin=U3-18
Added Pin To Net: NetName=GND Pin=U3-30
Added Pin To Net: NetName=GND Pin=U3-38
Added Pin To Net: NetName=GND Pin=X1-5
Added Pin To Net: NetName=GND Pin=X2-4
Added Net: Name=GND
Added Pin To Net: NetName=NetC1_1 Pin=U2-4
Added Net: Name=NetC1_1
Added Pin To Net: NetName=NetC2_1 Pin=U2-9
Added Net: Name=NetC2_1
Added Net: Name=NetC5_1
Added Net: Name=NetC5_2
Added Net: Name=NetC6_1
Added Net: Name=NetC8_1
Added Net: Name=NetC8_2
Added Net: Name=NetC9_1
Added Pin To Net: NetName=NetC11_1 Pin=U2-2
Added Net: Name=NetC11_1
Added Pin To Net: NetName=NetC12_1 Pin=U2-3
Added Net: Name=NetC12_1
Added Pin To Net: NetName=NetC20_1 Pin=U2-21
Added Net: Name=NetC20_1
Added Pin To Net: NetName=NetC20_2 Pin=U3-35
Added Net: Name=NetC20_2
Added Net: Name=NetR1_1
Added Pin To Net: NetName=NetR1_2 Pin=X1-1
Added Net: Name=NetR1_2
Added Pin To Net: NetName=NetR2_2 Pin=U2-14
Added Net: Name=NetR2_2
Added Pin To Net: NetName=NetR4_1 Pin=U2-6
Added Net: Name=NetR4_1
Added Pin To Net: NetName=NetR6_1 Pin=U3-34
Added Net: Name=NetR6_1
Added Net: Name=NetR6_2
Added Net: Name=NetR7_2
Added Pin To Net: NetName=NetU1_11 Pin=U2-16
Added Net: Name=NetU1_11
Added Pin To Net: NetName=NetU1_12 Pin=U2-17
Added Net: Name=NetU1_12
Added Pin To Net: NetName=NetU2_7 Pin=U2-7
Added Pin To Net: NetName=NetU2_7 Pin=X1-2
Added Net: Name=NetU2_7
Added Pin To Net: NetName=NetU2_8 Pin=U2-8
Added Pin To Net: NetName=NetU2_8 Pin=X1-3
Added Net: Name=NetU2_8
Added Pin To Net: NetName=NetU2_26 Pin=U2-26
Added Pin To Net: NetName=NetU2_26 Pin=U3-16
Added Net: Name=NetU2_26
Added Pin To Net: NetName=NetU2_27 Pin=U2-27
Added Pin To Net: NetName=NetU2_27 Pin=U3-17
Added Net: Name=NetU2_27
Added Pin To Net: NetName=SCL Pin=U3-29
Added Pin To Net: NetName=SCL Pin=X2-14
Added Net: Name=SCL
Added Pin To Net: NetName=SDA Pin=U3-28
Added Pin To Net: NetName=SDA Pin=X2-16
Added Net: Name=SDA
Added Pin To Net: NetName=UART_RX1 Pin=X2-12
Added Net: Name=UART_RX1
Added Pin To Net: NetName=UART_RXA Pin=U2-39
Added Pin To Net: NetName=UART_RXA Pin=X2-8
Added Net: Name=UART_RXA
Added Pin To Net: NetName=UART_TX1 Pin=X2-10
Added Net: Name=UART_TX1
Added Pin To Net: NetName=UART_TXA Pin=U2-38
Added Pin To Net: NetName=UART_TXA Pin=X2-6
Added Net: Name=UART_TXA
Added Class: Name=ATXMega32 Master
Added Class: Name=USB to Serial
Added Room: Name=ATXMega32 Master
Added Room: Name=USB to Serial
