Removed Pin From Net: NetName=1V8 Pin=C11D-1
Removed Pin From Net: NetName=GND Pin=C11D-2
Removed Pin From Net: NetName=NetC12D_2 Pin=C12D-2
Removed Pin From Net: NetName=NetC13D_1 Pin=C13D-1
Removed Pin From Net: NetName=GND Pin=C15D-1
Removed Pin From Net: NetName=3V3 Pin=C15D-2
Removed Pin From Net: NetName=NetC16D_1 Pin=C16D-1
Removed Pin From Net: NetName=GND Pin=C16D-2
Removed Pin From Net: NetName=NetC17D_1 Pin=C17D-1
Removed Pin From Net: NetName=GND Pin=C17D-2
Removed Pin From Net: NetName=NetC2D_2 Pin=R1D-1
Removed Pin From Net: NetName=NetC2D_2 Pin=R3D-1
Removed Pin From Net: NetName=NetR3D_2 Pin=R3D-2
Removed Pin From Net: NetName=NetR9D_1 Pin=R9D-1
Removed Pin From Net: NetName=GND Pin=R9D-2
Removed Pin From Net: NetName=NetR2D_1 Pin=U2D-34
Removed Pin From Net: NetName=NetC2D_2 Pin=U2D-35
Removed Pin From Net: NetName=NetC12D_1 Pin=U3D-4
Removed Pin From Net: NetName=NetC13D_1 Pin=U3D-6
Removed Pin From Net: NetName=NetC2D_1 Pin=U4D-21
Removed Pin From Net: NetName=NetR2D_2 Pin=X1D-1
Change Component Footprint: Designator=C2D Old Footprint=C0805 New Footprint=C0603
Change Component Footprint: Designator=C6D Old Footprint=C0805 New Footprint=C0603
Change Component Footprint: Designator=C7D Old Footprint=C0805 New Footprint=C0603
Change Component Footprint: Designator=C8D Old Footprint=C0805 New Footprint=C0603
Change Component Footprint: Designator=C9D Old Footprint=C0805 New Footprint=C0603
Change Component Footprint: Designator=C10D Old Footprint=C0805 New Footprint=C0603
Change Component Footprint: Designator=C11D Old Footprint=C0805 New Footprint=C0603
Change Component Footprint: Designator=C12D Old Footprint=C0805 New Footprint=C0603
Change Component Footprint: Designator=C16D Old Footprint=C0805 New Footprint=C0603
Change Component Footprint: Designator=C17D Old Footprint=C0805 New Footprint=C0603
Change Component Footprint: Designator=R1D Old Footprint=R0805 New Footprint=R0603
Change Component Footprint: Designator=R2D Old Footprint=R0805 New Footprint=R0603
Change Component Footprint: Designator=R3D Old Footprint=R0805 New Footprint=R0603
Change Component Footprint: Designator=R4D Old Footprint=R0805 New Footprint=R0603
Change Component Footprint: Designator=R5D Old Footprint=R0805 New Footprint=R0603
Change Component Footprint: Designator=R6D Old Footprint=R0805 New Footprint=R0603
Change Component Footprint: Designator=R7D Old Footprint=R0805 New Footprint=R0603
Change Component Footprint: Designator=R8D Old Footprint=R0805 New Footprint=R0603
Change Component Footprint: Designator=R9D Old Footprint=R0805 New Footprint=R0603
Change Component Comment : Designator=C2D Old Comment=Cap New Comment=0.1uF, C0603, MultiComp
Change Component Comment : Designator=C6D Old Comment=Cap New Comment=0.1uF, C0603, MultiComp
Change Component Comment : Designator=C7D Old Comment=Cap New Comment=0.1uF, C0603, MultiComp
Change Component Comment : Designator=C8D Old Comment=Cap New Comment=0.1uF, C0603, MultiComp
Change Component Comment : Designator=C9D Old Comment=Cap New Comment=0.1uF, C0603, MultiComp
Change Component Comment : Designator=C10D Old Comment=Cap New Comment=0.1uF, C0603, MultiComp
Change Component Comment : Designator=C11D Old Comment=Cap New Comment=0.1uF, C0603, MultiComp
Change Component Comment : Designator=C12D Old Comment=Cap New Comment=0.1uF, C0603, MultiComp
Change Component Comment : Designator=C3D Old Comment=Cap New Comment=0.47uF, C0805, TY
Change Component Comment : Designator=C13D Old Comment=Cap New Comment=0.47uF, C0805, TY
Change Component Comment : Designator=C14D Old Comment=Cap New Comment=0.47uF, C0805, TY
Change Component Comment : Designator=C4D Old Comment=Cap New Comment=4.7uF, C0805, Multicomp
Change Component Comment : Designator=C5D Old Comment=Cap New Comment=4.7uF, C0805, Multicomp
Change Component Comment : Designator=C15D Old Comment=Cap New Comment=4.7uF, C0805, Multicomp
Change Component Comment : Designator=C16D Old Comment=Cap New Comment=33pF, C0603, Multicomp
Change Component Comment : Designator=C17D Old Comment=Cap New Comment=33pF, C0603, Multicomp
Change Component Comment : Designator=X3D Old Comment=M50-4301045 New Comment=M50-4801045
Change Component Comment : Designator=U3D Old Comment=SP3232E New Comment=MAX3232 (SP3232E is obsolete)
Added Pin To Net: NetName=NetC13D_1 Pin=C11D-1
Added Pin To Net: NetName=NetC12D_2 Pin=C11D-2
Added Pin To Net: NetName=GND Pin=C12D-2
Added Pin To Net: NetName=1V8 Pin=C13D-1
Added Pin To Net: NetName=3V3 Pin=C15D-1
Added Pin To Net: NetName=GND Pin=C15D-2
Added Pin To Net: NetName=GND Pin=C16D-1
Added Pin To Net: NetName=NetC16D_1 Pin=C16D-2
Added Pin To Net: NetName=GND Pin=C17D-1
Added Pin To Net: NetName=NetC17D_1 Pin=C17D-2
Added Pin To Net: NetName=NetC2D_1 Pin=R1D-1
Added Pin To Net: NetName=NetR3D_2 Pin=R3D-1
Added Pin To Net: NetName=NetC2D_1 Pin=R3D-2
Added Pin To Net: NetName=GND Pin=R9D-1
Added Pin To Net: NetName=NetR9D_1 Pin=R9D-2
Added Pin To Net: NetName=NetR2D_2 Pin=U2D-34
Added Pin To Net: NetName=NetC2D_1 Pin=U2D-35
Added Pin To Net: NetName=NetC13D_1 Pin=U3D-4
Added Pin To Net: NetName=NetC12D_1 Pin=U3D-6
Added Pin To Net: NetName=NetC2D_2 Pin=U4D-21
Added Pin To Net: NetName=NetR2D_1 Pin=X1D-1
Change Net Name : Old Net Name=NetC12D_2 New Net Name=NetC11D_2
Change Net Name : Old Net Name=NetC13D_1 New Net Name=NetC11D_1
Change Net Name : Old Net Name=NetC16D_1 New Net Name=NetC16D_2
Change Net Name : Old Net Name=NetC17D_1 New Net Name=NetC17D_2
Change Net Name : Old Net Name=NetR3D_2 New Net Name=NetR3D_1
Change Net Name : Old Net Name=NetR9D_1 New Net Name=NetR9D_2
