Removed Pin From Net: NetName=UART->ACOUSTICS Pin=X3D-8
Removed Pin From Net: NetName=UART->ACOUSTICS Pin=X3D-9
Removed Pin From Net: NetName=UART<-ACOUSTICS Pin=X3D-10
Removed Pin From Net: NetName=UART<-ACOUSTICS Pin=X3D-11
Removed Pin From Net: NetName=UART3_TX Pin=X3D-12
Removed Pin From Net: NetName=UART3_TX Pin=X3D-13
Removed Pin From Net: NetName=UART3_RX Pin=X3D-14
Removed Pin From Net: NetName=UART3_RX Pin=X3D-15
Removed Pin From Net: NetName=NetU2D_4 Pin=X3D-16
Removed Pin From Net: NetName=NetU2D_4 Pin=X3D-17
Removed Pin From Net: NetName=NetU2D_3 Pin=X3D-18
Removed Pin From Net: NetName=NetU2D_3 Pin=X3D-19
Added Pin To Net: NetName=NetU2D_4 Pin=X3D-8
Added Pin To Net: NetName=NetU2D_4 Pin=X3D-9
Added Pin To Net: NetName=NetU2D_3 Pin=X3D-10
Added Pin To Net: NetName=NetU2D_3 Pin=X3D-11
Added Pin To Net: NetName=UART3_RX Pin=X3D-12
Added Pin To Net: NetName=UART3_TX Pin=X3D-14
Added Pin To Net: NetName=UART<-ACOUSTICS Pin=X3D-16
Added Pin To Net: NetName=UART->ACOUSTICS Pin=X3D-18
