Removed Pin From Net: NetName=UART_TXA Pin=U4D-38
Removed Pin From Net: NetName=UART_RXA Pin=U4D-39
Removed Pin From Net: NetName=3V3 Pin=X3D-2
Removed Pin From Net: NetName=GND Pin=X3D-4
Removed Pin From Net: NetName=UART_TXA Pin=X3D-6
Removed Pin From Net: NetName=UART_RXA Pin=X3D-8
Removed Pin From Net: NetName=UART->ACOUSTICS Pin=X3D-10
Removed Pin From Net: NetName=UART<-ACOUSTICS Pin=X3D-12
Removed Pin From Net: NetName=SCL Pin=X3D-14
Removed Pin From Net: NetName=SDA Pin=X3D-16
Added Pin To Net: NetName=UART->ACOUSTICS Pin=U4D-38
Added Pin To Net: NetName=UART<-ACOUSTICS Pin=U4D-39
Added Pin To Net: NetName=UART_TXA Pin=U4D-48
Added Pin To Net: NetName=UART_RXA Pin=U4D-52
Added Pin To Net: NetName=GND Pin=X3D-1
Added Pin To Net: NetName=5V Pin=X3D-2
Added Pin To Net: NetName=SCL Pin=X3D-4
Added Pin To Net: NetName=SDA Pin=X3D-6
Added Pin To Net: NetName=UART->ACOUSTICS Pin=X3D-8
Added Pin To Net: NetName=UART<-ACOUSTICS Pin=X3D-10
Added Pin To Net: NetName=UART_TXA Pin=X3D-12
Added Pin To Net: NetName=UART_RXA Pin=X3D-14
Change Net Name : Old Net Name=UART_RXA New Net Name=UART3_RX
Change Net Name : Old Net Name=UART_TXA New Net Name=UART3_TX
