Removed Pin From Net: NetName=UART<-ACOUSTICS Pin=X3D-17
Removed Pin From Net: NetName=UART->ACOUSTICS Pin=X3D-19
Change Component Designator: OldDesignator=C7D NewDesignator=C4D
Change Component Designator: OldDesignator=C8D NewDesignator=C5D
Change Component Designator: OldDesignator=C9D NewDesignator=C6D
Change Component Designator: OldDesignator=C10D NewDesignator=C7D
Change Component Designator: OldDesignator=C11D NewDesignator=C8D
Change Component Designator: OldDesignator=C12D NewDesignator=C9D
Change Component Designator: OldDesignator=C13D NewDesignator=C10D
Change Component Designator: OldDesignator=C14D NewDesignator=C12D
Change Component Designator: OldDesignator=C15D NewDesignator=C13D
Change Component Designator: OldDesignator=C16D NewDesignator=C15D
Change Component Designator: OldDesignator=C17D NewDesignator=C16D
Change Component Designator: OldDesignator=C18D NewDesignator=C17D
Change Component Designator: OldDesignator=C19D NewDesignator=C11D
Change Component Designator: OldDesignator=C22D NewDesignator=C14D
Added Pin To Net: NetName=NetU4D_7 Pin=X3D-17
Added Pin To Net: NetName=NetU4D_8 Pin=X3D-19
Change Net Name : Old Net Name=NetC7D_1 New Net Name=NetC4D_1
Change Net Name : Old Net Name=NetC8D_1 New Net Name=NetC5D_1
Change Net Name : Old Net Name=NetC11D_1 New Net Name=NetC8D_1
Change Net Name : Old Net Name=NetC11D_2 New Net Name=NetC8D_2
Change Net Name : Old Net Name=NetC12D_1 New Net Name=NetC9D_1
Change Net Name : Old Net Name=NetC14D_1 New Net Name=NetC12D_1
Change Net Name : Old Net Name=NetC14D_2 New Net Name=NetC12D_2
Change Net Name : Old Net Name=NetC15D_1 New Net Name=NetC13D_1
Change Net Name : Old Net Name=NetC17D_1 New Net Name=NetC16D_1
Change Net Name : Old Net Name=NetC18D_1 New Net Name=NetC17D_1
Added Room: Name=ATXMega32 Master
Added Room: Name=Serial Board Overview
